2025-09-23 22:15:02 INFO  [background-preinit] o.h.validator.internal.util.Version - HV000001: Hibernate Validator 8.0.2.Final
2025-09-23 22:15:03 INFO  [restartedMain] c.D.BookShop.BookShopApplication - Starting BookShopApplication using Java 22 with PID 11464 (D:\Do_An\BACK-END\BookShop\target\classes started by nguye in D:\Do_An\BACK-END\BookShop)
2025-09-23 22:15:03 DEBUG [restartedMain] c.D.BookShop.BookShopApplication - Running with Spring Boot v3.5.0, Spring v6.2.7
2025-09-23 22:15:03 INFO  [restartedMain] c.D.BookShop.BookShopApplication - No active profile set, falling back to 1 default profile: "default"
2025-09-23 22:15:03 INFO  [restartedMain] o.s.b.d.restart.ChangeableUrls - The Class-Path manifest attribute in C:\Users\nguye\.m2\repository\io\github\cdimascio\java-dotenv\5.2.2\java-dotenv-5.2.2.jar referenced one or more files that do not exist: file:/C:/Users/nguye/.m2/repository/io/github/cdimascio/java-dotenv/5.2.2/kotlin-stdlib-1.4.0.jar,file:/C:/Users/nguye/.m2/repository/io/github/cdimascio/java-dotenv/5.2.2/kotlin-stdlib-common-1.4.0.jar,file:/C:/Users/nguye/.m2/repository/io/github/cdimascio/java-dotenv/5.2.2/annotations-13.0.jar
2025-09-23 22:15:03 INFO  [restartedMain] o.s.b.d.e.DevToolsPropertyDefaultsPostProcessor - Devtools property defaults active! Set 'spring.devtools.add-properties' to 'false' to disable
2025-09-23 22:15:03 INFO  [restartedMain] o.s.b.d.e.DevToolsPropertyDefaultsPostProcessor - For additional web related logging consider setting the 'logging.level.web' property to 'DEBUG'
2025-09-23 22:15:05 INFO  [restartedMain] o.s.d.r.c.RepositoryConfigurationDelegate - Bootstrapping Spring Data JPA repositories in DEFAULT mode.
2025-09-23 22:15:05 INFO  [restartedMain] o.s.d.r.c.RepositoryConfigurationDelegate - Finished Spring Data repository scanning in 121 ms. Found 5 JPA repository interfaces.
2025-09-23 22:15:07 INFO  [restartedMain] o.s.b.w.e.tomcat.TomcatWebServer - Tomcat initialized with port 8888 (http)
2025-09-23 22:15:07 INFO  [restartedMain] o.a.coyote.http11.Http11NioProtocol - Initializing ProtocolHandler ["http-nio-8888"]
2025-09-23 22:15:07 INFO  [restartedMain] o.a.catalina.core.StandardService - Starting service [Tomcat]
2025-09-23 22:15:07 INFO  [restartedMain] o.a.catalina.core.StandardEngine - Starting Servlet engine: [Apache Tomcat/10.1.41]
2025-09-23 22:15:07 INFO  [restartedMain] o.a.c.c.C.[Tomcat].[localhost].[/] - Initializing Spring embedded WebApplicationContext
2025-09-23 22:15:07 INFO  [restartedMain] o.s.b.w.s.c.ServletWebServerApplicationContext - Root WebApplicationContext: initialization completed in 4228 ms
2025-09-23 22:15:07 INFO  [restartedMain] o.h.jpa.internal.util.LogHelper - HHH000204: Processing PersistenceUnitInfo [name: default]
2025-09-23 22:15:08 INFO  [restartedMain] org.hibernate.Version - HHH000412: Hibernate ORM core version 6.6.15.Final
2025-09-23 22:15:08 INFO  [restartedMain] o.h.c.i.RegionFactoryInitiator - HHH000026: Second-level cache disabled
2025-09-23 22:15:08 INFO  [restartedMain] o.s.o.j.p.SpringPersistenceUnitInfo - No LoadTimeWeaver setup: ignoring JPA class transformer
2025-09-23 22:15:08 INFO  [restartedMain] com.zaxxer.hikari.HikariDataSource - HikariPool-1 - Starting...
2025-09-23 22:15:13 INFO  [restartedMain] com.zaxxer.hikari.pool.HikariPool - HikariPool-1 - Added connection com.mysql.cj.jdbc.ConnectionImpl@61627f03
2025-09-23 22:15:13 INFO  [restartedMain] com.zaxxer.hikari.HikariDataSource - HikariPool-1 - Start completed.
2025-09-23 22:15:15 INFO  [restartedMain] o.hibernate.orm.connections.pooling - HHH10001005: Database info:
	Database JDBC URL [Connecting through datasource 'HikariDataSource (HikariPool-1)']
	Database driver: undefined/unknown
	Database version: 9.1
	Autocommit mode: undefined/unknown
	Isolation level: undefined/unknown
	Minimum pool size: undefined/unknown
	Maximum pool size: undefined/unknown
2025-09-23 22:15:19 INFO  [restartedMain] o.h.e.t.j.p.i.JtaPlatformInitiator - HHH000489: No JTA platform available (set 'hibernate.transaction.jta.platform' to enable JTA platform integration)
2025-09-23 22:15:19 INFO  [restartedMain] o.s.o.j.LocalContainerEntityManagerFactoryBean - Initialized JPA EntityManagerFactory for persistence unit 'default'
2025-09-23 22:15:20 INFO  [restartedMain] o.s.d.j.r.query.QueryEnhancerFactory - Hibernate is in classpath; If applicable, HQL parser will be used.
2025-09-23 22:15:21 WARN  [restartedMain] o.s.b.a.o.j.JpaBaseConfiguration$JpaWebConfiguration - spring.jpa.open-in-view is enabled by default. Therefore, database queries may be performed during view rendering. Explicitly configure spring.jpa.open-in-view to disable this warning
2025-09-23 22:15:21 WARN  [restartedMain] o.s.b.a.s.s.UserDetailsServiceAutoConfiguration - 

Using generated security password: fc4d6abe-e290-40e0-b119-ad4bfef2810b

This generated password is for development use only. Your security configuration must be updated before running your application in production.

2025-09-23 22:15:21 INFO  [restartedMain] o.s.s.c.a.a.c.InitializeUserDetailsBeanManagerConfigurer$InitializeUserDetailsManagerConfigurer - Global AuthenticationManager configured with UserDetailsService bean with name inMemoryUserDetailsManager
2025-09-23 22:15:22 INFO  [restartedMain] o.s.b.d.a.OptionalLiveReloadServer - LiveReload server is running on port 35729
2025-09-23 22:15:22 INFO  [restartedMain] o.a.coyote.http11.Http11NioProtocol - Starting ProtocolHandler ["http-nio-8888"]
2025-09-23 22:15:22 INFO  [restartedMain] o.s.b.w.e.tomcat.TomcatWebServer - Tomcat started on port 8888 (http) with context path '/'
2025-09-23 22:15:22 INFO  [restartedMain] c.D.BookShop.BookShopApplication - Started BookShopApplication in 20.549 seconds (process running for 22.673)
2025-09-23 22:15:47 INFO  [http-nio-8888-exec-1] o.a.c.c.C.[Tomcat].[localhost].[/] - Initializing Spring DispatcherServlet 'dispatcherServlet'
2025-09-23 22:15:47 INFO  [http-nio-8888-exec-1] o.s.web.servlet.DispatcherServlet - Initializing Servlet 'dispatcherServlet'
2025-09-23 22:15:47 INFO  [http-nio-8888-exec-1] o.s.web.servlet.DispatcherServlet - Completed initialization in 1 ms
2025-09-23 22:15:47 INFO  [http-nio-8888-exec-1] c.D.B.service.impl.UserServiceImpl - Hiển thị danh sách người dùng phân trang thành công!
2025-09-23 22:15:47 INFO  [http-nio-8888-exec-2] c.D.B.service.impl.UserServiceImpl - Hiển thị danh sách người dùng phân trang thành công!
2025-09-23 22:15:51 INFO  [http-nio-8888-exec-3] c.D.B.service.impl.UserServiceImpl - Thông tin người dùng với ID User(id=2, name=Người dùng 1, email=user1@gmail.com, password=$2a$10$J2bepHobuhpibX7o.doQY.o5BhK4kaFfJSP1HMg9QUS7kqhfWjlLq, address=Thái Bình, phone=0981319648, imageUrl=http://res.cloudinary.com/dnwzqsthm/image/upload/9d906d11-d247-486b-a634-f6ef5a83cea5-anh-test.jpg, imagePublicId=9d906d11-d247-486b-a634-f6ef5a83cea5-anh-test, ssoID=null, gender=null, ssoType=null, active=true, refreshToken=null, orders=[], role=null, cart=null, reviews=[], createdAt=2025-08-20T16:41:26.624454Z, updatedAt=null)
2025-09-23 22:15:59 INFO  [http-nio-8888-exec-6] c.D.B.service.impl.UserServiceImpl - Thông tin người dùng với ID User(id=3, name=Người dùng 2, email=nguoidung2@gmail.com, password=$2a$10$I4qTsxBjbsqcvnWGt.zHbOVCgMsSf.4vg6x6ajlJrxEG8aW2Itnha, address=Thái Bình, phone=0981319648, imageUrl=http://res.cloudinary.com/dnwzqsthm/image/upload/572411ac-87cf-40ca-aa65-d83ee62b30ee-test.png, imagePublicId=572411ac-87cf-40ca-aa65-d83ee62b30ee-test, ssoID=null, gender=null, ssoType=null, active=true, refreshToken=null, orders=[], role=null, cart=null, reviews=[], createdAt=2025-09-09T16:07:18.379797Z, updatedAt=null)
2025-09-23 22:22:04 INFO  [SpringApplicationShutdownHook] o.s.b.w.e.tomcat.GracefulShutdown - Commencing graceful shutdown. Waiting for active requests to complete
2025-09-23 22:22:04 INFO  [tomcat-shutdown] o.s.b.w.e.tomcat.GracefulShutdown - Graceful shutdown complete
2025-09-23 22:22:04 INFO  [SpringApplicationShutdownHook] o.s.o.j.LocalContainerEntityManagerFactoryBean - Closing JPA EntityManagerFactory for persistence unit 'default'
2025-09-23 22:22:04 INFO  [SpringApplicationShutdownHook] com.zaxxer.hikari.HikariDataSource - HikariPool-1 - Shutdown initiated...
2025-09-23 22:22:04 INFO  [SpringApplicationShutdownHook] com.zaxxer.hikari.HikariDataSource - HikariPool-1 - Shutdown completed.
2025-09-23 22:22:09 INFO  [background-preinit] o.h.validator.internal.util.Version - HV000001: Hibernate Validator 8.0.2.Final
2025-09-23 22:22:09 INFO  [restartedMain] c.D.BookShop.BookShopApplication - Starting BookShopApplication using Java 22 with PID 9760 (D:\Do_An\BACK-END\BookShop\target\classes started by nguye in D:\Do_An\BACK-END\BookShop)
2025-09-23 22:22:09 DEBUG [restartedMain] c.D.BookShop.BookShopApplication - Running with Spring Boot v3.5.0, Spring v6.2.7
2025-09-23 22:22:09 INFO  [restartedMain] c.D.BookShop.BookShopApplication - No active profile set, falling back to 1 default profile: "default"
2025-09-23 22:22:09 INFO  [restartedMain] o.s.b.d.restart.ChangeableUrls - The Class-Path manifest attribute in C:\Users\nguye\.m2\repository\io\github\cdimascio\java-dotenv\5.2.2\java-dotenv-5.2.2.jar referenced one or more files that do not exist: file:/C:/Users/nguye/.m2/repository/io/github/cdimascio/java-dotenv/5.2.2/kotlin-stdlib-1.4.0.jar,file:/C:/Users/nguye/.m2/repository/io/github/cdimascio/java-dotenv/5.2.2/kotlin-stdlib-common-1.4.0.jar,file:/C:/Users/nguye/.m2/repository/io/github/cdimascio/java-dotenv/5.2.2/annotations-13.0.jar
2025-09-23 22:22:09 INFO  [restartedMain] o.s.b.d.e.DevToolsPropertyDefaultsPostProcessor - Devtools property defaults active! Set 'spring.devtools.add-properties' to 'false' to disable
2025-09-23 22:22:09 INFO  [restartedMain] o.s.b.d.e.DevToolsPropertyDefaultsPostProcessor - For additional web related logging consider setting the 'logging.level.web' property to 'DEBUG'
2025-09-23 22:22:10 INFO  [restartedMain] o.s.d.r.c.RepositoryConfigurationDelegate - Bootstrapping Spring Data JPA repositories in DEFAULT mode.
2025-09-23 22:22:10 INFO  [restartedMain] o.s.d.r.c.RepositoryConfigurationDelegate - Finished Spring Data repository scanning in 92 ms. Found 5 JPA repository interfaces.
2025-09-23 22:22:11 INFO  [restartedMain] o.s.b.w.e.tomcat.TomcatWebServer - Tomcat initialized with port 8888 (http)
2025-09-23 22:22:11 INFO  [restartedMain] o.a.coyote.http11.Http11NioProtocol - Initializing ProtocolHandler ["http-nio-8888"]
2025-09-23 22:22:11 INFO  [restartedMain] o.a.catalina.core.StandardService - Starting service [Tomcat]
2025-09-23 22:22:11 INFO  [restartedMain] o.a.catalina.core.StandardEngine - Starting Servlet engine: [Apache Tomcat/10.1.41]
2025-09-23 22:22:11 INFO  [restartedMain] o.a.c.c.C.[Tomcat].[localhost].[/] - Initializing Spring embedded WebApplicationContext
2025-09-23 22:22:11 INFO  [restartedMain] o.s.b.w.s.c.ServletWebServerApplicationContext - Root WebApplicationContext: initialization completed in 2148 ms
2025-09-23 22:22:11 INFO  [restartedMain] o.h.jpa.internal.util.LogHelper - HHH000204: Processing PersistenceUnitInfo [name: default]
2025-09-23 22:22:11 INFO  [restartedMain] org.hibernate.Version - HHH000412: Hibernate ORM core version 6.6.15.Final
2025-09-23 22:22:11 INFO  [restartedMain] o.h.c.i.RegionFactoryInitiator - HHH000026: Second-level cache disabled
2025-09-23 22:22:12 INFO  [restartedMain] o.s.o.j.p.SpringPersistenceUnitInfo - No LoadTimeWeaver setup: ignoring JPA class transformer
2025-09-23 22:22:12 INFO  [restartedMain] com.zaxxer.hikari.HikariDataSource - HikariPool-1 - Starting...
2025-09-23 22:22:12 INFO  [restartedMain] com.zaxxer.hikari.pool.HikariPool - HikariPool-1 - Added connection com.mysql.cj.jdbc.ConnectionImpl@b13a54a
2025-09-23 22:22:12 INFO  [restartedMain] com.zaxxer.hikari.HikariDataSource - HikariPool-1 - Start completed.
2025-09-23 22:22:12 INFO  [restartedMain] o.hibernate.orm.connections.pooling - HHH10001005: Database info:
	Database JDBC URL [Connecting through datasource 'HikariDataSource (HikariPool-1)']
	Database driver: undefined/unknown
	Database version: 9.1
	Autocommit mode: undefined/unknown
	Isolation level: undefined/unknown
	Minimum pool size: undefined/unknown
	Maximum pool size: undefined/unknown
2025-09-23 22:22:13 INFO  [restartedMain] o.h.e.t.j.p.i.JtaPlatformInitiator - HHH000489: No JTA platform available (set 'hibernate.transaction.jta.platform' to enable JTA platform integration)
2025-09-23 22:22:13 INFO  [restartedMain] o.s.o.j.LocalContainerEntityManagerFactoryBean - Initialized JPA EntityManagerFactory for persistence unit 'default'
2025-09-23 22:22:14 INFO  [restartedMain] o.s.d.j.r.query.QueryEnhancerFactory - Hibernate is in classpath; If applicable, HQL parser will be used.
2025-09-23 22:22:14 WARN  [restartedMain] o.s.b.a.o.j.JpaBaseConfiguration$JpaWebConfiguration - spring.jpa.open-in-view is enabled by default. Therefore, database queries may be performed during view rendering. Explicitly configure spring.jpa.open-in-view to disable this warning
2025-09-23 22:22:14 WARN  [restartedMain] o.s.b.a.s.s.UserDetailsServiceAutoConfiguration - 

Using generated security password: 4246a42f-34e7-40c1-8005-2b89e614df2b

This generated password is for development use only. Your security configuration must be updated before running your application in production.

2025-09-23 22:22:14 INFO  [restartedMain] o.s.s.c.a.a.c.InitializeUserDetailsBeanManagerConfigurer$InitializeUserDetailsManagerConfigurer - Global AuthenticationManager configured with UserDetailsService bean with name inMemoryUserDetailsManager
2025-09-23 22:22:15 INFO  [restartedMain] o.s.b.d.a.OptionalLiveReloadServer - LiveReload server is running on port 35729
2025-09-23 22:22:15 INFO  [restartedMain] o.a.coyote.http11.Http11NioProtocol - Starting ProtocolHandler ["http-nio-8888"]
2025-09-23 22:22:15 INFO  [restartedMain] o.s.b.w.e.tomcat.TomcatWebServer - Tomcat started on port 8888 (http) with context path '/'
2025-09-23 22:22:15 INFO  [restartedMain] c.D.BookShop.BookShopApplication - Started BookShopApplication in 7.442 seconds (process running for 8.232)
2025-09-23 22:22:51 INFO  [File Watcher] o.s.b.d.a.LocalDevToolsAutoConfiguration$RestartingClassPathChangeChangedEventListener - Restarting due to 1 class path change (0 additions, 0 deletions, 1 modification)
2025-09-23 22:22:51 INFO  [Thread-5] o.s.b.w.e.tomcat.GracefulShutdown - Commencing graceful shutdown. Waiting for active requests to complete
2025-09-23 22:22:51 INFO  [tomcat-shutdown] o.a.coyote.http11.Http11NioProtocol - Pausing ProtocolHandler ["http-nio-8888"]
2025-09-23 22:22:51 INFO  [tomcat-shutdown] o.s.b.w.e.tomcat.GracefulShutdown - Graceful shutdown complete
2025-09-23 22:22:51 INFO  [Thread-5] o.a.coyote.http11.Http11NioProtocol - Stopping ProtocolHandler ["http-nio-8888"]
2025-09-23 22:22:51 INFO  [Thread-5] o.s.o.j.LocalContainerEntityManagerFactoryBean - Closing JPA EntityManagerFactory for persistence unit 'default'
2025-09-23 22:22:51 INFO  [Thread-5] com.zaxxer.hikari.HikariDataSource - HikariPool-1 - Shutdown initiated...
2025-09-23 22:22:51 INFO  [Thread-5] com.zaxxer.hikari.HikariDataSource - HikariPool-1 - Shutdown completed.
2025-09-23 22:22:51 INFO  [restartedMain] c.D.BookShop.BookShopApplication - Starting BookShopApplication using Java 22 with PID 9760 (D:\Do_An\BACK-END\BookShop\target\classes started by nguye in D:\Do_An\BACK-END\BookShop)
2025-09-23 22:22:51 DEBUG [restartedMain] c.D.BookShop.BookShopApplication - Running with Spring Boot v3.5.0, Spring v6.2.7
2025-09-23 22:22:51 INFO  [restartedMain] c.D.BookShop.BookShopApplication - No active profile set, falling back to 1 default profile: "default"
2025-09-23 22:22:52 INFO  [restartedMain] o.s.d.r.c.RepositoryConfigurationDelegate - Bootstrapping Spring Data JPA repositories in DEFAULT mode.
2025-09-23 22:22:52 INFO  [restartedMain] o.s.d.r.c.RepositoryConfigurationDelegate - Finished Spring Data repository scanning in 27 ms. Found 5 JPA repository interfaces.
2025-09-23 22:22:52 INFO  [restartedMain] o.s.b.w.e.tomcat.TomcatWebServer - Tomcat initialized with port 8888 (http)
2025-09-23 22:22:52 INFO  [restartedMain] o.s.b.w.s.c.ServletWebServerApplicationContext - Root WebApplicationContext: initialization completed in 492 ms
2025-09-23 22:22:52 INFO  [restartedMain] o.h.jpa.internal.util.LogHelper - HHH000204: Processing PersistenceUnitInfo [name: default]
2025-09-23 22:22:52 INFO  [restartedMain] o.h.c.i.RegionFactoryInitiator - HHH000026: Second-level cache disabled
2025-09-23 22:22:52 INFO  [restartedMain] o.s.o.j.p.SpringPersistenceUnitInfo - No LoadTimeWeaver setup: ignoring JPA class transformer
2025-09-23 22:22:52 INFO  [restartedMain] com.zaxxer.hikari.HikariDataSource - HikariPool-2 - Starting...
2025-09-23 22:22:52 INFO  [restartedMain] com.zaxxer.hikari.pool.HikariPool - HikariPool-2 - Added connection com.mysql.cj.jdbc.ConnectionImpl@54814dd1
2025-09-23 22:22:52 INFO  [restartedMain] com.zaxxer.hikari.HikariDataSource - HikariPool-2 - Start completed.
2025-09-23 22:22:52 INFO  [restartedMain] o.hibernate.orm.connections.pooling - HHH10001005: Database info:
	Database JDBC URL [Connecting through datasource 'HikariDataSource (HikariPool-2)']
	Database driver: undefined/unknown
	Database version: 9.1
	Autocommit mode: undefined/unknown
	Isolation level: undefined/unknown
	Minimum pool size: undefined/unknown
	Maximum pool size: undefined/unknown
2025-09-23 22:22:52 INFO  [restartedMain] o.h.e.t.j.p.i.JtaPlatformInitiator - HHH000489: No JTA platform available (set 'hibernate.transaction.jta.platform' to enable JTA platform integration)
2025-09-23 22:22:52 INFO  [restartedMain] o.s.o.j.LocalContainerEntityManagerFactoryBean - Initialized JPA EntityManagerFactory for persistence unit 'default'
2025-09-23 22:22:52 WARN  [restartedMain] o.s.b.a.o.j.JpaBaseConfiguration$JpaWebConfiguration - spring.jpa.open-in-view is enabled by default. Therefore, database queries may be performed during view rendering. Explicitly configure spring.jpa.open-in-view to disable this warning
2025-09-23 22:22:52 WARN  [restartedMain] o.s.b.a.s.s.UserDetailsServiceAutoConfiguration - 

Using generated security password: 71ad7ede-20ac-4b1b-aff2-7dda662b22cd

This generated password is for development use only. Your security configuration must be updated before running your application in production.

2025-09-23 22:22:52 INFO  [restartedMain] o.s.s.c.a.a.c.InitializeUserDetailsBeanManagerConfigurer$InitializeUserDetailsManagerConfigurer - Global AuthenticationManager configured with UserDetailsService bean with name inMemoryUserDetailsManager
2025-09-23 22:22:53 INFO  [restartedMain] o.s.b.d.a.OptionalLiveReloadServer - LiveReload server is running on port 35729
2025-09-23 22:22:53 INFO  [restartedMain] o.s.b.w.e.tomcat.TomcatWebServer - Tomcat started on port 8888 (http) with context path '/'
2025-09-23 22:22:53 INFO  [restartedMain] c.D.BookShop.BookShopApplication - Started BookShopApplication in 1.284 seconds (process running for 45.616)
2025-09-23 22:22:53 INFO  [SpringApplicationShutdownHook] o.s.b.w.e.tomcat.GracefulShutdown - Commencing graceful shutdown. Waiting for active requests to complete
2025-09-23 22:22:53 INFO  [restartedMain] o.s.b.d.a.ConditionEvaluationDeltaLoggingListener - Condition evaluation unchanged
2025-09-23 22:22:53 INFO  [tomcat-shutdown] o.s.b.w.e.tomcat.GracefulShutdown - Graceful shutdown complete
2025-09-23 22:22:53 INFO  [SpringApplicationShutdownHook] o.s.o.j.LocalContainerEntityManagerFactoryBean - Closing JPA EntityManagerFactory for persistence unit 'default'
2025-09-23 22:22:53 INFO  [SpringApplicationShutdownHook] com.zaxxer.hikari.HikariDataSource - HikariPool-2 - Shutdown initiated...
2025-09-23 22:22:53 INFO  [SpringApplicationShutdownHook] com.zaxxer.hikari.HikariDataSource - HikariPool-2 - Shutdown completed.
2025-09-23 22:22:58 INFO  [background-preinit] o.h.validator.internal.util.Version - HV000001: Hibernate Validator 8.0.2.Final
2025-09-23 22:22:58 INFO  [restartedMain] c.D.BookShop.BookShopApplication - Starting BookShopApplication using Java 22 with PID 11652 (D:\Do_An\BACK-END\BookShop\target\classes started by nguye in D:\Do_An\BACK-END\BookShop)
2025-09-23 22:22:58 DEBUG [restartedMain] c.D.BookShop.BookShopApplication - Running with Spring Boot v3.5.0, Spring v6.2.7
2025-09-23 22:22:58 INFO  [restartedMain] c.D.BookShop.BookShopApplication - No active profile set, falling back to 1 default profile: "default"
2025-09-23 22:22:58 INFO  [restartedMain] o.s.b.d.restart.ChangeableUrls - The Class-Path manifest attribute in C:\Users\nguye\.m2\repository\io\github\cdimascio\java-dotenv\5.2.2\java-dotenv-5.2.2.jar referenced one or more files that do not exist: file:/C:/Users/nguye/.m2/repository/io/github/cdimascio/java-dotenv/5.2.2/kotlin-stdlib-1.4.0.jar,file:/C:/Users/nguye/.m2/repository/io/github/cdimascio/java-dotenv/5.2.2/kotlin-stdlib-common-1.4.0.jar,file:/C:/Users/nguye/.m2/repository/io/github/cdimascio/java-dotenv/5.2.2/annotations-13.0.jar
2025-09-23 22:22:58 INFO  [restartedMain] o.s.b.d.e.DevToolsPropertyDefaultsPostProcessor - Devtools property defaults active! Set 'spring.devtools.add-properties' to 'false' to disable
2025-09-23 22:22:58 INFO  [restartedMain] o.s.b.d.e.DevToolsPropertyDefaultsPostProcessor - For additional web related logging consider setting the 'logging.level.web' property to 'DEBUG'
2025-09-23 22:22:59 INFO  [restartedMain] o.s.d.r.c.RepositoryConfigurationDelegate - Bootstrapping Spring Data JPA repositories in DEFAULT mode.
2025-09-23 22:22:59 INFO  [restartedMain] o.s.d.r.c.RepositoryConfigurationDelegate - Finished Spring Data repository scanning in 107 ms. Found 5 JPA repository interfaces.
2025-09-23 22:23:00 INFO  [restartedMain] o.s.b.w.e.tomcat.TomcatWebServer - Tomcat initialized with port 8888 (http)
2025-09-23 22:23:00 INFO  [restartedMain] o.a.coyote.http11.Http11NioProtocol - Initializing ProtocolHandler ["http-nio-8888"]
2025-09-23 22:23:00 INFO  [restartedMain] o.a.catalina.core.StandardService - Starting service [Tomcat]
2025-09-23 22:23:00 INFO  [restartedMain] o.a.catalina.core.StandardEngine - Starting Servlet engine: [Apache Tomcat/10.1.41]
2025-09-23 22:23:00 INFO  [restartedMain] o.a.c.c.C.[Tomcat].[localhost].[/] - Initializing Spring embedded WebApplicationContext
2025-09-23 22:23:00 INFO  [restartedMain] o.s.b.w.s.c.ServletWebServerApplicationContext - Root WebApplicationContext: initialization completed in 2594 ms
2025-09-23 22:23:01 INFO  [restartedMain] o.h.jpa.internal.util.LogHelper - HHH000204: Processing PersistenceUnitInfo [name: default]
2025-09-23 22:23:01 INFO  [restartedMain] org.hibernate.Version - HHH000412: Hibernate ORM core version 6.6.15.Final
2025-09-23 22:23:01 INFO  [restartedMain] o.h.c.i.RegionFactoryInitiator - HHH000026: Second-level cache disabled
2025-09-23 22:23:01 INFO  [restartedMain] o.s.o.j.p.SpringPersistenceUnitInfo - No LoadTimeWeaver setup: ignoring JPA class transformer
2025-09-23 22:23:01 INFO  [restartedMain] com.zaxxer.hikari.HikariDataSource - HikariPool-1 - Starting...
2025-09-23 22:23:02 INFO  [restartedMain] com.zaxxer.hikari.pool.HikariPool - HikariPool-1 - Added connection com.mysql.cj.jdbc.ConnectionImpl@676f47a5
2025-09-23 22:23:02 INFO  [restartedMain] com.zaxxer.hikari.HikariDataSource - HikariPool-1 - Start completed.
2025-09-23 22:23:02 INFO  [restartedMain] o.hibernate.orm.connections.pooling - HHH10001005: Database info:
	Database JDBC URL [Connecting through datasource 'HikariDataSource (HikariPool-1)']
	Database driver: undefined/unknown
	Database version: 9.1
	Autocommit mode: undefined/unknown
	Isolation level: undefined/unknown
	Minimum pool size: undefined/unknown
	Maximum pool size: undefined/unknown
2025-09-23 22:23:03 INFO  [restartedMain] o.h.e.t.j.p.i.JtaPlatformInitiator - HHH000489: No JTA platform available (set 'hibernate.transaction.jta.platform' to enable JTA platform integration)
2025-09-23 22:23:03 INFO  [restartedMain] o.s.o.j.LocalContainerEntityManagerFactoryBean - Initialized JPA EntityManagerFactory for persistence unit 'default'
2025-09-23 22:23:03 INFO  [restartedMain] o.s.d.j.r.query.QueryEnhancerFactory - Hibernate is in classpath; If applicable, HQL parser will be used.
2025-09-23 22:23:04 WARN  [restartedMain] o.s.b.a.o.j.JpaBaseConfiguration$JpaWebConfiguration - spring.jpa.open-in-view is enabled by default. Therefore, database queries may be performed during view rendering. Explicitly configure spring.jpa.open-in-view to disable this warning
2025-09-23 22:23:04 WARN  [restartedMain] o.s.b.a.s.s.UserDetailsServiceAutoConfiguration - 

Using generated security password: 7333b23d-5838-4faa-b9f9-c95101d9b28c

This generated password is for development use only. Your security configuration must be updated before running your application in production.

2025-09-23 22:23:04 INFO  [restartedMain] o.s.s.c.a.a.c.InitializeUserDetailsBeanManagerConfigurer$InitializeUserDetailsManagerConfigurer - Global AuthenticationManager configured with UserDetailsService bean with name inMemoryUserDetailsManager
2025-09-23 22:23:05 INFO  [restartedMain] o.s.b.d.a.OptionalLiveReloadServer - LiveReload server is running on port 35729
2025-09-23 22:23:05 INFO  [restartedMain] o.a.coyote.http11.Http11NioProtocol - Starting ProtocolHandler ["http-nio-8888"]
2025-09-23 22:23:05 INFO  [restartedMain] o.s.b.w.e.tomcat.TomcatWebServer - Tomcat started on port 8888 (http) with context path '/'
2025-09-23 22:23:05 INFO  [restartedMain] c.D.BookShop.BookShopApplication - Started BookShopApplication in 7.74 seconds (process running for 8.288)
2025-09-23 22:23:24 INFO  [File Watcher] o.s.b.d.a.LocalDevToolsAutoConfiguration$RestartingClassPathChangeChangedEventListener - Restarting due to 1 class path change (0 additions, 0 deletions, 1 modification)
2025-09-23 22:23:24 INFO  [Thread-5] o.s.b.w.e.tomcat.GracefulShutdown - Commencing graceful shutdown. Waiting for active requests to complete
2025-09-23 22:23:24 INFO  [tomcat-shutdown] o.a.coyote.http11.Http11NioProtocol - Pausing ProtocolHandler ["http-nio-8888"]
2025-09-23 22:23:24 INFO  [tomcat-shutdown] o.s.b.w.e.tomcat.GracefulShutdown - Graceful shutdown complete
2025-09-23 22:23:24 INFO  [Thread-5] o.a.coyote.http11.Http11NioProtocol - Stopping ProtocolHandler ["http-nio-8888"]
2025-09-23 22:23:24 INFO  [Thread-5] o.s.o.j.LocalContainerEntityManagerFactoryBean - Closing JPA EntityManagerFactory for persistence unit 'default'
2025-09-23 22:23:24 INFO  [Thread-5] com.zaxxer.hikari.HikariDataSource - HikariPool-1 - Shutdown initiated...
2025-09-23 22:23:24 INFO  [Thread-5] com.zaxxer.hikari.HikariDataSource - HikariPool-1 - Shutdown completed.
2025-09-23 22:23:24 INFO  [restartedMain] c.D.BookShop.BookShopApplication - Starting BookShopApplication using Java 22 with PID 11652 (D:\Do_An\BACK-END\BookShop\target\classes started by nguye in D:\Do_An\BACK-END\BookShop)
2025-09-23 22:23:24 DEBUG [restartedMain] c.D.BookShop.BookShopApplication - Running with Spring Boot v3.5.0, Spring v6.2.7
2025-09-23 22:23:24 INFO  [restartedMain] c.D.BookShop.BookShopApplication - No active profile set, falling back to 1 default profile: "default"
2025-09-23 22:23:24 INFO  [restartedMain] o.s.d.r.c.RepositoryConfigurationDelegate - Bootstrapping Spring Data JPA repositories in DEFAULT mode.
2025-09-23 22:23:24 INFO  [restartedMain] o.s.d.r.c.RepositoryConfigurationDelegate - Finished Spring Data repository scanning in 37 ms. Found 5 JPA repository interfaces.
2025-09-23 22:23:24 INFO  [restartedMain] o.s.b.w.e.tomcat.TomcatWebServer - Tomcat initialized with port 8888 (http)
2025-09-23 22:23:24 INFO  [restartedMain] o.a.coyote.http11.Http11NioProtocol - Initializing ProtocolHandler ["http-nio-8888"]
2025-09-23 22:23:24 INFO  [restartedMain] o.a.catalina.core.StandardService - Starting service [Tomcat]
2025-09-23 22:23:24 INFO  [restartedMain] o.a.catalina.core.StandardEngine - Starting Servlet engine: [Apache Tomcat/10.1.41]
2025-09-23 22:23:24 INFO  [restartedMain] o.a.c.c.C.[Tomcat].[localhost].[/] - Initializing Spring embedded WebApplicationContext
2025-09-23 22:23:24 INFO  [restartedMain] o.s.b.w.s.c.ServletWebServerApplicationContext - Root WebApplicationContext: initialization completed in 553 ms
2025-09-23 22:23:24 INFO  [restartedMain] o.h.jpa.internal.util.LogHelper - HHH000204: Processing PersistenceUnitInfo [name: default]
2025-09-23 22:23:24 INFO  [restartedMain] o.h.c.i.RegionFactoryInitiator - HHH000026: Second-level cache disabled
2025-09-23 22:23:24 INFO  [restartedMain] o.s.o.j.p.SpringPersistenceUnitInfo - No LoadTimeWeaver setup: ignoring JPA class transformer
2025-09-23 22:23:24 INFO  [restartedMain] com.zaxxer.hikari.HikariDataSource - HikariPool-2 - Starting...
2025-09-23 22:23:24 INFO  [restartedMain] com.zaxxer.hikari.pool.HikariPool - HikariPool-2 - Added connection com.mysql.cj.jdbc.ConnectionImpl@6357428f
2025-09-23 22:23:24 INFO  [restartedMain] com.zaxxer.hikari.HikariDataSource - HikariPool-2 - Start completed.
2025-09-23 22:23:24 INFO  [restartedMain] o.hibernate.orm.connections.pooling - HHH10001005: Database info:
	Database JDBC URL [Connecting through datasource 'HikariDataSource (HikariPool-2)']
	Database driver: undefined/unknown
	Database version: 9.1
	Autocommit mode: undefined/unknown
	Isolation level: undefined/unknown
	Minimum pool size: undefined/unknown
	Maximum pool size: undefined/unknown
2025-09-23 22:23:25 INFO  [restartedMain] o.h.e.t.j.p.i.JtaPlatformInitiator - HHH000489: No JTA platform available (set 'hibernate.transaction.jta.platform' to enable JTA platform integration)
2025-09-23 22:23:25 INFO  [restartedMain] o.s.o.j.LocalContainerEntityManagerFactoryBean - Initialized JPA EntityManagerFactory for persistence unit 'default'
2025-09-23 22:23:25 WARN  [restartedMain] o.s.b.a.o.j.JpaBaseConfiguration$JpaWebConfiguration - spring.jpa.open-in-view is enabled by default. Therefore, database queries may be performed during view rendering. Explicitly configure spring.jpa.open-in-view to disable this warning
2025-09-23 22:23:25 WARN  [restartedMain] o.s.b.a.s.s.UserDetailsServiceAutoConfiguration - 

Using generated security password: 22fb1697-338d-43d5-b5a4-dcb2083eff18

This generated password is for development use only. Your security configuration must be updated before running your application in production.

2025-09-23 22:23:25 INFO  [restartedMain] o.s.s.c.a.a.c.InitializeUserDetailsBeanManagerConfigurer$InitializeUserDetailsManagerConfigurer - Global AuthenticationManager configured with UserDetailsService bean with name inMemoryUserDetailsManager
2025-09-23 22:23:25 INFO  [restartedMain] o.s.b.d.a.OptionalLiveReloadServer - LiveReload server is running on port 35729
2025-09-23 22:23:25 INFO  [restartedMain] o.a.coyote.http11.Http11NioProtocol - Starting ProtocolHandler ["http-nio-8888"]
2025-09-23 22:23:25 INFO  [restartedMain] o.s.b.w.e.tomcat.TomcatWebServer - Tomcat started on port 8888 (http) with context path '/'
2025-09-23 22:23:25 INFO  [restartedMain] c.D.BookShop.BookShopApplication - Started BookShopApplication in 1.299 seconds (process running for 28.395)
2025-09-23 22:23:25 INFO  [restartedMain] o.s.b.d.a.ConditionEvaluationDeltaLoggingListener - Condition evaluation unchanged
2025-09-23 22:23:31 INFO  [SpringApplicationShutdownHook] o.s.b.w.e.tomcat.GracefulShutdown - Commencing graceful shutdown. Waiting for active requests to complete
2025-09-23 22:23:31 INFO  [tomcat-shutdown] o.s.b.w.e.tomcat.GracefulShutdown - Graceful shutdown complete
2025-09-23 22:23:31 INFO  [SpringApplicationShutdownHook] o.s.o.j.LocalContainerEntityManagerFactoryBean - Closing JPA EntityManagerFactory for persistence unit 'default'
2025-09-23 22:23:31 INFO  [SpringApplicationShutdownHook] com.zaxxer.hikari.HikariDataSource - HikariPool-2 - Shutdown initiated...
2025-09-23 22:23:31 INFO  [SpringApplicationShutdownHook] com.zaxxer.hikari.HikariDataSource - HikariPool-2 - Shutdown completed.
2025-09-23 22:23:35 INFO  [background-preinit] o.h.validator.internal.util.Version - HV000001: Hibernate Validator 8.0.2.Final
2025-09-23 22:23:35 INFO  [restartedMain] c.D.BookShop.BookShopApplication - Starting BookShopApplication using Java 22 with PID 5896 (D:\Do_An\BACK-END\BookShop\target\classes started by nguye in D:\Do_An\BACK-END\BookShop)
2025-09-23 22:23:35 DEBUG [restartedMain] c.D.BookShop.BookShopApplication - Running with Spring Boot v3.5.0, Spring v6.2.7
2025-09-23 22:23:35 INFO  [restartedMain] c.D.BookShop.BookShopApplication - No active profile set, falling back to 1 default profile: "default"
2025-09-23 22:23:35 INFO  [restartedMain] o.s.b.d.restart.ChangeableUrls - The Class-Path manifest attribute in C:\Users\nguye\.m2\repository\io\github\cdimascio\java-dotenv\5.2.2\java-dotenv-5.2.2.jar referenced one or more files that do not exist: file:/C:/Users/nguye/.m2/repository/io/github/cdimascio/java-dotenv/5.2.2/kotlin-stdlib-1.4.0.jar,file:/C:/Users/nguye/.m2/repository/io/github/cdimascio/java-dotenv/5.2.2/kotlin-stdlib-common-1.4.0.jar,file:/C:/Users/nguye/.m2/repository/io/github/cdimascio/java-dotenv/5.2.2/annotations-13.0.jar
2025-09-23 22:23:35 INFO  [restartedMain] o.s.b.d.e.DevToolsPropertyDefaultsPostProcessor - Devtools property defaults active! Set 'spring.devtools.add-properties' to 'false' to disable
2025-09-23 22:23:35 INFO  [restartedMain] o.s.b.d.e.DevToolsPropertyDefaultsPostProcessor - For additional web related logging consider setting the 'logging.level.web' property to 'DEBUG'
2025-09-23 22:23:37 INFO  [restartedMain] o.s.d.r.c.RepositoryConfigurationDelegate - Bootstrapping Spring Data JPA repositories in DEFAULT mode.
2025-09-23 22:23:37 INFO  [restartedMain] o.s.d.r.c.RepositoryConfigurationDelegate - Finished Spring Data repository scanning in 129 ms. Found 5 JPA repository interfaces.
2025-09-23 22:23:39 INFO  [restartedMain] o.s.b.w.e.tomcat.TomcatWebServer - Tomcat initialized with port 8888 (http)
2025-09-23 22:23:39 INFO  [restartedMain] o.a.coyote.http11.Http11NioProtocol - Initializing ProtocolHandler ["http-nio-8888"]
2025-09-23 22:23:39 INFO  [restartedMain] o.a.catalina.core.StandardService - Starting service [Tomcat]
2025-09-23 22:23:39 INFO  [restartedMain] o.a.catalina.core.StandardEngine - Starting Servlet engine: [Apache Tomcat/10.1.41]
2025-09-23 22:23:39 INFO  [restartedMain] o.a.c.c.C.[Tomcat].[localhost].[/] - Initializing Spring embedded WebApplicationContext
2025-09-23 22:23:39 INFO  [restartedMain] o.s.b.w.s.c.ServletWebServerApplicationContext - Root WebApplicationContext: initialization completed in 3317 ms
2025-09-23 22:23:39 INFO  [restartedMain] o.h.jpa.internal.util.LogHelper - HHH000204: Processing PersistenceUnitInfo [name: default]
2025-09-23 22:23:39 INFO  [restartedMain] org.hibernate.Version - HHH000412: Hibernate ORM core version 6.6.15.Final
2025-09-23 22:23:39 INFO  [restartedMain] o.h.c.i.RegionFactoryInitiator - HHH000026: Second-level cache disabled
2025-09-23 22:23:40 INFO  [restartedMain] o.s.o.j.p.SpringPersistenceUnitInfo - No LoadTimeWeaver setup: ignoring JPA class transformer
2025-09-23 22:23:40 INFO  [restartedMain] com.zaxxer.hikari.HikariDataSource - HikariPool-1 - Starting...
2025-09-23 22:23:40 INFO  [restartedMain] com.zaxxer.hikari.pool.HikariPool - HikariPool-1 - Added connection com.mysql.cj.jdbc.ConnectionImpl@30c72c43
2025-09-23 22:23:40 INFO  [restartedMain] com.zaxxer.hikari.HikariDataSource - HikariPool-1 - Start completed.
2025-09-23 22:23:40 INFO  [restartedMain] o.hibernate.orm.connections.pooling - HHH10001005: Database info:
	Database JDBC URL [Connecting through datasource 'HikariDataSource (HikariPool-1)']
	Database driver: undefined/unknown
	Database version: 9.1
	Autocommit mode: undefined/unknown
	Isolation level: undefined/unknown
	Minimum pool size: undefined/unknown
	Maximum pool size: undefined/unknown
2025-09-23 22:23:43 INFO  [restartedMain] o.h.e.t.j.p.i.JtaPlatformInitiator - HHH000489: No JTA platform available (set 'hibernate.transaction.jta.platform' to enable JTA platform integration)
2025-09-23 22:23:43 INFO  [restartedMain] o.s.o.j.LocalContainerEntityManagerFactoryBean - Initialized JPA EntityManagerFactory for persistence unit 'default'
2025-09-23 22:23:43 INFO  [restartedMain] o.s.d.j.r.query.QueryEnhancerFactory - Hibernate is in classpath; If applicable, HQL parser will be used.
2025-09-23 22:23:44 WARN  [restartedMain] o.s.b.a.o.j.JpaBaseConfiguration$JpaWebConfiguration - spring.jpa.open-in-view is enabled by default. Therefore, database queries may be performed during view rendering. Explicitly configure spring.jpa.open-in-view to disable this warning
2025-09-23 22:23:44 WARN  [restartedMain] o.s.b.a.s.s.UserDetailsServiceAutoConfiguration - 

Using generated security password: b102f284-4885-4d52-ba26-17a091c55273

This generated password is for development use only. Your security configuration must be updated before running your application in production.

2025-09-23 22:23:44 INFO  [restartedMain] o.s.s.c.a.a.c.InitializeUserDetailsBeanManagerConfigurer$InitializeUserDetailsManagerConfigurer - Global AuthenticationManager configured with UserDetailsService bean with name inMemoryUserDetailsManager
2025-09-23 22:23:45 INFO  [restartedMain] o.s.b.d.a.OptionalLiveReloadServer - LiveReload server is running on port 35729
2025-09-23 22:23:45 INFO  [restartedMain] o.a.coyote.http11.Http11NioProtocol - Starting ProtocolHandler ["http-nio-8888"]
2025-09-23 22:23:45 INFO  [restartedMain] o.s.b.w.e.tomcat.TomcatWebServer - Tomcat started on port 8888 (http) with context path '/'
2025-09-23 22:23:45 INFO  [restartedMain] c.D.BookShop.BookShopApplication - Started BookShopApplication in 10.819 seconds (process running for 11.726)
2025-09-23 22:24:00 INFO  [File Watcher] o.s.b.d.a.LocalDevToolsAutoConfiguration$RestartingClassPathChangeChangedEventListener - Restarting due to 1 class path change (0 additions, 0 deletions, 1 modification)
2025-09-23 22:24:00 INFO  [Thread-5] o.s.b.w.e.tomcat.GracefulShutdown - Commencing graceful shutdown. Waiting for active requests to complete
2025-09-23 22:24:00 INFO  [tomcat-shutdown] o.a.coyote.http11.Http11NioProtocol - Pausing ProtocolHandler ["http-nio-8888"]
2025-09-23 22:24:00 INFO  [tomcat-shutdown] o.s.b.w.e.tomcat.GracefulShutdown - Graceful shutdown complete
2025-09-23 22:24:00 INFO  [Thread-5] o.a.coyote.http11.Http11NioProtocol - Stopping ProtocolHandler ["http-nio-8888"]
2025-09-23 22:24:00 INFO  [Thread-5] o.s.o.j.LocalContainerEntityManagerFactoryBean - Closing JPA EntityManagerFactory for persistence unit 'default'
2025-09-23 22:24:00 INFO  [Thread-5] com.zaxxer.hikari.HikariDataSource - HikariPool-1 - Shutdown initiated...
2025-09-23 22:24:00 INFO  [Thread-5] com.zaxxer.hikari.HikariDataSource - HikariPool-1 - Shutdown completed.
2025-09-23 22:24:00 INFO  [restartedMain] c.D.BookShop.BookShopApplication - Starting BookShopApplication using Java 22 with PID 5896 (D:\Do_An\BACK-END\BookShop\target\classes started by nguye in D:\Do_An\BACK-END\BookShop)
2025-09-23 22:24:00 DEBUG [restartedMain] c.D.BookShop.BookShopApplication - Running with Spring Boot v3.5.0, Spring v6.2.7
2025-09-23 22:24:00 INFO  [restartedMain] c.D.BookShop.BookShopApplication - No active profile set, falling back to 1 default profile: "default"
2025-09-23 22:24:00 INFO  [restartedMain] o.s.d.r.c.RepositoryConfigurationDelegate - Bootstrapping Spring Data JPA repositories in DEFAULT mode.
2025-09-23 22:24:00 INFO  [restartedMain] o.s.d.r.c.RepositoryConfigurationDelegate - Finished Spring Data repository scanning in 24 ms. Found 5 JPA repository interfaces.
2025-09-23 22:24:00 INFO  [restartedMain] o.s.b.w.e.tomcat.TomcatWebServer - Tomcat initialized with port 8888 (http)
2025-09-23 22:24:00 INFO  [restartedMain] o.a.coyote.http11.Http11NioProtocol - Initializing ProtocolHandler ["http-nio-8888"]
2025-09-23 22:24:00 INFO  [restartedMain] o.a.catalina.core.StandardService - Starting service [Tomcat]
2025-09-23 22:24:00 INFO  [restartedMain] o.a.catalina.core.StandardEngine - Starting Servlet engine: [Apache Tomcat/10.1.41]
2025-09-23 22:24:00 INFO  [restartedMain] o.a.c.c.C.[Tomcat].[localhost].[/] - Initializing Spring embedded WebApplicationContext
2025-09-23 22:24:00 INFO  [restartedMain] o.s.b.w.s.c.ServletWebServerApplicationContext - Root WebApplicationContext: initialization completed in 684 ms
2025-09-23 22:24:01 INFO  [restartedMain] o.h.jpa.internal.util.LogHelper - HHH000204: Processing PersistenceUnitInfo [name: default]
2025-09-23 22:24:01 INFO  [restartedMain] o.h.c.i.RegionFactoryInitiator - HHH000026: Second-level cache disabled
2025-09-23 22:24:01 INFO  [restartedMain] o.s.o.j.p.SpringPersistenceUnitInfo - No LoadTimeWeaver setup: ignoring JPA class transformer
2025-09-23 22:24:01 INFO  [restartedMain] com.zaxxer.hikari.HikariDataSource - HikariPool-2 - Starting...
2025-09-23 22:24:01 INFO  [restartedMain] com.zaxxer.hikari.pool.HikariPool - HikariPool-2 - Added connection com.mysql.cj.jdbc.ConnectionImpl@4a0e04a9
2025-09-23 22:24:01 INFO  [restartedMain] com.zaxxer.hikari.HikariDataSource - HikariPool-2 - Start completed.
2025-09-23 22:24:01 INFO  [restartedMain] o.hibernate.orm.connections.pooling - HHH10001005: Database info:
	Database JDBC URL [Connecting through datasource 'HikariDataSource (HikariPool-2)']
	Database driver: undefined/unknown
	Database version: 9.1
	Autocommit mode: undefined/unknown
	Isolation level: undefined/unknown
	Minimum pool size: undefined/unknown
	Maximum pool size: undefined/unknown
2025-09-23 22:24:01 INFO  [restartedMain] o.h.e.t.j.p.i.JtaPlatformInitiator - HHH000489: No JTA platform available (set 'hibernate.transaction.jta.platform' to enable JTA platform integration)
2025-09-23 22:24:01 INFO  [restartedMain] o.s.o.j.LocalContainerEntityManagerFactoryBean - Initialized JPA EntityManagerFactory for persistence unit 'default'
2025-09-23 22:24:01 WARN  [restartedMain] o.s.b.a.o.j.JpaBaseConfiguration$JpaWebConfiguration - spring.jpa.open-in-view is enabled by default. Therefore, database queries may be performed during view rendering. Explicitly configure spring.jpa.open-in-view to disable this warning
2025-09-23 22:24:01 WARN  [restartedMain] o.s.b.a.s.s.UserDetailsServiceAutoConfiguration - 

Using generated security password: 65603cb4-b6fe-49c3-8095-e57bd0111755

This generated password is for development use only. Your security configuration must be updated before running your application in production.

2025-09-23 22:24:01 INFO  [restartedMain] o.s.s.c.a.a.c.InitializeUserDetailsBeanManagerConfigurer$InitializeUserDetailsManagerConfigurer - Global AuthenticationManager configured with UserDetailsService bean with name inMemoryUserDetailsManager
2025-09-23 22:24:02 INFO  [restartedMain] o.s.b.d.a.OptionalLiveReloadServer - LiveReload server is running on port 35729
2025-09-23 22:24:02 INFO  [restartedMain] o.a.coyote.http11.Http11NioProtocol - Starting ProtocolHandler ["http-nio-8888"]
2025-09-23 22:24:02 INFO  [restartedMain] o.s.b.w.e.tomcat.TomcatWebServer - Tomcat started on port 8888 (http) with context path '/'
2025-09-23 22:24:02 INFO  [restartedMain] c.D.BookShop.BookShopApplication - Started BookShopApplication in 1.844 seconds (process running for 28.346)
2025-09-23 22:24:02 INFO  [restartedMain] o.s.b.d.a.ConditionEvaluationDeltaLoggingListener - Condition evaluation unchanged
2025-09-23 22:26:33 INFO  [http-nio-8888-exec-1] o.a.c.c.C.[Tomcat].[localhost].[/] - Initializing Spring DispatcherServlet 'dispatcherServlet'
2025-09-23 22:26:33 INFO  [http-nio-8888-exec-1] o.s.web.servlet.DispatcherServlet - Initializing Servlet 'dispatcherServlet'
2025-09-23 22:26:33 INFO  [http-nio-8888-exec-1] o.s.web.servlet.DispatcherServlet - Completed initialization in 2 ms
2025-09-23 22:26:33 INFO  [http-nio-8888-exec-1] c.D.B.service.impl.UserServiceImpl - Hiển thị danh sách người dùng phân trang thành công!
2025-09-23 22:26:33 INFO  [http-nio-8888-exec-2] c.D.B.service.impl.UserServiceImpl - Hiển thị danh sách người dùng phân trang thành công!
2025-09-23 22:28:41 INFO  [http-nio-8888-exec-4] c.D.B.service.impl.UserServiceImpl - Hiển thị danh sách người dùng phân trang thành công!
2025-09-23 22:28:41 INFO  [http-nio-8888-exec-7] c.D.B.service.impl.UserServiceImpl - Hiển thị danh sách người dùng phân trang thành công!
2025-09-23 22:28:53 INFO  [http-nio-8888-exec-9] c.D.B.service.impl.UserServiceImpl - Hiển thị danh sách người dùng phân trang thành công!
2025-09-23 22:28:53 INFO  [http-nio-8888-exec-9] c.D.B.service.impl.UserServiceImpl - Hiển thị danh sách người dùng phân trang thành công!
2025-09-23 22:28:59 INFO  [http-nio-8888-exec-8] c.D.B.service.impl.UserServiceImpl - Hiển thị danh sách người dùng phân trang thành công!
2025-09-23 22:28:59 INFO  [http-nio-8888-exec-5] c.D.B.service.impl.UserServiceImpl - Hiển thị danh sách người dùng phân trang thành công!
2025-09-23 22:29:01 INFO  [http-nio-8888-exec-1] c.D.B.service.impl.UserServiceImpl - Hiển thị danh sách người dùng phân trang thành công!
2025-09-23 22:29:01 INFO  [http-nio-8888-exec-2] c.D.B.service.impl.UserServiceImpl - Hiển thị danh sách người dùng phân trang thành công!
2025-09-23 22:33:48 INFO  [http-nio-8888-exec-4] c.D.B.service.impl.UserServiceImpl - Thông tin người dùng với ID User(id=2, name=Người dùng 1, email=user1@gmail.com, password=$2a$10$J2bepHobuhpibX7o.doQY.o5BhK4kaFfJSP1HMg9QUS7kqhfWjlLq, address=Thái Bình, phone=0981319648, imageUrl=http://res.cloudinary.com/dnwzqsthm/image/upload/9d906d11-d247-486b-a634-f6ef5a83cea5-anh-test.jpg, imagePublicId=9d906d11-d247-486b-a634-f6ef5a83cea5-anh-test, ssoID=null, gender=null, ssoType=null, active=true, refreshToken=null, orders=[], role=null, cart=null, reviews=[], createdAt=2025-08-20T16:41:26.624454Z, updatedAt=null)
2025-09-23 22:33:51 INFO  [http-nio-8888-exec-7] c.D.B.service.impl.UserServiceImpl - Thông tin người dùng với ID User(id=2, name=Người dùng 1, email=user1@gmail.com, password=$2a$10$J2bepHobuhpibX7o.doQY.o5BhK4kaFfJSP1HMg9QUS7kqhfWjlLq, address=Thái Bình, phone=0981319648, imageUrl=http://res.cloudinary.com/dnwzqsthm/image/upload/9d906d11-d247-486b-a634-f6ef5a83cea5-anh-test.jpg, imagePublicId=9d906d11-d247-486b-a634-f6ef5a83cea5-anh-test, ssoID=null, gender=null, ssoType=null, active=true, refreshToken=null, orders=[], role=null, cart=null, reviews=[], createdAt=2025-08-20T16:41:26.624454Z, updatedAt=null)
2025-09-23 22:33:53 INFO  [http-nio-8888-exec-10] c.D.B.service.impl.UserServiceImpl - Thông tin người dùng với ID User(id=2, name=Người dùng 1, email=user1@gmail.com, password=$2a$10$J2bepHobuhpibX7o.doQY.o5BhK4kaFfJSP1HMg9QUS7kqhfWjlLq, address=Thái Bình, phone=0981319648, imageUrl=http://res.cloudinary.com/dnwzqsthm/image/upload/9d906d11-d247-486b-a634-f6ef5a83cea5-anh-test.jpg, imagePublicId=9d906d11-d247-486b-a634-f6ef5a83cea5-anh-test, ssoID=null, gender=null, ssoType=null, active=true, refreshToken=null, orders=[], role=null, cart=null, reviews=[], createdAt=2025-08-20T16:41:26.624454Z, updatedAt=null)
2025-09-23 22:34:14 INFO  [http-nio-8888-exec-9] c.D.B.service.impl.UserServiceImpl - Thông tin người dùng với ID User(id=2, name=Người dùng 1, email=user1@gmail.com, password=$2a$10$J2bepHobuhpibX7o.doQY.o5BhK4kaFfJSP1HMg9QUS7kqhfWjlLq, address=Thái Bình, phone=0981319648, imageUrl=http://res.cloudinary.com/dnwzqsthm/image/upload/9d906d11-d247-486b-a634-f6ef5a83cea5-anh-test.jpg, imagePublicId=9d906d11-d247-486b-a634-f6ef5a83cea5-anh-test, ssoID=null, gender=null, ssoType=null, active=true, refreshToken=null, orders=[], role=null, cart=null, reviews=[], createdAt=2025-08-20T16:41:26.624454Z, updatedAt=null)
2025-09-23 22:34:16 INFO  [http-nio-8888-exec-8] c.D.B.service.impl.UserServiceImpl - Thông tin người dùng với ID User(id=2, name=Người dùng 1, email=user1@gmail.com, password=$2a$10$J2bepHobuhpibX7o.doQY.o5BhK4kaFfJSP1HMg9QUS7kqhfWjlLq, address=Thái Bình, phone=0981319648, imageUrl=http://res.cloudinary.com/dnwzqsthm/image/upload/9d906d11-d247-486b-a634-f6ef5a83cea5-anh-test.jpg, imagePublicId=9d906d11-d247-486b-a634-f6ef5a83cea5-anh-test, ssoID=null, gender=null, ssoType=null, active=true, refreshToken=null, orders=[], role=null, cart=null, reviews=[], createdAt=2025-08-20T16:41:26.624454Z, updatedAt=null)
2025-09-23 22:34:23 INFO  [http-nio-8888-exec-5] c.D.B.service.impl.UserServiceImpl - Thông tin người dùng với ID User(id=2, name=Người dùng 1, email=user1@gmail.com, password=$2a$10$J2bepHobuhpibX7o.doQY.o5BhK4kaFfJSP1HMg9QUS7kqhfWjlLq, address=Thái Bình, phone=0981319648, imageUrl=http://res.cloudinary.com/dnwzqsthm/image/upload/9d906d11-d247-486b-a634-f6ef5a83cea5-anh-test.jpg, imagePublicId=9d906d11-d247-486b-a634-f6ef5a83cea5-anh-test, ssoID=null, gender=null, ssoType=null, active=true, refreshToken=null, orders=[], role=null, cart=null, reviews=[], createdAt=2025-08-20T16:41:26.624454Z, updatedAt=null)
2025-09-23 22:34:25 INFO  [http-nio-8888-exec-1] c.D.B.service.impl.UserServiceImpl - Thông tin người dùng với ID User(id=2, name=Người dùng 1, email=user1@gmail.com, password=$2a$10$J2bepHobuhpibX7o.doQY.o5BhK4kaFfJSP1HMg9QUS7kqhfWjlLq, address=Thái Bình, phone=0981319648, imageUrl=http://res.cloudinary.com/dnwzqsthm/image/upload/9d906d11-d247-486b-a634-f6ef5a83cea5-anh-test.jpg, imagePublicId=9d906d11-d247-486b-a634-f6ef5a83cea5-anh-test, ssoID=null, gender=null, ssoType=null, active=true, refreshToken=null, orders=[], role=null, cart=null, reviews=[], createdAt=2025-08-20T16:41:26.624454Z, updatedAt=null)
2025-09-23 22:37:12 INFO  [http-nio-8888-exec-3] c.D.B.service.impl.UserServiceImpl - Thông tin người dùng với ID User(id=2, name=Người dùng 1, email=user1@gmail.com, password=$2a$10$J2bepHobuhpibX7o.doQY.o5BhK4kaFfJSP1HMg9QUS7kqhfWjlLq, address=Thái Bình, phone=0981319648, imageUrl=http://res.cloudinary.com/dnwzqsthm/image/upload/9d906d11-d247-486b-a634-f6ef5a83cea5-anh-test.jpg, imagePublicId=9d906d11-d247-486b-a634-f6ef5a83cea5-anh-test, ssoID=null, gender=null, ssoType=null, active=true, refreshToken=null, orders=[], role=null, cart=null, reviews=[], createdAt=2025-08-20T16:41:26.624454Z, updatedAt=null)
2025-09-23 22:39:07 INFO  [http-nio-8888-exec-4] c.D.B.service.impl.UserServiceImpl - Thông tin người dùng với ID User(id=2, name=Người dùng 1, email=user1@gmail.com, password=$2a$10$J2bepHobuhpibX7o.doQY.o5BhK4kaFfJSP1HMg9QUS7kqhfWjlLq, address=Thái Bình, phone=0981319648, imageUrl=http://res.cloudinary.com/dnwzqsthm/image/upload/9d906d11-d247-486b-a634-f6ef5a83cea5-anh-test.jpg, imagePublicId=9d906d11-d247-486b-a634-f6ef5a83cea5-anh-test, ssoID=null, gender=null, ssoType=null, active=true, refreshToken=null, orders=[], role=null, cart=null, reviews=[], createdAt=2025-08-20T16:41:26.624454Z, updatedAt=null)
2025-09-23 22:47:28 INFO  [http-nio-8888-exec-10] c.D.B.service.impl.UserServiceImpl - Thông tin người dùng với ID User(id=2, name=Người dùng 1, email=user1@gmail.com, password=$2a$10$J2bepHobuhpibX7o.doQY.o5BhK4kaFfJSP1HMg9QUS7kqhfWjlLq, address=Thái Bình, phone=0981319648, imageUrl=http://res.cloudinary.com/dnwzqsthm/image/upload/9d906d11-d247-486b-a634-f6ef5a83cea5-anh-test.jpg, imagePublicId=9d906d11-d247-486b-a634-f6ef5a83cea5-anh-test, ssoID=null, gender=null, ssoType=null, active=true, refreshToken=null, orders=[], role=null, cart=null, reviews=[], createdAt=2025-08-20T16:41:26.624454Z, updatedAt=null)
2025-09-23 22:48:03 INFO  [http-nio-8888-exec-9] c.D.B.service.impl.UserServiceImpl - Hiển thị danh sách người dùng phân trang thành công!
2025-09-23 22:48:03 INFO  [http-nio-8888-exec-8] c.D.B.service.impl.UserServiceImpl - Hiển thị danh sách người dùng phân trang thành công!
2025-09-23 22:50:01 INFO  [http-nio-8888-exec-2] c.D.B.service.impl.UserServiceImpl - Hiển thị danh sách người dùng phân trang thành công!
2025-09-23 22:50:01 INFO  [http-nio-8888-exec-3] c.D.B.service.impl.UserServiceImpl - Hiển thị danh sách người dùng phân trang thành công!
2025-09-23 22:50:13 INFO  [http-nio-8888-exec-6] c.D.B.service.impl.UserServiceImpl - Hiển thị danh sách người dùng phân trang thành công!
2025-09-23 22:50:13 INFO  [http-nio-8888-exec-4] c.D.B.service.impl.UserServiceImpl - Hiển thị danh sách người dùng phân trang thành công!
2025-09-23 22:50:26 INFO  [http-nio-8888-exec-7] c.D.B.service.impl.UserServiceImpl - Hiển thị danh sách người dùng phân trang thành công!
2025-09-23 22:50:26 INFO  [http-nio-8888-exec-10] c.D.B.service.impl.UserServiceImpl - Hiển thị danh sách người dùng phân trang thành công!
2025-09-23 22:51:00 INFO  [http-nio-8888-exec-9] c.D.B.service.impl.UserServiceImpl - Hiển thị danh sách người dùng phân trang thành công!
2025-09-23 22:51:00 INFO  [http-nio-8888-exec-8] c.D.B.service.impl.UserServiceImpl - Hiển thị danh sách người dùng phân trang thành công!
2025-09-23 22:51:20 INFO  [http-nio-8888-exec-5] c.D.B.service.impl.UserServiceImpl - Hiển thị danh sách người dùng phân trang thành công!
2025-09-23 22:51:20 INFO  [http-nio-8888-exec-1] c.D.B.service.impl.UserServiceImpl - Hiển thị danh sách người dùng phân trang thành công!
2025-09-23 22:51:35 INFO  [http-nio-8888-exec-2] c.D.B.service.impl.UserServiceImpl - Hiển thị danh sách người dùng phân trang thành công!
2025-09-23 22:51:35 INFO  [http-nio-8888-exec-3] c.D.B.service.impl.UserServiceImpl - Hiển thị danh sách người dùng phân trang thành công!
2025-09-23 22:51:43 INFO  [http-nio-8888-exec-6] c.D.B.service.impl.UserServiceImpl - Hiển thị danh sách người dùng phân trang thành công!
2025-09-23 22:51:43 INFO  [http-nio-8888-exec-4] c.D.B.service.impl.UserServiceImpl - Hiển thị danh sách người dùng phân trang thành công!
2025-09-23 22:52:58 INFO  [http-nio-8888-exec-9] c.D.B.service.impl.UserServiceImpl - Hiển thị danh sách người dùng phân trang thành công!
2025-09-23 22:52:58 INFO  [http-nio-8888-exec-8] c.D.B.service.impl.UserServiceImpl - Hiển thị danh sách người dùng phân trang thành công!
2025-09-23 22:55:11 INFO  [http-nio-8888-exec-2] c.D.B.service.impl.UserServiceImpl - Thông tin người dùng với ID User(id=2, name=Người dùng 1, email=user1@gmail.com, password=$2a$10$J2bepHobuhpibX7o.doQY.o5BhK4kaFfJSP1HMg9QUS7kqhfWjlLq, address=Thái Bình, phone=0981319648, imageUrl=http://res.cloudinary.com/dnwzqsthm/image/upload/9d906d11-d247-486b-a634-f6ef5a83cea5-anh-test.jpg, imagePublicId=9d906d11-d247-486b-a634-f6ef5a83cea5-anh-test, ssoID=null, gender=null, ssoType=null, active=true, refreshToken=null, orders=[], role=null, cart=null, reviews=[], createdAt=2025-08-20T16:41:26.624454Z, updatedAt=null)
2025-09-23 22:55:20 INFO  [http-nio-8888-exec-3] c.D.B.service.impl.UserServiceImpl - Thông tin người dùng với ID User(id=3, name=Người dùng 2, email=nguoidung2@gmail.com, password=$2a$10$I4qTsxBjbsqcvnWGt.zHbOVCgMsSf.4vg6x6ajlJrxEG8aW2Itnha, address=Thái Bình, phone=0981319648, imageUrl=http://res.cloudinary.com/dnwzqsthm/image/upload/572411ac-87cf-40ca-aa65-d83ee62b30ee-test.png, imagePublicId=572411ac-87cf-40ca-aa65-d83ee62b30ee-test, ssoID=null, gender=null, ssoType=null, active=true, refreshToken=null, orders=[], role=null, cart=null, reviews=[], createdAt=2025-09-09T16:07:18.379797Z, updatedAt=null)
2025-09-23 22:55:27 INFO  [http-nio-8888-exec-6] c.D.B.service.impl.UserServiceImpl - Thông tin người dùng với ID User(id=2, name=Người dùng 1, email=user1@gmail.com, password=$2a$10$J2bepHobuhpibX7o.doQY.o5BhK4kaFfJSP1HMg9QUS7kqhfWjlLq, address=Thái Bình, phone=0981319648, imageUrl=http://res.cloudinary.com/dnwzqsthm/image/upload/9d906d11-d247-486b-a634-f6ef5a83cea5-anh-test.jpg, imagePublicId=9d906d11-d247-486b-a634-f6ef5a83cea5-anh-test, ssoID=null, gender=null, ssoType=null, active=true, refreshToken=null, orders=[], role=null, cart=null, reviews=[], createdAt=2025-08-20T16:41:26.624454Z, updatedAt=null)
2025-09-23 22:55:30 INFO  [http-nio-8888-exec-4] c.D.B.service.impl.UserServiceImpl - Thông tin người dùng với ID User(id=2, name=Người dùng 1, email=user1@gmail.com, password=$2a$10$J2bepHobuhpibX7o.doQY.o5BhK4kaFfJSP1HMg9QUS7kqhfWjlLq, address=Thái Bình, phone=0981319648, imageUrl=http://res.cloudinary.com/dnwzqsthm/image/upload/9d906d11-d247-486b-a634-f6ef5a83cea5-anh-test.jpg, imagePublicId=9d906d11-d247-486b-a634-f6ef5a83cea5-anh-test, ssoID=null, gender=null, ssoType=null, active=true, refreshToken=null, orders=[], role=null, cart=null, reviews=[], createdAt=2025-08-20T16:41:26.624454Z, updatedAt=null)
2025-09-23 22:55:33 INFO  [http-nio-8888-exec-10] c.D.B.service.impl.UserServiceImpl - Thông tin người dùng với ID User(id=2, name=Người dùng 1, email=user1@gmail.com, password=$2a$10$J2bepHobuhpibX7o.doQY.o5BhK4kaFfJSP1HMg9QUS7kqhfWjlLq, address=Thái Bình, phone=0981319648, imageUrl=http://res.cloudinary.com/dnwzqsthm/image/upload/9d906d11-d247-486b-a634-f6ef5a83cea5-anh-test.jpg, imagePublicId=9d906d11-d247-486b-a634-f6ef5a83cea5-anh-test, ssoID=null, gender=null, ssoType=null, active=true, refreshToken=null, orders=[], role=null, cart=null, reviews=[], createdAt=2025-08-20T16:41:26.624454Z, updatedAt=null)
2025-09-23 22:55:36 INFO  [http-nio-8888-exec-7] c.D.B.service.impl.UserServiceImpl - Thông tin người dùng với ID User(id=2, name=Người dùng 1, email=user1@gmail.com, password=$2a$10$J2bepHobuhpibX7o.doQY.o5BhK4kaFfJSP1HMg9QUS7kqhfWjlLq, address=Thái Bình, phone=0981319648, imageUrl=http://res.cloudinary.com/dnwzqsthm/image/upload/9d906d11-d247-486b-a634-f6ef5a83cea5-anh-test.jpg, imagePublicId=9d906d11-d247-486b-a634-f6ef5a83cea5-anh-test, ssoID=null, gender=null, ssoType=null, active=true, refreshToken=null, orders=[], role=null, cart=null, reviews=[], createdAt=2025-08-20T16:41:26.624454Z, updatedAt=null)
2025-09-23 22:55:40 INFO  [http-nio-8888-exec-9] c.D.B.service.impl.UserServiceImpl - Thông tin người dùng với ID User(id=3, name=Người dùng 2, email=nguoidung2@gmail.com, password=$2a$10$I4qTsxBjbsqcvnWGt.zHbOVCgMsSf.4vg6x6ajlJrxEG8aW2Itnha, address=Thái Bình, phone=0981319648, imageUrl=http://res.cloudinary.com/dnwzqsthm/image/upload/572411ac-87cf-40ca-aa65-d83ee62b30ee-test.png, imagePublicId=572411ac-87cf-40ca-aa65-d83ee62b30ee-test, ssoID=null, gender=null, ssoType=null, active=true, refreshToken=null, orders=[], role=null, cart=null, reviews=[], createdAt=2025-09-09T16:07:18.379797Z, updatedAt=null)
2025-09-23 22:55:44 INFO  [http-nio-8888-exec-8] c.D.B.service.impl.UserServiceImpl - Thông tin người dùng với ID User(id=2, name=Người dùng 1, email=user1@gmail.com, password=$2a$10$J2bepHobuhpibX7o.doQY.o5BhK4kaFfJSP1HMg9QUS7kqhfWjlLq, address=Thái Bình, phone=0981319648, imageUrl=http://res.cloudinary.com/dnwzqsthm/image/upload/9d906d11-d247-486b-a634-f6ef5a83cea5-anh-test.jpg, imagePublicId=9d906d11-d247-486b-a634-f6ef5a83cea5-anh-test, ssoID=null, gender=null, ssoType=null, active=true, refreshToken=null, orders=[], role=null, cart=null, reviews=[], createdAt=2025-08-20T16:41:26.624454Z, updatedAt=null)
2025-09-23 22:56:14 INFO  [http-nio-8888-exec-5] c.D.B.service.impl.UserServiceImpl - Thông tin người dùng với ID User(id=2, name=Người dùng 1, email=user1@gmail.com, password=$2a$10$J2bepHobuhpibX7o.doQY.o5BhK4kaFfJSP1HMg9QUS7kqhfWjlLq, address=Thái Bình, phone=0981319648, imageUrl=http://res.cloudinary.com/dnwzqsthm/image/upload/9d906d11-d247-486b-a634-f6ef5a83cea5-anh-test.jpg, imagePublicId=9d906d11-d247-486b-a634-f6ef5a83cea5-anh-test, ssoID=null, gender=null, ssoType=null, active=true, refreshToken=null, orders=[], role=null, cart=null, reviews=[], createdAt=2025-08-20T16:41:26.624454Z, updatedAt=null)
2025-09-23 22:56:43 INFO  [http-nio-8888-exec-1] c.D.B.service.impl.UserServiceImpl - Hiển thị danh sách người dùng phân trang thành công!
2025-09-23 22:56:43 INFO  [http-nio-8888-exec-2] c.D.B.service.impl.UserServiceImpl - Hiển thị danh sách người dùng phân trang thành công!
2025-09-23 22:56:44 INFO  [http-nio-8888-exec-3] c.D.B.service.impl.UserServiceImpl - Hiển thị danh sách người dùng phân trang thành công!
2025-09-23 22:56:44 INFO  [http-nio-8888-exec-6] c.D.B.service.impl.UserServiceImpl - Hiển thị danh sách người dùng phân trang thành công!
2025-09-23 22:56:45 INFO  [http-nio-8888-exec-4] c.D.B.service.impl.UserServiceImpl - Hiển thị danh sách người dùng phân trang thành công!
2025-09-23 22:56:45 INFO  [http-nio-8888-exec-10] c.D.B.service.impl.UserServiceImpl - Hiển thị danh sách người dùng phân trang thành công!
2025-09-23 22:56:46 INFO  [http-nio-8888-exec-7] c.D.B.service.impl.UserServiceImpl - Hiển thị danh sách người dùng phân trang thành công!
2025-09-23 22:56:46 INFO  [http-nio-8888-exec-9] c.D.B.service.impl.UserServiceImpl - Hiển thị danh sách người dùng phân trang thành công!
2025-09-23 22:56:47 INFO  [http-nio-8888-exec-8] c.D.B.service.impl.UserServiceImpl - Hiển thị danh sách người dùng phân trang thành công!
2025-09-23 22:56:47 INFO  [http-nio-8888-exec-8] c.D.B.service.impl.UserServiceImpl - Hiển thị danh sách người dùng phân trang thành công!
2025-09-23 22:58:30 INFO  [http-nio-8888-exec-3] c.D.B.service.impl.UserServiceImpl - Hiển thị danh sách người dùng phân trang thành công!
2025-09-23 22:58:30 INFO  [http-nio-8888-exec-6] c.D.B.service.impl.UserServiceImpl - Hiển thị danh sách người dùng phân trang thành công!
2025-09-23 22:59:33 INFO  [http-nio-8888-exec-7] c.D.B.service.impl.UserServiceImpl - Thông tin người dùng với ID User(id=2, name=Người dùng 1, email=user1@gmail.com, password=$2a$10$J2bepHobuhpibX7o.doQY.o5BhK4kaFfJSP1HMg9QUS7kqhfWjlLq, address=Thái Bình, phone=0981319648, imageUrl=http://res.cloudinary.com/dnwzqsthm/image/upload/9d906d11-d247-486b-a634-f6ef5a83cea5-anh-test.jpg, imagePublicId=9d906d11-d247-486b-a634-f6ef5a83cea5-anh-test, ssoID=null, gender=null, ssoType=null, active=true, refreshToken=null, orders=[], role=null, cart=null, reviews=[], createdAt=2025-08-20T16:41:26.624454Z, updatedAt=null)
2025-09-23 23:00:48 WARN  [http-nio-8888-exec-5] o.s.w.s.m.m.a.ExceptionHandlerExceptionResolver - Resolved [com.DatLeo.BookShop.exception.FieldException: Validation failed]
2025-09-23 23:00:56 INFO  [http-nio-8888-exec-8] c.D.B.service.impl.UserServiceImpl - Lưu người dùng thành công!
2025-09-23 23:00:56 INFO  [http-nio-8888-exec-8] c.D.B.service.impl.FileServiceImpl - Thông tin file upload: 1e8f7c85-1a29-4226-8f43-2e8d18768fb7-anh-testjpg
2025-09-23 23:00:59 INFO  [http-nio-8888-exec-8] c.D.B.service.impl.FileServiceImpl - Thông tin file path: 1e8f7c85-1a29-4226-8f43-2e8d18768fb7-anh-testjpg
2025-09-23 23:00:59 INFO  [http-nio-8888-exec-1] c.D.B.service.impl.UserServiceImpl - Hiển thị danh sách người dùng phân trang thành công!
2025-09-23 23:02:14 WARN  [http-nio-8888-exec-3] o.s.w.s.m.m.a.ExceptionHandlerExceptionResolver - Resolved [com.DatLeo.BookShop.exception.FieldException: Validation failed]
2025-09-23 23:02:21 INFO  [http-nio-8888-exec-6] c.D.B.service.impl.UserServiceImpl - Lưu người dùng thành công!
2025-09-23 23:02:21 INFO  [http-nio-8888-exec-10] c.D.B.service.impl.UserServiceImpl - Hiển thị danh sách người dùng phân trang thành công!
2025-09-23 23:03:02 INFO  [http-nio-8888-exec-4] c.D.B.service.impl.UserServiceImpl - Lưu người dùng thành công!
2025-09-23 23:03:02 INFO  [http-nio-8888-exec-7] c.D.B.service.impl.UserServiceImpl - Hiển thị danh sách người dùng phân trang thành công!
2025-09-23 23:03:21 WARN  [http-nio-8888-exec-9] o.s.w.s.m.m.a.ExceptionHandlerExceptionResolver - Resolved [com.DatLeo.BookShop.exception.FieldException: Validation failed]
2025-09-23 23:03:25 INFO  [http-nio-8888-exec-5] c.D.B.service.impl.UserServiceImpl - Lưu người dùng thành công!
2025-09-23 23:03:25 INFO  [http-nio-8888-exec-8] c.D.B.service.impl.UserServiceImpl - Hiển thị danh sách người dùng phân trang thành công!
2025-09-23 23:03:39 INFO  [http-nio-8888-exec-1] c.D.B.service.impl.UserServiceImpl - Thông tin người dùng với ID User(id=2, name=Người dùng 1, email=user1@gmail.com, password=$2a$10$J2bepHobuhpibX7o.doQY.o5BhK4kaFfJSP1HMg9QUS7kqhfWjlLq, address=Thái Bình, phone=0981319648, imageUrl=http://res.cloudinary.com/dnwzqsthm/image/upload/9d906d11-d247-486b-a634-f6ef5a83cea5-anh-test.jpg, imagePublicId=9d906d11-d247-486b-a634-f6ef5a83cea5-anh-test, ssoID=null, gender=null, ssoType=null, active=true, refreshToken=null, orders=[], role=null, cart=null, reviews=[], createdAt=2025-08-20T16:41:26.624454Z, updatedAt=null)
2025-09-23 23:03:41 INFO  [http-nio-8888-exec-2] c.D.B.service.impl.UserServiceImpl - Thông tin người dùng với ID User(id=7, name=csdcsd, email=csdcds@gmail.com, password=$2a$10$IPLUftnwEfAPEepSu4Xq8O6kzUWbI6YA6y.k2zl/3E1PpWMI73UO6, address=bfdbdfbd, phone=0987654321, imageUrl=null, imagePublicId=null, ssoID=null, gender=null, ssoType=null, active=false, refreshToken=null, orders=[], role=null, cart=null, reviews=[], createdAt=2025-09-23T16:03:25.921402Z, updatedAt=null)
2025-09-23 23:08:35 INFO  [http-nio-8888-exec-6] c.D.B.service.impl.UserServiceImpl - Hiển thị danh sách người dùng phân trang thành công!
2025-09-23 23:08:35 INFO  [http-nio-8888-exec-10] c.D.B.service.impl.UserServiceImpl - Hiển thị danh sách người dùng phân trang thành công!
2025-09-23 23:14:50 INFO  [http-nio-8888-exec-9] c.D.B.service.impl.UserServiceImpl - Thông tin người dùng với ID User(id=2, name=Người dùng 1, email=user1@gmail.com, password=$2a$10$J2bepHobuhpibX7o.doQY.o5BhK4kaFfJSP1HMg9QUS7kqhfWjlLq, address=Thái Bình, phone=0981319648, imageUrl=http://res.cloudinary.com/dnwzqsthm/image/upload/9d906d11-d247-486b-a634-f6ef5a83cea5-anh-test.jpg, imagePublicId=9d906d11-d247-486b-a634-f6ef5a83cea5-anh-test, ssoID=null, gender=null, ssoType=null, active=true, refreshToken=null, orders=[], role=null, cart=null, reviews=[], createdAt=2025-08-20T16:41:26.624454Z, updatedAt=null)
2025-09-23 23:50:20 INFO  [http-nio-8888-exec-8] c.D.B.service.impl.UserServiceImpl - Thông tin người dùng với ID User(id=2, name=Người dùng 1, email=user1@gmail.com, password=$2a$10$J2bepHobuhpibX7o.doQY.o5BhK4kaFfJSP1HMg9QUS7kqhfWjlLq, address=Thái Bình, phone=0981319648, imageUrl=http://res.cloudinary.com/dnwzqsthm/image/upload/9d906d11-d247-486b-a634-f6ef5a83cea5-anh-test.jpg, imagePublicId=9d906d11-d247-486b-a634-f6ef5a83cea5-anh-test, ssoID=null, gender=null, ssoType=null, active=true, refreshToken=null, orders=[], role=null, cart=null, reviews=[], createdAt=2025-08-20T16:41:26.624454Z, updatedAt=null)
2025-09-23 23:56:51 INFO  [http-nio-8888-exec-2] c.D.B.service.impl.UserServiceImpl - Thông tin người dùng với ID User(id=2, name=Người dùng 1, email=user1@gmail.com, password=$2a$10$J2bepHobuhpibX7o.doQY.o5BhK4kaFfJSP1HMg9QUS7kqhfWjlLq, address=Thái Bình, phone=0981319648, imageUrl=http://res.cloudinary.com/dnwzqsthm/image/upload/9d906d11-d247-486b-a634-f6ef5a83cea5-anh-test.jpg, imagePublicId=9d906d11-d247-486b-a634-f6ef5a83cea5-anh-test, ssoID=null, gender=null, ssoType=null, active=true, refreshToken=null, orders=[], role=null, cart=null, reviews=[], createdAt=2025-08-20T16:41:26.624454Z, updatedAt=null)
