2025-11-17 00:01:23 INFO  [http-nio-8888-exec-4] c.D.B.service.impl.AuthorServiceImpl - Lưu tác giả thành công với tên George Samuel Clason
2025-11-17 00:02:59 INFO  [http-nio-8888-exec-7] c.D.B.service.impl.BookServiceImpl - Thêm sách mới thành công với ID 38
2025-11-17 00:03:21 INFO  [http-nio-8888-exec-8] c.D.B.service.impl.AuthorServiceImpl - Cập nhật tác giả thành công com.DatLeo.BookShop.entity.Author@352fda80
2025-11-17 00:03:43 INFO  [http-nio-8888-exec-3] c.D.B.service.impl.AuthorServiceImpl - Cập nhật tác giả thành công com.DatLeo.BookShop.entity.Author@3075f951
2025-11-17 00:13:36 INFO  [http-nio-8888-exec-2] c.D.B.service.impl.AuthorServiceImpl - Lưu tác giả thành công với tên Linda Yueh
2025-11-17 00:14:43 INFO  [http-nio-8888-exec-3] c.D.B.service.impl.BookServiceImpl - Thêm sách mới thành công với ID 39
2025-11-17 00:25:26 INFO  [http-nio-8888-exec-7] c.D.B.service.impl.AuthorServiceImpl - Lưu tác giả thành công với tên TS. Lê Hồng Nhung
2025-11-17 00:27:23 INFO  [http-nio-8888-exec-10] c.D.B.service.impl.BookServiceImpl - Thêm sách mới thành công với ID 40
2025-11-17 00:29:36 INFO  [http-nio-8888-exec-8] c.D.B.service.impl.AuthorServiceImpl - Lưu tác giả thành công với tên JL Collins
2025-11-17 00:30:51 INFO  [http-nio-8888-exec-5] c.D.B.service.impl.BookServiceImpl - Thêm sách mới thành công với ID 41
2025-11-17 00:43:10 INFO  [SpringApplicationShutdownHook] o.s.b.w.e.tomcat.GracefulShutdown - Commencing graceful shutdown. Waiting for active requests to complete
2025-11-17 00:43:10 INFO  [tomcat-shutdown] o.s.b.w.e.tomcat.GracefulShutdown - Graceful shutdown complete
2025-11-17 00:43:10 INFO  [SpringApplicationShutdownHook] o.s.o.j.LocalContainerEntityManagerFactoryBean - Closing JPA EntityManagerFactory for persistence unit 'default'
2025-11-17 00:43:10 INFO  [SpringApplicationShutdownHook] com.zaxxer.hikari.HikariDataSource - HikariPool-1 - Shutdown initiated...
2025-11-17 00:43:10 INFO  [SpringApplicationShutdownHook] com.zaxxer.hikari.HikariDataSource - HikariPool-1 - Shutdown completed.
2025-11-17 22:57:52 INFO  [background-preinit] o.h.validator.internal.util.Version - HV000001: Hibernate Validator 8.0.2.Final
2025-11-17 22:57:52 INFO  [restartedMain] c.D.BookShop.BookShopApplication - Starting BookShopApplication using Java 22 with PID 15240 (D:\Do_An\BACK-END\BookShop\target\classes started by nguye in D:\Do_An\BACK-END\BookShop)
2025-11-17 22:57:52 DEBUG [restartedMain] c.D.BookShop.BookShopApplication - Running with Spring Boot v3.5.0, Spring v6.2.7
2025-11-17 22:57:52 INFO  [restartedMain] c.D.BookShop.BookShopApplication - No active profile set, falling back to 1 default profile: "default"
2025-11-17 22:57:52 INFO  [restartedMain] o.s.b.d.restart.ChangeableUrls - The Class-Path manifest attribute in C:\Users\nguye\.m2\repository\io\github\cdimascio\java-dotenv\5.2.2\java-dotenv-5.2.2.jar referenced one or more files that do not exist: file:/C:/Users/nguye/.m2/repository/io/github/cdimascio/java-dotenv/5.2.2/kotlin-stdlib-1.4.0.jar,file:/C:/Users/nguye/.m2/repository/io/github/cdimascio/java-dotenv/5.2.2/kotlin-stdlib-common-1.4.0.jar,file:/C:/Users/nguye/.m2/repository/io/github/cdimascio/java-dotenv/5.2.2/annotations-13.0.jar
2025-11-17 22:57:52 INFO  [restartedMain] o.s.b.d.e.DevToolsPropertyDefaultsPostProcessor - Devtools property defaults active! Set 'spring.devtools.add-properties' to 'false' to disable
2025-11-17 22:57:52 INFO  [restartedMain] o.s.b.d.e.DevToolsPropertyDefaultsPostProcessor - For additional web related logging consider setting the 'logging.level.web' property to 'DEBUG'
2025-11-17 22:57:53 INFO  [restartedMain] o.s.d.r.c.RepositoryConfigurationDelegate - Bootstrapping Spring Data JPA repositories in DEFAULT mode.
2025-11-17 22:57:54 INFO  [restartedMain] o.s.d.r.c.RepositoryConfigurationDelegate - Finished Spring Data repository scanning in 139 ms. Found 9 JPA repository interfaces.
2025-11-17 22:57:55 INFO  [restartedMain] o.s.b.w.e.tomcat.TomcatWebServer - Tomcat initialized with port 8888 (http)
2025-11-17 22:57:55 INFO  [restartedMain] o.a.coyote.http11.Http11NioProtocol - Initializing ProtocolHandler ["http-nio-8888"]
2025-11-17 22:57:55 INFO  [restartedMain] o.a.catalina.core.StandardService - Starting service [Tomcat]
2025-11-17 22:57:55 INFO  [restartedMain] o.a.catalina.core.StandardEngine - Starting Servlet engine: [Apache Tomcat/10.1.41]
2025-11-17 22:57:55 INFO  [restartedMain] o.a.c.c.C.[Tomcat].[localhost].[/] - Initializing Spring embedded WebApplicationContext
2025-11-17 22:57:55 INFO  [restartedMain] o.s.b.w.s.c.ServletWebServerApplicationContext - Root WebApplicationContext: initialization completed in 3020 ms
2025-11-17 22:57:55 INFO  [restartedMain] o.h.jpa.internal.util.LogHelper - HHH000204: Processing PersistenceUnitInfo [name: default]
2025-11-17 22:57:55 INFO  [restartedMain] org.hibernate.Version - HHH000412: Hibernate ORM core version 6.6.15.Final
2025-11-17 22:57:55 INFO  [restartedMain] o.h.c.i.RegionFactoryInitiator - HHH000026: Second-level cache disabled
2025-11-17 22:57:56 INFO  [restartedMain] o.s.o.j.p.SpringPersistenceUnitInfo - No LoadTimeWeaver setup: ignoring JPA class transformer
2025-11-17 22:57:56 INFO  [restartedMain] com.zaxxer.hikari.HikariDataSource - HikariPool-1 - Starting...
2025-11-17 22:57:56 INFO  [restartedMain] com.zaxxer.hikari.pool.HikariPool - HikariPool-1 - Added connection com.mysql.cj.jdbc.ConnectionImpl@77caf9cb
2025-11-17 22:57:56 INFO  [restartedMain] com.zaxxer.hikari.HikariDataSource - HikariPool-1 - Start completed.
2025-11-17 22:57:56 INFO  [restartedMain] o.hibernate.orm.connections.pooling - HHH10001005: Database info:
	Database JDBC URL [Connecting through datasource 'HikariDataSource (HikariPool-1)']
	Database driver: undefined/unknown
	Database version: 9.1
	Autocommit mode: undefined/unknown
	Isolation level: undefined/unknown
	Minimum pool size: undefined/unknown
	Maximum pool size: undefined/unknown
2025-11-17 22:57:58 INFO  [restartedMain] o.h.e.t.j.p.i.JtaPlatformInitiator - HHH000489: No JTA platform available (set 'hibernate.transaction.jta.platform' to enable JTA platform integration)
2025-11-17 22:57:58 INFO  [restartedMain] o.s.o.j.LocalContainerEntityManagerFactoryBean - Initialized JPA EntityManagerFactory for persistence unit 'default'
2025-11-17 22:57:58 INFO  [restartedMain] o.s.d.j.r.query.QueryEnhancerFactory - Hibernate is in classpath; If applicable, HQL parser will be used.
2025-11-17 22:58:00 WARN  [restartedMain] o.s.b.a.o.j.JpaBaseConfiguration$JpaWebConfiguration - spring.jpa.open-in-view is enabled by default. Therefore, database queries may be performed during view rendering. Explicitly configure spring.jpa.open-in-view to disable this warning
2025-11-17 22:58:00 INFO  [restartedMain] o.s.s.c.a.a.c.InitializeUserDetailsBeanManagerConfigurer$InitializeUserDetailsManagerConfigurer - Global AuthenticationManager configured with UserDetailsService bean with name userDetailsService
2025-11-17 22:58:01 INFO  [restartedMain] o.s.b.d.a.OptionalLiveReloadServer - LiveReload server is running on port 35729
2025-11-17 22:58:01 INFO  [restartedMain] o.a.coyote.http11.Http11NioProtocol - Starting ProtocolHandler ["http-nio-8888"]
2025-11-17 22:58:01 INFO  [restartedMain] o.s.b.w.e.tomcat.TomcatWebServer - Tomcat started on port 8888 (http) with context path '/'
2025-11-17 22:58:01 INFO  [restartedMain] c.D.BookShop.BookShopApplication - Started BookShopApplication in 10.252 seconds (process running for 11.674)
2025-11-17 23:01:54 INFO  [http-nio-8888-exec-1] o.a.c.c.C.[Tomcat].[localhost].[/] - Initializing Spring DispatcherServlet 'dispatcherServlet'
2025-11-17 23:01:54 INFO  [http-nio-8888-exec-1] o.s.web.servlet.DispatcherServlet - Initializing Servlet 'dispatcherServlet'
2025-11-17 23:01:54 INFO  [http-nio-8888-exec-1] o.s.web.servlet.DispatcherServlet - Completed initialization in 5 ms
2025-11-17 23:01:54 INFO  [http-nio-8888-exec-9] o.a.tomcat.util.http.parser.Cookie - A cookie header was received [g_state={"i_l":0,"i_ll":1762971750551,"i_b":"0PnWyZZAMCmwKKc3B4WcNIIPF3azmVCP8QqFciM4j3I"}] that contained an invalid cookie. That cookie will be ignored.
 Note: further occurrences of this error will be logged at DEBUG level.
2025-11-17 23:01:54 INFO  [http-nio-8888-exec-7] o.a.tomcat.util.http.parser.Cookie - A cookie header was received [g_state={"i_l":0,"i_ll":1762971750551,"i_b":"0PnWyZZAMCmwKKc3B4WcNIIPF3azmVCP8QqFciM4j3I"}] that contained an invalid cookie. That cookie will be ignored.
 Note: further occurrences of this error will be logged at DEBUG level.
2025-11-17 23:01:54 INFO  [http-nio-8888-exec-10] o.a.tomcat.util.http.parser.Cookie - A cookie header was received [g_state={"i_l":0,"i_ll":1762971750551,"i_b":"0PnWyZZAMCmwKKc3B4WcNIIPF3azmVCP8QqFciM4j3I"}] that contained an invalid cookie. That cookie will be ignored.
 Note: further occurrences of this error will be logged at DEBUG level.
2025-11-17 23:06:26 INFO  [http-nio-8888-exec-1] c.D.B.service.impl.BookServiceImpl - Thêm sách mới thành công với ID 42
2025-11-17 23:06:44 INFO  [http-nio-8888-exec-2] c.D.B.service.impl.BookServiceImpl - Cập nhật sách thành công với ID 40
2025-11-17 23:06:56 INFO  [http-nio-8888-exec-1] c.D.B.service.impl.BookServiceImpl - Cập nhật sách thành công với ID 40
2025-11-17 23:11:37 INFO  [http-nio-8888-exec-4] c.D.B.service.impl.AuthorServiceImpl - Lưu tác giả thành công với tên Song Hong Bing
2025-11-17 23:13:18 INFO  [http-nio-8888-exec-3] c.D.B.service.impl.BookServiceImpl - Thêm sách mới thành công với ID 43
2025-11-17 23:15:51 INFO  [http-nio-8888-exec-6] c.D.B.service.impl.BookServiceImpl - Thêm sách mới thành công với ID 44
2025-11-17 23:18:38 INFO  [http-nio-8888-exec-5] c.D.B.service.impl.AuthorServiceImpl - Lưu tác giả thành công với tên Daniel Kahneman
2025-11-17 23:20:17 INFO  [http-nio-8888-exec-1] c.D.B.service.impl.BookServiceImpl - Thêm sách mới thành công với ID 45
2025-11-17 23:23:13 INFO  [http-nio-8888-exec-6] c.D.B.service.impl.AuthorServiceImpl - Lưu tác giả thành công với tên Timothy Ferriss
2025-11-17 23:25:07 INFO  [http-nio-8888-exec-11] c.D.B.service.impl.BookServiceImpl - Thêm sách mới thành công với ID 46
2025-11-17 23:29:07 ERROR [http-nio-8888-exec-4] c.D.B.service.impl.BookServiceImpl - Thêm mới sách không thành công, Tên sách đã tồn tại, vui lòng chọn tên khác.
2025-11-17 23:29:07 WARN  [http-nio-8888-exec-4] o.s.w.s.m.m.a.ExceptionHandlerExceptionResolver - Resolved [com.DatLeo.BookShop.exception.ApiException: Tên sách đã tồn tại, vui lòng chọn tên khác.]
2025-11-17 23:33:50 INFO  [http-nio-8888-exec-2] c.D.B.service.impl.AuthorServiceImpl - Lưu tác giả thành công với tên Little Rainbow
2025-11-17 23:35:09 INFO  [http-nio-8888-exec-11] c.D.B.service.impl.BookServiceImpl - Thêm sách mới thành công với ID 47
2025-11-17 23:35:19 INFO  [http-nio-8888-exec-5] c.D.B.service.impl.BookServiceImpl - Cập nhật sách thành công với ID 47
2025-11-17 23:35:25 INFO  [http-nio-8888-exec-6] c.D.B.service.impl.BookServiceImpl - Cập nhật sách thành công với ID 47
2025-11-17 23:36:01 INFO  [http-nio-8888-exec-3] c.D.B.service.impl.AuthorServiceImpl - Lưu tác giả thành công với tên Jess Bradley
2025-11-17 23:37:40 INFO  [http-nio-8888-exec-7] c.D.B.service.impl.BookServiceImpl - Thêm sách mới thành công với ID 48
2025-11-17 23:42:01 INFO  [http-nio-8888-exec-3] c.D.B.service.impl.AuthorServiceImpl - Lưu tác giả thành công với tên Lewis Carroll
2025-11-17 23:44:32 INFO  [http-nio-8888-exec-7] c.D.B.service.impl.BookServiceImpl - Thêm sách mới thành công với ID 49
