2025-09-25 00:02:54 INFO  [http-nio-8888-exec-5] c.D.B.s.impl.CategoryServiceImpl - Hiển thị danh sách danh mục phân trang thành công!
2025-09-25 00:02:54 INFO  [http-nio-8888-exec-6] c.D.B.s.impl.CategoryServiceImpl - Hiển thị danh sách danh mục phân trang thành công!
2025-09-25 00:19:54 INFO  [http-nio-8888-exec-7] c.D.B.s.impl.CategoryServiceImpl - Hiển thị danh sách danh mục phân trang thành công!
2025-09-25 00:19:54 INFO  [http-nio-8888-exec-1] c.D.B.s.impl.CategoryServiceImpl - Hiển thị danh sách danh mục phân trang thành công!
2025-09-25 00:23:27 INFO  [http-nio-8888-exec-2] c.D.B.s.impl.CategoryServiceImpl - Hiển thị danh sách danh mục phân trang thành công!
2025-09-25 00:23:48 INFO  [http-nio-8888-exec-6] c.D.B.s.impl.CategoryServiceImpl - Hiển thị danh sách danh mục phân trang thành công!
2025-09-25 00:24:10 INFO  [http-nio-8888-exec-9] c.D.B.s.impl.CategoryServiceImpl - Hiển thị danh sách danh mục phân trang thành công!
2025-09-25 00:24:13 INFO  [http-nio-8888-exec-7] c.D.B.s.impl.CategoryServiceImpl - Hiển thị danh sách danh mục phân trang thành công!
2025-09-25 00:24:15 INFO  [http-nio-8888-exec-1] c.D.B.s.impl.CategoryServiceImpl - Hiển thị danh sách danh mục phân trang thành công!
2025-09-25 00:27:17 INFO  [http-nio-8888-exec-10] c.D.B.s.impl.CategoryServiceImpl - Hiển thị danh sách danh mục phân trang thành công!
2025-09-25 00:27:17 INFO  [http-nio-8888-exec-8] c.D.B.s.impl.CategoryServiceImpl - Hiển thị danh sách danh mục phân trang thành công!
2025-09-25 00:28:42 INFO  [http-nio-8888-exec-5] c.D.B.s.impl.CategoryServiceImpl - Hiển thị danh sách danh mục phân trang thành công!
2025-09-25 00:28:42 INFO  [http-nio-8888-exec-6] c.D.B.s.impl.CategoryServiceImpl - Hiển thị danh sách danh mục phân trang thành công!
2025-09-25 00:32:05 INFO  [http-nio-8888-exec-4] c.D.B.s.impl.CategoryServiceImpl - Hiển thị danh sách danh mục phân trang thành công!
2025-09-25 00:32:08 INFO  [http-nio-8888-exec-2] c.D.B.s.impl.CategoryServiceImpl - Hiển thị danh sách danh mục phân trang thành công!
2025-09-25 00:32:10 INFO  [http-nio-8888-exec-3] c.D.B.s.impl.CategoryServiceImpl - Hiển thị danh sách danh mục phân trang thành công!
2025-09-25 00:32:18 INFO  [http-nio-8888-exec-1] c.D.B.s.impl.CategoryServiceImpl - Hiển thị danh sách danh mục phân trang thành công!
2025-09-25 00:32:36 INFO  [http-nio-8888-exec-10] c.D.B.s.impl.CategoryServiceImpl - Hiển thị danh sách danh mục phân trang thành công!
2025-09-25 00:32:57 INFO  [http-nio-8888-exec-8] c.D.B.service.impl.UserServiceImpl - Hiển thị danh sách người dùng phân trang thành công!
2025-09-25 00:32:57 INFO  [http-nio-8888-exec-2] c.D.B.service.impl.UserServiceImpl - Hiển thị danh sách người dùng phân trang thành công!
2025-09-25 00:32:58 INFO  [http-nio-8888-exec-5] c.D.B.service.impl.UserServiceImpl - Hiển thị danh sách người dùng phân trang thành công!
2025-09-25 00:33:04 INFO  [http-nio-8888-exec-6] c.D.B.s.impl.CategoryServiceImpl - Hiển thị danh sách danh mục phân trang thành công!
2025-09-25 00:33:04 INFO  [http-nio-8888-exec-3] c.D.B.s.impl.CategoryServiceImpl - Hiển thị danh sách danh mục phân trang thành công!
2025-09-25 00:33:56 INFO  [http-nio-8888-exec-9] c.D.B.service.impl.UserServiceImpl - Hiển thị danh sách người dùng phân trang thành công!
2025-09-25 00:33:56 INFO  [http-nio-8888-exec-7] c.D.B.service.impl.UserServiceImpl - Hiển thị danh sách người dùng phân trang thành công!
2025-09-25 00:33:57 INFO  [http-nio-8888-exec-1] c.D.B.service.impl.UserServiceImpl - Hiển thị danh sách người dùng phân trang thành công!
2025-09-25 00:35:21 INFO  [http-nio-8888-exec-8] c.D.B.s.impl.CategoryServiceImpl - Hiển thị danh sách danh mục phân trang thành công!
2025-09-25 00:35:21 INFO  [http-nio-8888-exec-2] c.D.B.s.impl.CategoryServiceImpl - Hiển thị danh sách danh mục phân trang thành công!
2025-09-25 00:38:59 INFO  [http-nio-8888-exec-3] c.D.B.s.impl.CategoryServiceImpl - Hiển thị danh sách danh mục phân trang thành công!
2025-09-25 00:38:59 INFO  [http-nio-8888-exec-9] c.D.B.s.impl.CategoryServiceImpl - Hiển thị danh sách danh mục phân trang thành công!
2025-09-25 00:39:10 INFO  [http-nio-8888-exec-7] c.D.B.service.impl.UserServiceImpl - Hiển thị danh sách người dùng phân trang thành công!
2025-09-25 00:39:10 INFO  [http-nio-8888-exec-7] c.D.B.service.impl.UserServiceImpl - Hiển thị danh sách người dùng phân trang thành công!
2025-09-25 00:39:10 INFO  [http-nio-8888-exec-4] c.D.B.service.impl.UserServiceImpl - Hiển thị danh sách người dùng phân trang thành công!
2025-09-25 00:39:27 INFO  [http-nio-8888-exec-10] c.D.B.s.impl.CategoryServiceImpl - Hiển thị danh sách danh mục phân trang thành công!
2025-09-25 00:39:27 INFO  [http-nio-8888-exec-8] c.D.B.s.impl.CategoryServiceImpl - Hiển thị danh sách danh mục phân trang thành công!
2025-09-25 00:41:33 INFO  [http-nio-8888-exec-6] c.D.B.service.impl.UserServiceImpl - Hiển thị danh sách người dùng phân trang thành công!
2025-09-25 00:41:33 INFO  [http-nio-8888-exec-3] c.D.B.service.impl.UserServiceImpl - Hiển thị danh sách người dùng phân trang thành công!
2025-09-25 00:41:33 INFO  [http-nio-8888-exec-9] c.D.B.service.impl.UserServiceImpl - Hiển thị danh sách người dùng phân trang thành công!
2025-09-25 00:43:49 INFO  [http-nio-8888-exec-4] c.D.B.service.impl.UserServiceImpl - Hiển thị danh sách người dùng phân trang thành công!
2025-09-25 00:43:49 INFO  [http-nio-8888-exec-10] c.D.B.service.impl.UserServiceImpl - Hiển thị danh sách người dùng phân trang thành công!
2025-09-25 00:43:50 INFO  [http-nio-8888-exec-8] c.D.B.service.impl.UserServiceImpl - Hiển thị danh sách người dùng phân trang thành công!
2025-09-25 00:43:52 INFO  [http-nio-8888-exec-2] c.D.B.service.impl.UserServiceImpl - Hiển thị danh sách người dùng phân trang thành công!
2025-09-25 00:43:52 INFO  [http-nio-8888-exec-5] c.D.B.service.impl.UserServiceImpl - Hiển thị danh sách người dùng phân trang thành công!
2025-09-25 00:43:57 INFO  [http-nio-8888-exec-6] c.D.B.service.impl.UserServiceImpl - Hiển thị danh sách người dùng phân trang thành công!
2025-09-25 00:43:57 INFO  [http-nio-8888-exec-3] c.D.B.service.impl.UserServiceImpl - Hiển thị danh sách người dùng phân trang thành công!
2025-09-25 00:43:57 INFO  [http-nio-8888-exec-9] c.D.B.service.impl.UserServiceImpl - Hiển thị danh sách người dùng phân trang thành công!
2025-09-25 00:50:52 INFO  [http-nio-8888-exec-4] c.D.B.s.impl.CategoryServiceImpl - Hiển thị danh sách danh mục phân trang thành công!
2025-09-25 00:50:52 INFO  [http-nio-8888-exec-10] c.D.B.s.impl.CategoryServiceImpl - Hiển thị danh sách danh mục phân trang thành công!
2025-09-25 00:57:56 INFO  [http-nio-8888-exec-5] c.D.B.service.impl.AuthorServiceImpl - Hiển thị danh sách tác giả phân trang thành công!
2025-09-25 00:57:56 INFO  [http-nio-8888-exec-6] c.D.B.service.impl.AuthorServiceImpl - Hiển thị danh sách tác giả phân trang thành công!
2025-09-25 00:57:57 INFO  [http-nio-8888-exec-3] c.D.B.service.impl.AuthorServiceImpl - Hiển thị danh sách tác giả phân trang thành công!
2025-09-25 01:00:02 INFO  [http-nio-8888-exec-7] c.D.B.service.impl.AuthorServiceImpl - Hiển thị danh sách tác giả phân trang thành công!
2025-09-25 01:00:02 INFO  [http-nio-8888-exec-4] c.D.B.service.impl.AuthorServiceImpl - Hiển thị danh sách tác giả phân trang thành công!
2025-09-25 01:00:02 INFO  [http-nio-8888-exec-10] c.D.B.service.impl.AuthorServiceImpl - Hiển thị danh sách tác giả phân trang thành công!
2025-09-25 01:03:30 INFO  [http-nio-8888-exec-5] c.D.B.service.impl.AuthorServiceImpl - Hiển thị danh sách tác giả phân trang thành công!
2025-09-25 01:03:30 INFO  [http-nio-8888-exec-6] c.D.B.service.impl.AuthorServiceImpl - Hiển thị danh sách tác giả phân trang thành công!
2025-09-25 01:03:31 INFO  [http-nio-8888-exec-3] c.D.B.service.impl.AuthorServiceImpl - Hiển thị danh sách tác giả phân trang thành công!
2025-09-25 01:05:41 INFO  [http-nio-8888-exec-7] c.D.B.service.impl.AuthorServiceImpl - Hiển thị danh sách tác giả phân trang thành công!
2025-09-25 01:05:41 INFO  [http-nio-8888-exec-4] c.D.B.service.impl.AuthorServiceImpl - Hiển thị danh sách tác giả phân trang thành công!
2025-09-25 01:05:41 INFO  [http-nio-8888-exec-10] c.D.B.service.impl.AuthorServiceImpl - Hiển thị danh sách tác giả phân trang thành công!
2025-09-25 01:06:33 INFO  [http-nio-8888-exec-2] c.D.B.service.impl.AuthorServiceImpl - Hiển thị danh sách tác giả phân trang thành công!
2025-09-25 01:06:33 INFO  [http-nio-8888-exec-8] c.D.B.service.impl.AuthorServiceImpl - Hiển thị danh sách tác giả phân trang thành công!
2025-09-25 01:06:33 INFO  [http-nio-8888-exec-5] c.D.B.service.impl.AuthorServiceImpl - Hiển thị danh sách tác giả phân trang thành công!
2025-09-25 01:12:56 INFO  [SpringApplicationShutdownHook] o.s.b.w.e.tomcat.GracefulShutdown - Commencing graceful shutdown. Waiting for active requests to complete
2025-09-25 01:12:56 INFO  [tomcat-shutdown] o.s.b.w.e.tomcat.GracefulShutdown - Graceful shutdown complete
2025-09-25 01:12:56 INFO  [SpringApplicationShutdownHook] o.s.o.j.LocalContainerEntityManagerFactoryBean - Closing JPA EntityManagerFactory for persistence unit 'default'
2025-09-25 01:12:56 INFO  [SpringApplicationShutdownHook] com.zaxxer.hikari.HikariDataSource - HikariPool-1 - Shutdown initiated...
2025-09-25 01:12:56 INFO  [SpringApplicationShutdownHook] com.zaxxer.hikari.HikariDataSource - HikariPool-1 - Shutdown completed.
