2025-08-19 22:09:07 INFO  [background-preinit] o.h.validator.internal.util.Version - HV000001: Hibernate Validator 8.0.2.Final
2025-08-19 22:09:08 INFO  [restartedMain] c.D.BookShop.BookShopApplication - Starting BookShopApplication using Java 22 with PID 3004 (D:\Do_An\BACK-END\BookShop\target\classes started by nguye in D:\Do_An\BACK-END\BookShop)
2025-08-19 22:09:08 DEBUG [restartedMain] c.D.BookShop.BookShopApplication - Running with Spring Boot v3.5.0, Spring v6.2.7
2025-08-19 22:09:08 INFO  [restartedMain] c.D.BookShop.BookShopApplication - No active profile set, falling back to 1 default profile: "default"
2025-08-19 22:09:08 INFO  [restartedMain] o.s.b.d.restart.ChangeableUrls - The Class-Path manifest attribute in C:\Users\nguye\.m2\repository\io\github\cdimascio\java-dotenv\5.2.2\java-dotenv-5.2.2.jar referenced one or more files that do not exist: file:/C:/Users/nguye/.m2/repository/io/github/cdimascio/java-dotenv/5.2.2/kotlin-stdlib-1.4.0.jar,file:/C:/Users/nguye/.m2/repository/io/github/cdimascio/java-dotenv/5.2.2/kotlin-stdlib-common-1.4.0.jar,file:/C:/Users/nguye/.m2/repository/io/github/cdimascio/java-dotenv/5.2.2/annotations-13.0.jar
2025-08-19 22:09:08 INFO  [restartedMain] o.s.b.d.e.DevToolsPropertyDefaultsPostProcessor - Devtools property defaults active! Set 'spring.devtools.add-properties' to 'false' to disable
2025-08-19 22:09:08 INFO  [restartedMain] o.s.b.d.e.DevToolsPropertyDefaultsPostProcessor - For additional web related logging consider setting the 'logging.level.web' property to 'DEBUG'
2025-08-19 22:09:08 INFO  [restartedMain] o.s.d.r.c.RepositoryConfigurationDelegate - Bootstrapping Spring Data JPA repositories in DEFAULT mode.
2025-08-19 22:09:09 INFO  [restartedMain] o.s.d.r.c.RepositoryConfigurationDelegate - Finished Spring Data repository scanning in 67 ms. Found 1 JPA repository interface.
2025-08-19 22:09:09 INFO  [restartedMain] o.s.b.w.e.tomcat.TomcatWebServer - Tomcat initialized with port 8888 (http)
2025-08-19 22:09:09 INFO  [restartedMain] o.a.coyote.http11.Http11NioProtocol - Initializing ProtocolHandler ["http-nio-8888"]
2025-08-19 22:09:09 INFO  [restartedMain] o.a.catalina.core.StandardService - Starting service [Tomcat]
2025-08-19 22:09:09 INFO  [restartedMain] o.a.catalina.core.StandardEngine - Starting Servlet engine: [Apache Tomcat/10.1.41]
2025-08-19 22:09:09 INFO  [restartedMain] o.a.c.c.C.[Tomcat].[localhost].[/] - Initializing Spring embedded WebApplicationContext
2025-08-19 22:09:09 INFO  [restartedMain] o.s.b.w.s.c.ServletWebServerApplicationContext - Root WebApplicationContext: initialization completed in 1742 ms
2025-08-19 22:09:10 INFO  [restartedMain] o.h.jpa.internal.util.LogHelper - HHH000204: Processing PersistenceUnitInfo [name: default]
2025-08-19 22:09:10 INFO  [restartedMain] org.hibernate.Version - HHH000412: Hibernate ORM core version 6.6.15.Final
2025-08-19 22:09:10 INFO  [restartedMain] o.h.c.i.RegionFactoryInitiator - HHH000026: Second-level cache disabled
2025-08-19 22:09:10 INFO  [restartedMain] o.s.o.j.p.SpringPersistenceUnitInfo - No LoadTimeWeaver setup: ignoring JPA class transformer
2025-08-19 22:09:10 INFO  [restartedMain] com.zaxxer.hikari.HikariDataSource - HikariPool-1 - Starting...
2025-08-19 22:09:10 INFO  [restartedMain] com.zaxxer.hikari.pool.HikariPool - HikariPool-1 - Added connection com.mysql.cj.jdbc.ConnectionImpl@58a4cf45
2025-08-19 22:09:10 INFO  [restartedMain] com.zaxxer.hikari.HikariDataSource - HikariPool-1 - Start completed.
2025-08-19 22:09:10 INFO  [restartedMain] o.hibernate.orm.connections.pooling - HHH10001005: Database info:
	Database JDBC URL [Connecting through datasource 'HikariDataSource (HikariPool-1)']
	Database driver: undefined/unknown
	Database version: 9.1
	Autocommit mode: undefined/unknown
	Isolation level: undefined/unknown
	Minimum pool size: undefined/unknown
	Maximum pool size: undefined/unknown
2025-08-19 22:09:12 INFO  [restartedMain] o.h.e.t.j.p.i.JtaPlatformInitiator - HHH000489: No JTA platform available (set 'hibernate.transaction.jta.platform' to enable JTA platform integration)
2025-08-19 22:09:12 INFO  [restartedMain] o.s.o.j.LocalContainerEntityManagerFactoryBean - Initialized JPA EntityManagerFactory for persistence unit 'default'
2025-08-19 22:09:12 WARN  [restartedMain] o.s.b.a.o.j.JpaBaseConfiguration$JpaWebConfiguration - spring.jpa.open-in-view is enabled by default. Therefore, database queries may be performed during view rendering. Explicitly configure spring.jpa.open-in-view to disable this warning
2025-08-19 22:09:12 WARN  [restartedMain] o.s.b.a.s.s.UserDetailsServiceAutoConfiguration - 

Using generated security password: 392ce8d5-3768-43a6-80f3-92c89d342813

This generated password is for development use only. Your security configuration must be updated before running your application in production.

2025-08-19 22:09:12 INFO  [restartedMain] o.s.s.c.a.a.c.InitializeUserDetailsBeanManagerConfigurer$InitializeUserDetailsManagerConfigurer - Global AuthenticationManager configured with UserDetailsService bean with name inMemoryUserDetailsManager
2025-08-19 22:09:13 INFO  [restartedMain] o.s.b.d.a.OptionalLiveReloadServer - LiveReload server is running on port 35729
2025-08-19 22:09:13 INFO  [restartedMain] o.a.coyote.http11.Http11NioProtocol - Starting ProtocolHandler ["http-nio-8888"]
2025-08-19 22:09:13 INFO  [restartedMain] o.s.b.w.e.tomcat.TomcatWebServer - Tomcat started on port 8888 (http) with context path '/'
2025-08-19 22:09:13 INFO  [restartedMain] c.D.BookShop.BookShopApplication - Started BookShopApplication in 6.311 seconds (process running for 6.906)
2025-08-19 22:09:50 INFO  [http-nio-8888-exec-1] o.a.c.c.C.[Tomcat].[localhost].[/] - Initializing Spring DispatcherServlet 'dispatcherServlet'
2025-08-19 22:09:50 INFO  [http-nio-8888-exec-1] o.s.web.servlet.DispatcherServlet - Initializing Servlet 'dispatcherServlet'
2025-08-19 22:09:50 INFO  [http-nio-8888-exec-1] o.s.web.servlet.DispatcherServlet - Completed initialization in 2 ms
2025-08-19 22:09:50 INFO  [http-nio-8888-exec-1] c.D.B.service.impl.UserServiceImpl - Hiển thị danh sách người dùng phân trang thành công!
2025-08-19 22:09:51 INFO  [http-nio-8888-exec-2] c.D.B.service.impl.UserServiceImpl - Hiển thị danh sách người dùng phân trang thành công!
2025-08-19 22:09:56 INFO  [http-nio-8888-exec-4] c.D.B.service.impl.UserServiceImpl - Hiển thị danh sách người dùng phân trang thành công!
2025-08-19 22:09:57 INFO  [http-nio-8888-exec-3] c.D.B.service.impl.UserServiceImpl - Hiển thị danh sách người dùng phân trang thành công!
2025-08-19 22:09:59 INFO  [http-nio-8888-exec-5] c.D.B.service.impl.UserServiceImpl - Hiển thị danh sách người dùng phân trang thành công!
2025-08-19 22:10:00 INFO  [http-nio-8888-exec-8] c.D.B.service.impl.UserServiceImpl - Hiển thị danh sách người dùng phân trang thành công!
2025-08-19 22:10:03 INFO  [http-nio-8888-exec-9] c.D.B.service.impl.UserServiceImpl - Hiển thị danh sách người dùng phân trang thành công!
2025-08-19 22:10:04 INFO  [http-nio-8888-exec-6] c.D.B.service.impl.UserServiceImpl - Hiển thị danh sách người dùng phân trang thành công!
2025-08-19 22:10:17 INFO  [http-nio-8888-exec-7] c.D.B.service.impl.UserServiceImpl - Hiển thị danh sách người dùng phân trang thành công!
2025-08-19 22:10:26 INFO  [http-nio-8888-exec-10] c.D.B.service.impl.UserServiceImpl - Hiển thị danh sách người dùng phân trang thành công!
2025-08-19 22:10:28 INFO  [http-nio-8888-exec-1] c.D.B.service.impl.UserServiceImpl - Hiển thị danh sách người dùng phân trang thành công!
2025-08-19 22:10:34 INFO  [http-nio-8888-exec-2] c.D.B.service.impl.UserServiceImpl - Hiển thị danh sách người dùng phân trang thành công!
2025-08-19 22:10:36 INFO  [http-nio-8888-exec-4] c.D.B.service.impl.UserServiceImpl - Hiển thị danh sách người dùng phân trang thành công!
2025-08-19 22:10:42 INFO  [http-nio-8888-exec-3] c.D.B.service.impl.UserServiceImpl - Hiển thị danh sách người dùng phân trang thành công!
2025-08-19 22:10:46 INFO  [http-nio-8888-exec-5] c.D.B.service.impl.UserServiceImpl - Hiển thị danh sách người dùng phân trang thành công!
2025-08-19 22:10:50 INFO  [http-nio-8888-exec-8] c.D.B.service.impl.UserServiceImpl - Hiển thị danh sách người dùng phân trang thành công!
2025-08-19 22:10:54 INFO  [http-nio-8888-exec-6] c.D.B.service.impl.UserServiceImpl - Hiển thị danh sách người dùng phân trang thành công!
2025-08-19 22:28:38 INFO  [SpringApplicationShutdownHook] o.s.b.w.e.tomcat.GracefulShutdown - Commencing graceful shutdown. Waiting for active requests to complete
2025-08-19 22:28:38 INFO  [tomcat-shutdown] o.s.b.w.e.tomcat.GracefulShutdown - Graceful shutdown complete
2025-08-19 22:28:38 INFO  [SpringApplicationShutdownHook] o.s.o.j.LocalContainerEntityManagerFactoryBean - Closing JPA EntityManagerFactory for persistence unit 'default'
2025-08-19 22:28:38 INFO  [SpringApplicationShutdownHook] com.zaxxer.hikari.HikariDataSource - HikariPool-1 - Shutdown initiated...
2025-08-19 22:28:38 INFO  [SpringApplicationShutdownHook] com.zaxxer.hikari.HikariDataSource - HikariPool-1 - Shutdown completed.
2025-08-19 23:08:54 INFO  [background-preinit] o.h.validator.internal.util.Version - HV000001: Hibernate Validator 8.0.2.Final
2025-08-19 23:08:55 INFO  [restartedMain] c.D.BookShop.BookShopApplication - Starting BookShopApplication using Java 22 with PID 20352 (D:\Do_An\BACK-END\BookShop\target\classes started by nguye in D:\Do_An\BACK-END\BookShop)
2025-08-19 23:08:55 DEBUG [restartedMain] c.D.BookShop.BookShopApplication - Running with Spring Boot v3.5.0, Spring v6.2.7
2025-08-19 23:08:55 INFO  [restartedMain] c.D.BookShop.BookShopApplication - No active profile set, falling back to 1 default profile: "default"
2025-08-19 23:08:55 INFO  [restartedMain] o.s.b.d.restart.ChangeableUrls - The Class-Path manifest attribute in C:\Users\nguye\.m2\repository\io\github\cdimascio\java-dotenv\5.2.2\java-dotenv-5.2.2.jar referenced one or more files that do not exist: file:/C:/Users/nguye/.m2/repository/io/github/cdimascio/java-dotenv/5.2.2/kotlin-stdlib-1.4.0.jar,file:/C:/Users/nguye/.m2/repository/io/github/cdimascio/java-dotenv/5.2.2/kotlin-stdlib-common-1.4.0.jar,file:/C:/Users/nguye/.m2/repository/io/github/cdimascio/java-dotenv/5.2.2/annotations-13.0.jar
2025-08-19 23:08:55 INFO  [restartedMain] o.s.b.d.e.DevToolsPropertyDefaultsPostProcessor - Devtools property defaults active! Set 'spring.devtools.add-properties' to 'false' to disable
2025-08-19 23:08:55 INFO  [restartedMain] o.s.b.d.e.DevToolsPropertyDefaultsPostProcessor - For additional web related logging consider setting the 'logging.level.web' property to 'DEBUG'
2025-08-19 23:08:56 INFO  [restartedMain] o.s.d.r.c.RepositoryConfigurationDelegate - Bootstrapping Spring Data JPA repositories in DEFAULT mode.
2025-08-19 23:08:56 INFO  [restartedMain] o.s.d.r.c.RepositoryConfigurationDelegate - Finished Spring Data repository scanning in 63 ms. Found 3 JPA repository interfaces.
2025-08-19 23:08:56 INFO  [restartedMain] o.s.b.w.e.tomcat.TomcatWebServer - Tomcat initialized with port 8080 (http)
2025-08-19 23:08:56 INFO  [restartedMain] o.a.coyote.http11.Http11NioProtocol - Initializing ProtocolHandler ["http-nio-8080"]
2025-08-19 23:08:56 INFO  [restartedMain] o.a.catalina.core.StandardService - Starting service [Tomcat]
2025-08-19 23:08:56 INFO  [restartedMain] o.a.catalina.core.StandardEngine - Starting Servlet engine: [Apache Tomcat/10.1.41]
2025-08-19 23:08:57 INFO  [restartedMain] o.a.c.c.C.[Tomcat].[localhost].[/] - Initializing Spring embedded WebApplicationContext
2025-08-19 23:08:57 INFO  [restartedMain] o.s.b.w.s.c.ServletWebServerApplicationContext - Root WebApplicationContext: initialization completed in 1956 ms
2025-08-19 23:08:57 INFO  [restartedMain] o.h.jpa.internal.util.LogHelper - HHH000204: Processing PersistenceUnitInfo [name: default]
2025-08-19 23:08:57 INFO  [restartedMain] org.hibernate.Version - HHH000412: Hibernate ORM core version 6.6.15.Final
2025-08-19 23:08:57 INFO  [restartedMain] o.h.c.i.RegionFactoryInitiator - HHH000026: Second-level cache disabled
2025-08-19 23:08:57 INFO  [restartedMain] o.s.o.j.p.SpringPersistenceUnitInfo - No LoadTimeWeaver setup: ignoring JPA class transformer
2025-08-19 23:08:57 INFO  [restartedMain] com.zaxxer.hikari.HikariDataSource - HikariPool-1 - Starting...
2025-08-19 23:08:57 INFO  [restartedMain] com.zaxxer.hikari.pool.HikariPool - HikariPool-1 - Added connection com.mysql.cj.jdbc.ConnectionImpl@6d8773ee
2025-08-19 23:08:57 INFO  [restartedMain] com.zaxxer.hikari.HikariDataSource - HikariPool-1 - Start completed.
2025-08-19 23:08:58 INFO  [restartedMain] o.hibernate.orm.connections.pooling - HHH10001005: Database info:
	Database JDBC URL [Connecting through datasource 'HikariDataSource (HikariPool-1)']
	Database driver: undefined/unknown
	Database version: 9.1
	Autocommit mode: undefined/unknown
	Isolation level: undefined/unknown
	Minimum pool size: undefined/unknown
	Maximum pool size: undefined/unknown
2025-08-19 23:08:59 INFO  [restartedMain] o.h.e.t.j.p.i.JtaPlatformInitiator - HHH000489: No JTA platform available (set 'hibernate.transaction.jta.platform' to enable JTA platform integration)
2025-08-19 23:08:59 INFO  [restartedMain] o.s.o.j.LocalContainerEntityManagerFactoryBean - Initialized JPA EntityManagerFactory for persistence unit 'default'
2025-08-19 23:08:59 INFO  [restartedMain] o.s.d.j.r.query.QueryEnhancerFactory - Hibernate is in classpath; If applicable, HQL parser will be used.
2025-08-19 23:09:00 WARN  [restartedMain] o.s.b.a.o.j.JpaBaseConfiguration$JpaWebConfiguration - spring.jpa.open-in-view is enabled by default. Therefore, database queries may be performed during view rendering. Explicitly configure spring.jpa.open-in-view to disable this warning
2025-08-19 23:09:00 WARN  [restartedMain] o.s.b.a.s.s.UserDetailsServiceAutoConfiguration - 

Using generated security password: 05bfd4ca-b1e4-4895-be45-d2c961fa157c

This generated password is for development use only. Your security configuration must be updated before running your application in production.

2025-08-19 23:09:00 INFO  [restartedMain] o.s.s.c.a.a.c.InitializeUserDetailsBeanManagerConfigurer$InitializeUserDetailsManagerConfigurer - Global AuthenticationManager configured with UserDetailsService bean with name inMemoryUserDetailsManager
2025-08-19 23:09:00 INFO  [restartedMain] o.s.b.d.a.OptionalLiveReloadServer - LiveReload server is running on port 35729
2025-08-19 23:09:00 INFO  [restartedMain] o.a.coyote.http11.Http11NioProtocol - Starting ProtocolHandler ["http-nio-8080"]
2025-08-19 23:09:00 INFO  [restartedMain] o.s.b.w.e.tomcat.TomcatWebServer - Tomcat started on port 8080 (http) with context path '/'
2025-08-19 23:09:01 INFO  [restartedMain] c.D.BookShop.BookShopApplication - Started BookShopApplication in 6.657 seconds (process running for 7.224)
2025-08-19 23:09:09 INFO  [http-nio-8080-exec-1] o.a.c.c.C.[Tomcat].[localhost].[/] - Initializing Spring DispatcherServlet 'dispatcherServlet'
2025-08-19 23:09:09 INFO  [http-nio-8080-exec-1] o.s.web.servlet.DispatcherServlet - Initializing Servlet 'dispatcherServlet'
2025-08-19 23:09:09 INFO  [http-nio-8080-exec-1] o.s.web.servlet.DispatcherServlet - Completed initialization in 2 ms
2025-08-19 23:09:09 WARN  [http-nio-8080-exec-1] o.s.w.s.m.m.a.ExceptionHandlerExceptionResolver - Resolved [org.springframework.web.servlet.resource.NoResourceFoundException: No static resource .]
2025-08-19 23:10:25 INFO  [SpringApplicationShutdownHook] o.s.b.w.e.tomcat.GracefulShutdown - Commencing graceful shutdown. Waiting for active requests to complete
2025-08-19 23:10:25 INFO  [tomcat-shutdown] o.s.b.w.e.tomcat.GracefulShutdown - Graceful shutdown complete
2025-08-19 23:10:25 INFO  [SpringApplicationShutdownHook] o.s.o.j.LocalContainerEntityManagerFactoryBean - Closing JPA EntityManagerFactory for persistence unit 'default'
2025-08-19 23:10:25 INFO  [SpringApplicationShutdownHook] com.zaxxer.hikari.HikariDataSource - HikariPool-1 - Shutdown initiated...
2025-08-19 23:10:25 INFO  [SpringApplicationShutdownHook] com.zaxxer.hikari.HikariDataSource - HikariPool-1 - Shutdown completed.
2025-08-19 23:10:29 INFO  [background-preinit] o.h.validator.internal.util.Version - HV000001: Hibernate Validator 8.0.2.Final
2025-08-19 23:10:29 INFO  [restartedMain] c.D.BookShop.BookShopApplication - Starting BookShopApplication using Java 22 with PID 22372 (D:\Do_An\BACK-END\BookShop\target\classes started by nguye in D:\Do_An\BACK-END\BookShop)
2025-08-19 23:10:29 DEBUG [restartedMain] c.D.BookShop.BookShopApplication - Running with Spring Boot v3.5.0, Spring v6.2.7
2025-08-19 23:10:29 INFO  [restartedMain] c.D.BookShop.BookShopApplication - No active profile set, falling back to 1 default profile: "default"
2025-08-19 23:10:29 INFO  [restartedMain] o.s.b.d.restart.ChangeableUrls - The Class-Path manifest attribute in C:\Users\nguye\.m2\repository\io\github\cdimascio\java-dotenv\5.2.2\java-dotenv-5.2.2.jar referenced one or more files that do not exist: file:/C:/Users/nguye/.m2/repository/io/github/cdimascio/java-dotenv/5.2.2/kotlin-stdlib-1.4.0.jar,file:/C:/Users/nguye/.m2/repository/io/github/cdimascio/java-dotenv/5.2.2/kotlin-stdlib-common-1.4.0.jar,file:/C:/Users/nguye/.m2/repository/io/github/cdimascio/java-dotenv/5.2.2/annotations-13.0.jar
2025-08-19 23:10:29 INFO  [restartedMain] o.s.b.d.e.DevToolsPropertyDefaultsPostProcessor - Devtools property defaults active! Set 'spring.devtools.add-properties' to 'false' to disable
2025-08-19 23:10:29 INFO  [restartedMain] o.s.b.d.e.DevToolsPropertyDefaultsPostProcessor - For additional web related logging consider setting the 'logging.level.web' property to 'DEBUG'
2025-08-19 23:10:30 INFO  [restartedMain] o.s.d.r.c.RepositoryConfigurationDelegate - Bootstrapping Spring Data JPA repositories in DEFAULT mode.
2025-08-19 23:10:30 INFO  [restartedMain] o.s.d.r.c.RepositoryConfigurationDelegate - Finished Spring Data repository scanning in 73 ms. Found 3 JPA repository interfaces.
2025-08-19 23:10:31 INFO  [restartedMain] o.s.b.w.e.tomcat.TomcatWebServer - Tomcat initialized with port 8888 (http)
2025-08-19 23:10:31 INFO  [restartedMain] o.a.coyote.http11.Http11NioProtocol - Initializing ProtocolHandler ["http-nio-8888"]
2025-08-19 23:10:31 INFO  [restartedMain] o.a.catalina.core.StandardService - Starting service [Tomcat]
2025-08-19 23:10:31 INFO  [restartedMain] o.a.catalina.core.StandardEngine - Starting Servlet engine: [Apache Tomcat/10.1.41]
2025-08-19 23:10:31 INFO  [restartedMain] o.a.c.c.C.[Tomcat].[localhost].[/] - Initializing Spring embedded WebApplicationContext
2025-08-19 23:10:31 INFO  [restartedMain] o.s.b.w.s.c.ServletWebServerApplicationContext - Root WebApplicationContext: initialization completed in 1971 ms
2025-08-19 23:10:31 INFO  [restartedMain] o.h.jpa.internal.util.LogHelper - HHH000204: Processing PersistenceUnitInfo [name: default]
2025-08-19 23:10:31 INFO  [restartedMain] org.hibernate.Version - HHH000412: Hibernate ORM core version 6.6.15.Final
2025-08-19 23:10:31 INFO  [restartedMain] o.h.c.i.RegionFactoryInitiator - HHH000026: Second-level cache disabled
2025-08-19 23:10:32 INFO  [restartedMain] o.s.o.j.p.SpringPersistenceUnitInfo - No LoadTimeWeaver setup: ignoring JPA class transformer
2025-08-19 23:10:32 INFO  [restartedMain] com.zaxxer.hikari.HikariDataSource - HikariPool-1 - Starting...
2025-08-19 23:10:32 INFO  [restartedMain] com.zaxxer.hikari.pool.HikariPool - HikariPool-1 - Added connection com.mysql.cj.jdbc.ConnectionImpl@11050170
2025-08-19 23:10:32 INFO  [restartedMain] com.zaxxer.hikari.HikariDataSource - HikariPool-1 - Start completed.
2025-08-19 23:10:32 INFO  [restartedMain] o.hibernate.orm.connections.pooling - HHH10001005: Database info:
	Database JDBC URL [Connecting through datasource 'HikariDataSource (HikariPool-1)']
	Database driver: undefined/unknown
	Database version: 9.1
	Autocommit mode: undefined/unknown
	Isolation level: undefined/unknown
	Minimum pool size: undefined/unknown
	Maximum pool size: undefined/unknown
2025-08-19 23:10:33 INFO  [restartedMain] o.h.e.t.j.p.i.JtaPlatformInitiator - HHH000489: No JTA platform available (set 'hibernate.transaction.jta.platform' to enable JTA platform integration)
2025-08-19 23:10:33 INFO  [restartedMain] o.s.o.j.LocalContainerEntityManagerFactoryBean - Initialized JPA EntityManagerFactory for persistence unit 'default'
2025-08-19 23:10:34 INFO  [restartedMain] o.s.d.j.r.query.QueryEnhancerFactory - Hibernate is in classpath; If applicable, HQL parser will be used.
2025-08-19 23:10:34 WARN  [restartedMain] o.s.b.a.o.j.JpaBaseConfiguration$JpaWebConfiguration - spring.jpa.open-in-view is enabled by default. Therefore, database queries may be performed during view rendering. Explicitly configure spring.jpa.open-in-view to disable this warning
2025-08-19 23:10:35 WARN  [restartedMain] o.s.b.a.s.s.UserDetailsServiceAutoConfiguration - 

Using generated security password: 085fe09a-694e-4c7f-aa63-2190e289a07a

This generated password is for development use only. Your security configuration must be updated before running your application in production.

2025-08-19 23:10:35 INFO  [restartedMain] o.s.s.c.a.a.c.InitializeUserDetailsBeanManagerConfigurer$InitializeUserDetailsManagerConfigurer - Global AuthenticationManager configured with UserDetailsService bean with name inMemoryUserDetailsManager
2025-08-19 23:10:35 INFO  [restartedMain] o.s.b.d.a.OptionalLiveReloadServer - LiveReload server is running on port 35729
2025-08-19 23:10:35 INFO  [restartedMain] o.a.coyote.http11.Http11NioProtocol - Starting ProtocolHandler ["http-nio-8888"]
2025-08-19 23:10:35 INFO  [restartedMain] o.s.b.w.e.tomcat.TomcatWebServer - Tomcat started on port 8888 (http) with context path '/'
2025-08-19 23:10:35 INFO  [restartedMain] c.D.BookShop.BookShopApplication - Started BookShopApplication in 6.942 seconds (process running for 7.503)
2025-08-19 23:10:41 INFO  [http-nio-8888-exec-1] o.a.c.c.C.[Tomcat].[localhost].[/] - Initializing Spring DispatcherServlet 'dispatcherServlet'
2025-08-19 23:10:41 INFO  [http-nio-8888-exec-1] o.s.web.servlet.DispatcherServlet - Initializing Servlet 'dispatcherServlet'
2025-08-19 23:10:41 INFO  [http-nio-8888-exec-1] o.s.web.servlet.DispatcherServlet - Completed initialization in 1 ms
2025-08-19 23:11:57 INFO  [SpringApplicationShutdownHook] o.s.b.w.e.tomcat.GracefulShutdown - Commencing graceful shutdown. Waiting for active requests to complete
2025-08-19 23:11:57 INFO  [tomcat-shutdown] o.s.b.w.e.tomcat.GracefulShutdown - Graceful shutdown complete
2025-08-19 23:11:57 INFO  [SpringApplicationShutdownHook] o.s.o.j.LocalContainerEntityManagerFactoryBean - Closing JPA EntityManagerFactory for persistence unit 'default'
2025-08-19 23:11:57 INFO  [SpringApplicationShutdownHook] com.zaxxer.hikari.HikariDataSource - HikariPool-1 - Shutdown initiated...
2025-08-19 23:11:57 INFO  [SpringApplicationShutdownHook] com.zaxxer.hikari.HikariDataSource - HikariPool-1 - Shutdown completed.
2025-08-19 23:12:01 INFO  [background-preinit] o.h.validator.internal.util.Version - HV000001: Hibernate Validator 8.0.2.Final
2025-08-19 23:12:01 INFO  [restartedMain] c.D.BookShop.BookShopApplication - Starting BookShopApplication using Java 22 with PID 10376 (D:\Do_An\BACK-END\BookShop\target\classes started by nguye in D:\Do_An\BACK-END\BookShop)
2025-08-19 23:12:01 DEBUG [restartedMain] c.D.BookShop.BookShopApplication - Running with Spring Boot v3.5.0, Spring v6.2.7
2025-08-19 23:12:01 INFO  [restartedMain] c.D.BookShop.BookShopApplication - No active profile set, falling back to 1 default profile: "default"
2025-08-19 23:12:01 INFO  [restartedMain] o.s.b.d.restart.ChangeableUrls - The Class-Path manifest attribute in C:\Users\nguye\.m2\repository\io\github\cdimascio\java-dotenv\5.2.2\java-dotenv-5.2.2.jar referenced one or more files that do not exist: file:/C:/Users/nguye/.m2/repository/io/github/cdimascio/java-dotenv/5.2.2/kotlin-stdlib-1.4.0.jar,file:/C:/Users/nguye/.m2/repository/io/github/cdimascio/java-dotenv/5.2.2/kotlin-stdlib-common-1.4.0.jar,file:/C:/Users/nguye/.m2/repository/io/github/cdimascio/java-dotenv/5.2.2/annotations-13.0.jar
2025-08-19 23:12:01 INFO  [restartedMain] o.s.b.d.e.DevToolsPropertyDefaultsPostProcessor - Devtools property defaults active! Set 'spring.devtools.add-properties' to 'false' to disable
2025-08-19 23:12:01 INFO  [restartedMain] o.s.b.d.e.DevToolsPropertyDefaultsPostProcessor - For additional web related logging consider setting the 'logging.level.web' property to 'DEBUG'
2025-08-19 23:12:02 INFO  [restartedMain] o.s.d.r.c.RepositoryConfigurationDelegate - Bootstrapping Spring Data JPA repositories in DEFAULT mode.
2025-08-19 23:12:02 INFO  [restartedMain] o.s.d.r.c.RepositoryConfigurationDelegate - Finished Spring Data repository scanning in 66 ms. Found 3 JPA repository interfaces.
2025-08-19 23:12:03 INFO  [restartedMain] o.s.b.w.e.tomcat.TomcatWebServer - Tomcat initialized with port 8888 (http)
2025-08-19 23:12:03 INFO  [restartedMain] o.a.coyote.http11.Http11NioProtocol - Initializing ProtocolHandler ["http-nio-8888"]
2025-08-19 23:12:03 INFO  [restartedMain] o.a.catalina.core.StandardService - Starting service [Tomcat]
2025-08-19 23:12:03 INFO  [restartedMain] o.a.catalina.core.StandardEngine - Starting Servlet engine: [Apache Tomcat/10.1.41]
2025-08-19 23:12:03 INFO  [restartedMain] o.a.c.c.C.[Tomcat].[localhost].[/] - Initializing Spring embedded WebApplicationContext
2025-08-19 23:12:03 INFO  [restartedMain] o.s.b.w.s.c.ServletWebServerApplicationContext - Root WebApplicationContext: initialization completed in 1851 ms
2025-08-19 23:12:03 INFO  [restartedMain] o.h.jpa.internal.util.LogHelper - HHH000204: Processing PersistenceUnitInfo [name: default]
2025-08-19 23:12:03 INFO  [restartedMain] org.hibernate.Version - HHH000412: Hibernate ORM core version 6.6.15.Final
2025-08-19 23:12:03 INFO  [restartedMain] o.h.c.i.RegionFactoryInitiator - HHH000026: Second-level cache disabled
2025-08-19 23:12:03 INFO  [restartedMain] o.s.o.j.p.SpringPersistenceUnitInfo - No LoadTimeWeaver setup: ignoring JPA class transformer
2025-08-19 23:12:04 INFO  [restartedMain] com.zaxxer.hikari.HikariDataSource - HikariPool-1 - Starting...
2025-08-19 23:12:04 INFO  [restartedMain] com.zaxxer.hikari.pool.HikariPool - HikariPool-1 - Added connection com.mysql.cj.jdbc.ConnectionImpl@6d8773ee
2025-08-19 23:12:04 INFO  [restartedMain] com.zaxxer.hikari.HikariDataSource - HikariPool-1 - Start completed.
2025-08-19 23:12:04 INFO  [restartedMain] o.hibernate.orm.connections.pooling - HHH10001005: Database info:
	Database JDBC URL [Connecting through datasource 'HikariDataSource (HikariPool-1)']
	Database driver: undefined/unknown
	Database version: 9.1
	Autocommit mode: undefined/unknown
	Isolation level: undefined/unknown
	Minimum pool size: undefined/unknown
	Maximum pool size: undefined/unknown
2025-08-19 23:12:05 INFO  [restartedMain] o.h.e.t.j.p.i.JtaPlatformInitiator - HHH000489: No JTA platform available (set 'hibernate.transaction.jta.platform' to enable JTA platform integration)
2025-08-19 23:12:05 INFO  [restartedMain] o.s.o.j.LocalContainerEntityManagerFactoryBean - Initialized JPA EntityManagerFactory for persistence unit 'default'
2025-08-19 23:12:06 INFO  [restartedMain] o.s.d.j.r.query.QueryEnhancerFactory - Hibernate is in classpath; If applicable, HQL parser will be used.
2025-08-19 23:12:07 WARN  [restartedMain] o.s.b.a.o.j.JpaBaseConfiguration$JpaWebConfiguration - spring.jpa.open-in-view is enabled by default. Therefore, database queries may be performed during view rendering. Explicitly configure spring.jpa.open-in-view to disable this warning
2025-08-19 23:12:07 WARN  [restartedMain] o.s.b.a.s.s.UserDetailsServiceAutoConfiguration - 

Using generated security password: 52119d7d-76e7-45f3-96a9-2101df84cefb

This generated password is for development use only. Your security configuration must be updated before running your application in production.

2025-08-19 23:12:07 INFO  [restartedMain] o.s.s.c.a.a.c.InitializeUserDetailsBeanManagerConfigurer$InitializeUserDetailsManagerConfigurer - Global AuthenticationManager configured with UserDetailsService bean with name inMemoryUserDetailsManager
2025-08-19 23:12:07 INFO  [restartedMain] o.s.b.d.a.OptionalLiveReloadServer - LiveReload server is running on port 35729
2025-08-19 23:12:07 INFO  [restartedMain] o.a.coyote.http11.Http11NioProtocol - Starting ProtocolHandler ["http-nio-8888"]
2025-08-19 23:12:07 INFO  [restartedMain] o.s.b.w.e.tomcat.TomcatWebServer - Tomcat started on port 8888 (http) with context path '/'
2025-08-19 23:12:07 INFO  [restartedMain] c.D.BookShop.BookShopApplication - Started BookShopApplication in 6.95 seconds (process running for 7.499)
2025-08-19 23:12:09 INFO  [http-nio-8888-exec-1] o.a.c.c.C.[Tomcat].[localhost].[/] - Initializing Spring DispatcherServlet 'dispatcherServlet'
2025-08-19 23:12:09 INFO  [http-nio-8888-exec-1] o.s.web.servlet.DispatcherServlet - Initializing Servlet 'dispatcherServlet'
2025-08-19 23:12:09 INFO  [http-nio-8888-exec-1] o.s.web.servlet.DispatcherServlet - Completed initialization in 2 ms
2025-08-19 23:12:10 INFO  [http-nio-8888-exec-9] o.s.api.AbstractOpenApiResource - Init duration for springdoc-openapi is: 817 ms
2025-08-19 23:55:39 INFO  [SpringApplicationShutdownHook] o.s.b.w.e.tomcat.GracefulShutdown - Commencing graceful shutdown. Waiting for active requests to complete
2025-08-19 23:55:39 INFO  [tomcat-shutdown] o.s.b.w.e.tomcat.GracefulShutdown - Graceful shutdown complete
2025-08-19 23:55:39 INFO  [SpringApplicationShutdownHook] o.s.o.j.LocalContainerEntityManagerFactoryBean - Closing JPA EntityManagerFactory for persistence unit 'default'
2025-08-19 23:55:39 INFO  [SpringApplicationShutdownHook] com.zaxxer.hikari.HikariDataSource - HikariPool-1 - Shutdown initiated...
2025-08-19 23:55:39 INFO  [SpringApplicationShutdownHook] com.zaxxer.hikari.HikariDataSource - HikariPool-1 - Shutdown completed.
