2025-08-20 00:49:27 INFO  [background-preinit] o.h.validator.internal.util.Version - HV000001: Hibernate Validator 8.0.2.Final
2025-08-20 00:49:27 INFO  [restartedMain] c.D.BookShop.BookShopApplication - Starting BookShopApplication using Java 22 with PID 21480 (D:\Do_An\BACK-END\BookShop\target\classes started by nguye in D:\Do_An\BACK-END\BookShop)
2025-08-20 00:49:27 DEBUG [restartedMain] c.D.BookShop.BookShopApplication - Running with Spring Boot v3.5.0, Spring v6.2.7
2025-08-20 00:49:27 INFO  [restartedMain] c.D.BookShop.BookShopApplication - No active profile set, falling back to 1 default profile: "default"
2025-08-20 00:49:27 INFO  [restartedMain] o.s.b.d.restart.ChangeableUrls - The Class-Path manifest attribute in C:\Users\nguye\.m2\repository\io\github\cdimascio\java-dotenv\5.2.2\java-dotenv-5.2.2.jar referenced one or more files that do not exist: file:/C:/Users/nguye/.m2/repository/io/github/cdimascio/java-dotenv/5.2.2/kotlin-stdlib-1.4.0.jar,file:/C:/Users/nguye/.m2/repository/io/github/cdimascio/java-dotenv/5.2.2/kotlin-stdlib-common-1.4.0.jar,file:/C:/Users/nguye/.m2/repository/io/github/cdimascio/java-dotenv/5.2.2/annotations-13.0.jar
2025-08-20 00:49:27 INFO  [restartedMain] o.s.b.d.e.DevToolsPropertyDefaultsPostProcessor - Devtools property defaults active! Set 'spring.devtools.add-properties' to 'false' to disable
2025-08-20 00:49:27 INFO  [restartedMain] o.s.b.d.e.DevToolsPropertyDefaultsPostProcessor - For additional web related logging consider setting the 'logging.level.web' property to 'DEBUG'
2025-08-20 00:49:28 INFO  [restartedMain] o.s.d.r.c.RepositoryConfigurationDelegate - Bootstrapping Spring Data JPA repositories in DEFAULT mode.
2025-08-20 00:49:28 INFO  [restartedMain] o.s.d.r.c.RepositoryConfigurationDelegate - Finished Spring Data repository scanning in 75 ms. Found 3 JPA repository interfaces.
2025-08-20 00:49:29 INFO  [restartedMain] o.s.b.w.e.tomcat.TomcatWebServer - Tomcat initialized with port 8888 (http)
2025-08-20 00:49:29 INFO  [restartedMain] o.a.coyote.http11.Http11NioProtocol - Initializing ProtocolHandler ["http-nio-8888"]
2025-08-20 00:49:29 INFO  [restartedMain] o.a.catalina.core.StandardService - Starting service [Tomcat]
2025-08-20 00:49:29 INFO  [restartedMain] o.a.catalina.core.StandardEngine - Starting Servlet engine: [Apache Tomcat/10.1.41]
2025-08-20 00:49:30 INFO  [restartedMain] o.a.c.c.C.[Tomcat].[localhost].[/] - Initializing Spring embedded WebApplicationContext
2025-08-20 00:49:30 INFO  [restartedMain] o.s.b.w.s.c.ServletWebServerApplicationContext - Root WebApplicationContext: initialization completed in 2424 ms
2025-08-20 00:49:30 INFO  [restartedMain] o.h.jpa.internal.util.LogHelper - HHH000204: Processing PersistenceUnitInfo [name: default]
2025-08-20 00:49:30 INFO  [restartedMain] org.hibernate.Version - HHH000412: Hibernate ORM core version 6.6.15.Final
2025-08-20 00:49:30 INFO  [restartedMain] o.h.c.i.RegionFactoryInitiator - HHH000026: Second-level cache disabled
2025-08-20 00:49:30 INFO  [restartedMain] o.s.o.j.p.SpringPersistenceUnitInfo - No LoadTimeWeaver setup: ignoring JPA class transformer
2025-08-20 00:49:30 INFO  [restartedMain] com.zaxxer.hikari.HikariDataSource - HikariPool-1 - Starting...
2025-08-20 00:49:31 INFO  [restartedMain] com.zaxxer.hikari.pool.HikariPool - HikariPool-1 - Added connection com.mysql.cj.jdbc.ConnectionImpl@5664fb5c
2025-08-20 00:49:31 INFO  [restartedMain] com.zaxxer.hikari.HikariDataSource - HikariPool-1 - Start completed.
2025-08-20 00:49:31 INFO  [restartedMain] o.hibernate.orm.connections.pooling - HHH10001005: Database info:
	Database JDBC URL [Connecting through datasource 'HikariDataSource (HikariPool-1)']
	Database driver: undefined/unknown
	Database version: 9.1
	Autocommit mode: undefined/unknown
	Isolation level: undefined/unknown
	Minimum pool size: undefined/unknown
	Maximum pool size: undefined/unknown
2025-08-20 00:49:32 INFO  [restartedMain] o.h.e.t.j.p.i.JtaPlatformInitiator - HHH000489: No JTA platform available (set 'hibernate.transaction.jta.platform' to enable JTA platform integration)
2025-08-20 00:49:32 INFO  [restartedMain] o.s.o.j.LocalContainerEntityManagerFactoryBean - Initialized JPA EntityManagerFactory for persistence unit 'default'
2025-08-20 00:49:33 INFO  [restartedMain] o.s.d.j.r.query.QueryEnhancerFactory - Hibernate is in classpath; If applicable, HQL parser will be used.
2025-08-20 00:49:33 WARN  [restartedMain] o.s.b.a.o.j.JpaBaseConfiguration$JpaWebConfiguration - spring.jpa.open-in-view is enabled by default. Therefore, database queries may be performed during view rendering. Explicitly configure spring.jpa.open-in-view to disable this warning
2025-08-20 00:49:33 WARN  [restartedMain] o.s.b.a.s.s.UserDetailsServiceAutoConfiguration - 

Using generated security password: 43223c62-1cfe-4c9e-9597-2d2d01008215

This generated password is for development use only. Your security configuration must be updated before running your application in production.

2025-08-20 00:49:33 INFO  [restartedMain] o.s.s.c.a.a.c.InitializeUserDetailsBeanManagerConfigurer$InitializeUserDetailsManagerConfigurer - Global AuthenticationManager configured with UserDetailsService bean with name inMemoryUserDetailsManager
2025-08-20 00:49:34 INFO  [restartedMain] o.s.b.d.a.OptionalLiveReloadServer - LiveReload server is running on port 35729
2025-08-20 00:49:34 INFO  [restartedMain] o.a.coyote.http11.Http11NioProtocol - Starting ProtocolHandler ["http-nio-8888"]
2025-08-20 00:49:34 INFO  [restartedMain] o.s.b.w.e.tomcat.TomcatWebServer - Tomcat started on port 8888 (http) with context path '/'
2025-08-20 00:49:34 INFO  [restartedMain] c.D.BookShop.BookShopApplication - Started BookShopApplication in 8.014 seconds (process running for 8.769)
2025-08-20 00:50:10 INFO  [http-nio-8888-exec-1] o.a.c.c.C.[Tomcat].[localhost].[/] - Initializing Spring DispatcherServlet 'dispatcherServlet'
2025-08-20 00:50:10 INFO  [http-nio-8888-exec-1] o.s.web.servlet.DispatcherServlet - Initializing Servlet 'dispatcherServlet'
2025-08-20 00:50:10 INFO  [http-nio-8888-exec-1] o.s.web.servlet.DispatcherServlet - Completed initialization in 2 ms
2025-08-20 00:50:12 INFO  [http-nio-8888-exec-9] o.s.api.AbstractOpenApiResource - Init duration for springdoc-openapi is: 1679 ms
2025-08-20 00:50:58 WARN  [http-nio-8888-exec-10] o.s.w.s.m.m.a.ExceptionHandlerExceptionResolver - Resolved [com.DatLeo.BookShop.exception.FieldException: Validation failed]
2025-08-20 00:53:53 INFO  [SpringApplicationShutdownHook] o.s.b.w.e.tomcat.GracefulShutdown - Commencing graceful shutdown. Waiting for active requests to complete
2025-08-20 00:53:53 INFO  [tomcat-shutdown] o.s.b.w.e.tomcat.GracefulShutdown - Graceful shutdown complete
2025-08-20 00:53:53 INFO  [SpringApplicationShutdownHook] o.s.o.j.LocalContainerEntityManagerFactoryBean - Closing JPA EntityManagerFactory for persistence unit 'default'
2025-08-20 00:53:53 INFO  [SpringApplicationShutdownHook] com.zaxxer.hikari.HikariDataSource - HikariPool-1 - Shutdown initiated...
2025-08-20 00:53:53 INFO  [SpringApplicationShutdownHook] com.zaxxer.hikari.HikariDataSource - HikariPool-1 - Shutdown completed.
2025-08-20 00:53:58 INFO  [background-preinit] o.h.validator.internal.util.Version - HV000001: Hibernate Validator 8.0.2.Final
2025-08-20 00:53:58 INFO  [restartedMain] c.D.BookShop.BookShopApplication - Starting BookShopApplication using Java 22 with PID 16776 (D:\Do_An\BACK-END\BookShop\target\classes started by nguye in D:\Do_An\BACK-END\BookShop)
2025-08-20 00:53:58 DEBUG [restartedMain] c.D.BookShop.BookShopApplication - Running with Spring Boot v3.5.0, Spring v6.2.7
2025-08-20 00:53:58 INFO  [restartedMain] c.D.BookShop.BookShopApplication - No active profile set, falling back to 1 default profile: "default"
2025-08-20 00:53:58 INFO  [restartedMain] o.s.b.d.restart.ChangeableUrls - The Class-Path manifest attribute in C:\Users\nguye\.m2\repository\io\github\cdimascio\java-dotenv\5.2.2\java-dotenv-5.2.2.jar referenced one or more files that do not exist: file:/C:/Users/nguye/.m2/repository/io/github/cdimascio/java-dotenv/5.2.2/kotlin-stdlib-1.4.0.jar,file:/C:/Users/nguye/.m2/repository/io/github/cdimascio/java-dotenv/5.2.2/kotlin-stdlib-common-1.4.0.jar,file:/C:/Users/nguye/.m2/repository/io/github/cdimascio/java-dotenv/5.2.2/annotations-13.0.jar
2025-08-20 00:53:58 INFO  [restartedMain] o.s.b.d.e.DevToolsPropertyDefaultsPostProcessor - Devtools property defaults active! Set 'spring.devtools.add-properties' to 'false' to disable
2025-08-20 00:53:58 INFO  [restartedMain] o.s.b.d.e.DevToolsPropertyDefaultsPostProcessor - For additional web related logging consider setting the 'logging.level.web' property to 'DEBUG'
2025-08-20 00:53:59 INFO  [restartedMain] o.s.d.r.c.RepositoryConfigurationDelegate - Bootstrapping Spring Data JPA repositories in DEFAULT mode.
2025-08-20 00:53:59 INFO  [restartedMain] o.s.d.r.c.RepositoryConfigurationDelegate - Finished Spring Data repository scanning in 97 ms. Found 3 JPA repository interfaces.
2025-08-20 00:54:00 INFO  [restartedMain] o.s.b.w.e.tomcat.TomcatWebServer - Tomcat initialized with port 8888 (http)
2025-08-20 00:54:00 INFO  [restartedMain] o.a.coyote.http11.Http11NioProtocol - Initializing ProtocolHandler ["http-nio-8888"]
2025-08-20 00:54:00 INFO  [restartedMain] o.a.catalina.core.StandardService - Starting service [Tomcat]
2025-08-20 00:54:00 INFO  [restartedMain] o.a.catalina.core.StandardEngine - Starting Servlet engine: [Apache Tomcat/10.1.41]
2025-08-20 00:54:00 INFO  [restartedMain] o.a.c.c.C.[Tomcat].[localhost].[/] - Initializing Spring embedded WebApplicationContext
2025-08-20 00:54:00 INFO  [restartedMain] o.s.b.w.s.c.ServletWebServerApplicationContext - Root WebApplicationContext: initialization completed in 2266 ms
2025-08-20 00:54:00 INFO  [restartedMain] o.h.jpa.internal.util.LogHelper - HHH000204: Processing PersistenceUnitInfo [name: default]
2025-08-20 00:54:00 INFO  [restartedMain] org.hibernate.Version - HHH000412: Hibernate ORM core version 6.6.15.Final
2025-08-20 00:54:01 INFO  [restartedMain] o.h.c.i.RegionFactoryInitiator - HHH000026: Second-level cache disabled
2025-08-20 00:54:01 INFO  [restartedMain] o.s.o.j.p.SpringPersistenceUnitInfo - No LoadTimeWeaver setup: ignoring JPA class transformer
2025-08-20 00:54:01 INFO  [restartedMain] com.zaxxer.hikari.HikariDataSource - HikariPool-1 - Starting...
2025-08-20 00:54:01 INFO  [restartedMain] com.zaxxer.hikari.pool.HikariPool - HikariPool-1 - Added connection com.mysql.cj.jdbc.ConnectionImpl@2e70aeae
2025-08-20 00:54:01 INFO  [restartedMain] com.zaxxer.hikari.HikariDataSource - HikariPool-1 - Start completed.
2025-08-20 00:54:01 INFO  [restartedMain] o.hibernate.orm.connections.pooling - HHH10001005: Database info:
	Database JDBC URL [Connecting through datasource 'HikariDataSource (HikariPool-1)']
	Database driver: undefined/unknown
	Database version: 9.1
	Autocommit mode: undefined/unknown
	Isolation level: undefined/unknown
	Minimum pool size: undefined/unknown
	Maximum pool size: undefined/unknown
2025-08-20 00:54:02 INFO  [restartedMain] o.h.e.t.j.p.i.JtaPlatformInitiator - HHH000489: No JTA platform available (set 'hibernate.transaction.jta.platform' to enable JTA platform integration)
2025-08-20 00:54:03 INFO  [restartedMain] o.s.o.j.LocalContainerEntityManagerFactoryBean - Initialized JPA EntityManagerFactory for persistence unit 'default'
2025-08-20 00:54:03 INFO  [restartedMain] o.s.d.j.r.query.QueryEnhancerFactory - Hibernate is in classpath; If applicable, HQL parser will be used.
2025-08-20 00:54:04 WARN  [restartedMain] o.s.b.a.o.j.JpaBaseConfiguration$JpaWebConfiguration - spring.jpa.open-in-view is enabled by default. Therefore, database queries may be performed during view rendering. Explicitly configure spring.jpa.open-in-view to disable this warning
2025-08-20 00:54:04 WARN  [restartedMain] o.s.b.a.s.s.UserDetailsServiceAutoConfiguration - 

Using generated security password: 9682726e-e51e-4dd6-ac01-62141cbac397

This generated password is for development use only. Your security configuration must be updated before running your application in production.

2025-08-20 00:54:04 INFO  [restartedMain] o.s.s.c.a.a.c.InitializeUserDetailsBeanManagerConfigurer$InitializeUserDetailsManagerConfigurer - Global AuthenticationManager configured with UserDetailsService bean with name inMemoryUserDetailsManager
2025-08-20 00:54:05 INFO  [restartedMain] o.s.b.d.a.OptionalLiveReloadServer - LiveReload server is running on port 35729
2025-08-20 00:54:05 INFO  [restartedMain] o.a.coyote.http11.Http11NioProtocol - Starting ProtocolHandler ["http-nio-8888"]
2025-08-20 00:54:05 INFO  [restartedMain] o.s.b.w.e.tomcat.TomcatWebServer - Tomcat started on port 8888 (http) with context path '/'
2025-08-20 00:54:05 INFO  [restartedMain] c.D.BookShop.BookShopApplication - Started BookShopApplication in 7.482 seconds (process running for 8.078)
2025-08-20 00:56:25 INFO  [http-nio-8888-exec-2] o.a.c.c.C.[Tomcat].[localhost].[/] - Initializing Spring DispatcherServlet 'dispatcherServlet'
2025-08-20 00:56:25 INFO  [http-nio-8888-exec-2] o.s.web.servlet.DispatcherServlet - Initializing Servlet 'dispatcherServlet'
2025-08-20 00:56:25 INFO  [http-nio-8888-exec-2] o.s.web.servlet.DispatcherServlet - Completed initialization in 2 ms
2025-08-20 00:56:25 INFO  [http-nio-8888-exec-2] c.D.B.service.impl.FileServiceImpl - Thông tin file upload: 37696263-1768-42fd-bbf6-d72798b8050e-datnh17jpg
2025-08-20 00:56:27 INFO  [http-nio-8888-exec-2] c.D.B.service.impl.FileServiceImpl - Thông tin file path: 37696263-1768-42fd-bbf6-d72798b8050e-datnh17jpg
2025-08-20 00:56:27 INFO  [http-nio-8888-exec-2] c.D.B.service.impl.AuthorServiceImpl - Lưu tác giả thành công với id null
2025-08-20 00:57:07 INFO  [SpringApplicationShutdownHook] o.s.b.w.e.tomcat.GracefulShutdown - Commencing graceful shutdown. Waiting for active requests to complete
2025-08-20 00:57:07 INFO  [tomcat-shutdown] o.s.b.w.e.tomcat.GracefulShutdown - Graceful shutdown complete
2025-08-20 00:57:07 INFO  [SpringApplicationShutdownHook] o.s.o.j.LocalContainerEntityManagerFactoryBean - Closing JPA EntityManagerFactory for persistence unit 'default'
2025-08-20 00:57:07 INFO  [SpringApplicationShutdownHook] com.zaxxer.hikari.HikariDataSource - HikariPool-1 - Shutdown initiated...
2025-08-20 00:57:07 INFO  [SpringApplicationShutdownHook] com.zaxxer.hikari.HikariDataSource - HikariPool-1 - Shutdown completed.
2025-08-20 21:57:14 INFO  [background-preinit] o.h.validator.internal.util.Version - HV000001: Hibernate Validator 8.0.2.Final
2025-08-20 21:57:14 INFO  [restartedMain] c.D.BookShop.BookShopApplication - Starting BookShopApplication using Java 22 with PID 11076 (D:\Do_An\BACK-END\BookShop\target\classes started by nguye in D:\Do_An\BACK-END\BookShop)
2025-08-20 21:57:14 DEBUG [restartedMain] c.D.BookShop.BookShopApplication - Running with Spring Boot v3.5.0, Spring v6.2.7
2025-08-20 21:57:14 INFO  [restartedMain] c.D.BookShop.BookShopApplication - No active profile set, falling back to 1 default profile: "default"
2025-08-20 21:57:14 INFO  [restartedMain] o.s.b.d.restart.ChangeableUrls - The Class-Path manifest attribute in C:\Users\nguye\.m2\repository\io\github\cdimascio\java-dotenv\5.2.2\java-dotenv-5.2.2.jar referenced one or more files that do not exist: file:/C:/Users/nguye/.m2/repository/io/github/cdimascio/java-dotenv/5.2.2/kotlin-stdlib-1.4.0.jar,file:/C:/Users/nguye/.m2/repository/io/github/cdimascio/java-dotenv/5.2.2/kotlin-stdlib-common-1.4.0.jar,file:/C:/Users/nguye/.m2/repository/io/github/cdimascio/java-dotenv/5.2.2/annotations-13.0.jar
2025-08-20 21:57:14 INFO  [restartedMain] o.s.b.d.e.DevToolsPropertyDefaultsPostProcessor - Devtools property defaults active! Set 'spring.devtools.add-properties' to 'false' to disable
2025-08-20 21:57:14 INFO  [restartedMain] o.s.b.d.e.DevToolsPropertyDefaultsPostProcessor - For additional web related logging consider setting the 'logging.level.web' property to 'DEBUG'
2025-08-20 21:57:16 INFO  [restartedMain] o.s.d.r.c.RepositoryConfigurationDelegate - Bootstrapping Spring Data JPA repositories in DEFAULT mode.
2025-08-20 21:57:16 INFO  [restartedMain] o.s.d.r.c.RepositoryConfigurationDelegate - Finished Spring Data repository scanning in 63 ms. Found 3 JPA repository interfaces.
2025-08-20 21:57:16 INFO  [restartedMain] o.s.b.w.e.tomcat.TomcatWebServer - Tomcat initialized with port 8888 (http)
2025-08-20 21:57:16 INFO  [restartedMain] o.a.coyote.http11.Http11NioProtocol - Initializing ProtocolHandler ["http-nio-8888"]
2025-08-20 21:57:16 INFO  [restartedMain] o.a.catalina.core.StandardService - Starting service [Tomcat]
2025-08-20 21:57:16 INFO  [restartedMain] o.a.catalina.core.StandardEngine - Starting Servlet engine: [Apache Tomcat/10.1.41]
2025-08-20 21:57:16 INFO  [restartedMain] o.a.c.c.C.[Tomcat].[localhost].[/] - Initializing Spring embedded WebApplicationContext
2025-08-20 21:57:16 INFO  [restartedMain] o.s.b.w.s.c.ServletWebServerApplicationContext - Root WebApplicationContext: initialization completed in 2005 ms
2025-08-20 21:57:17 INFO  [restartedMain] o.h.jpa.internal.util.LogHelper - HHH000204: Processing PersistenceUnitInfo [name: default]
2025-08-20 21:57:17 INFO  [restartedMain] org.hibernate.Version - HHH000412: Hibernate ORM core version 6.6.15.Final
2025-08-20 21:57:17 INFO  [restartedMain] o.h.c.i.RegionFactoryInitiator - HHH000026: Second-level cache disabled
2025-08-20 21:57:17 INFO  [restartedMain] o.s.o.j.p.SpringPersistenceUnitInfo - No LoadTimeWeaver setup: ignoring JPA class transformer
2025-08-20 21:57:17 INFO  [restartedMain] com.zaxxer.hikari.HikariDataSource - HikariPool-1 - Starting...
2025-08-20 21:57:17 INFO  [restartedMain] com.zaxxer.hikari.pool.HikariPool - HikariPool-1 - Added connection com.mysql.cj.jdbc.ConnectionImpl@766907d5
2025-08-20 21:57:17 INFO  [restartedMain] com.zaxxer.hikari.HikariDataSource - HikariPool-1 - Start completed.
2025-08-20 21:57:17 INFO  [restartedMain] o.hibernate.orm.connections.pooling - HHH10001005: Database info:
	Database JDBC URL [Connecting through datasource 'HikariDataSource (HikariPool-1)']
	Database driver: undefined/unknown
	Database version: 9.1
	Autocommit mode: undefined/unknown
	Isolation level: undefined/unknown
	Minimum pool size: undefined/unknown
	Maximum pool size: undefined/unknown
2025-08-20 21:57:19 INFO  [restartedMain] o.h.e.t.j.p.i.JtaPlatformInitiator - HHH000489: No JTA platform available (set 'hibernate.transaction.jta.platform' to enable JTA platform integration)
2025-08-20 21:57:19 INFO  [restartedMain] o.s.o.j.LocalContainerEntityManagerFactoryBean - Initialized JPA EntityManagerFactory for persistence unit 'default'
2025-08-20 21:57:19 INFO  [restartedMain] o.s.d.j.r.query.QueryEnhancerFactory - Hibernate is in classpath; If applicable, HQL parser will be used.
2025-08-20 21:57:20 WARN  [restartedMain] o.s.b.a.o.j.JpaBaseConfiguration$JpaWebConfiguration - spring.jpa.open-in-view is enabled by default. Therefore, database queries may be performed during view rendering. Explicitly configure spring.jpa.open-in-view to disable this warning
2025-08-20 21:57:20 WARN  [restartedMain] o.s.b.a.s.s.UserDetailsServiceAutoConfiguration - 

Using generated security password: e8e67931-576b-4207-84aa-65f16b9dc72e

This generated password is for development use only. Your security configuration must be updated before running your application in production.

2025-08-20 21:57:20 INFO  [restartedMain] o.s.s.c.a.a.c.InitializeUserDetailsBeanManagerConfigurer$InitializeUserDetailsManagerConfigurer - Global AuthenticationManager configured with UserDetailsService bean with name inMemoryUserDetailsManager
2025-08-20 21:57:21 INFO  [restartedMain] o.s.b.d.a.OptionalLiveReloadServer - LiveReload server is running on port 35729
2025-08-20 21:57:21 INFO  [restartedMain] o.a.coyote.http11.Http11NioProtocol - Starting ProtocolHandler ["http-nio-8888"]
2025-08-20 21:57:21 INFO  [restartedMain] o.s.b.w.e.tomcat.TomcatWebServer - Tomcat started on port 8888 (http) with context path '/'
2025-08-20 21:57:21 INFO  [restartedMain] c.D.BookShop.BookShopApplication - Started BookShopApplication in 7.106 seconds (process running for 8.005)
2025-08-20 21:57:33 INFO  [http-nio-8888-exec-1] o.a.c.c.C.[Tomcat].[localhost].[/] - Initializing Spring DispatcherServlet 'dispatcherServlet'
2025-08-20 21:57:33 INFO  [http-nio-8888-exec-1] o.s.web.servlet.DispatcherServlet - Initializing Servlet 'dispatcherServlet'
2025-08-20 21:57:33 INFO  [http-nio-8888-exec-1] o.s.web.servlet.DispatcherServlet - Completed initialization in 1 ms
2025-08-20 21:57:34 INFO  [http-nio-8888-exec-1] c.D.B.service.impl.UserServiceImpl - Hiển thị danh sách người dùng phân trang thành công!
2025-08-20 21:57:34 INFO  [http-nio-8888-exec-2] c.D.B.service.impl.UserServiceImpl - Hiển thị danh sách người dùng phân trang thành công!
2025-08-20 21:57:38 INFO  [http-nio-8888-exec-3] c.D.B.service.impl.UserServiceImpl - Hiển thị danh sách người dùng phân trang thành công!
2025-08-20 21:57:38 INFO  [http-nio-8888-exec-4] c.D.B.service.impl.UserServiceImpl - Hiển thị danh sách người dùng phân trang thành công!
2025-08-20 21:57:54 INFO  [http-nio-8888-exec-2] o.s.api.AbstractOpenApiResource - Init duration for springdoc-openapi is: 989 ms
2025-08-20 22:01:10 INFO  [http-nio-8888-exec-10] c.D.B.service.impl.UserServiceImpl - Hiển thị danh sách người dùng phân trang thành công!
2025-08-20 22:01:10 INFO  [http-nio-8888-exec-1] c.D.B.service.impl.UserServiceImpl - Hiển thị danh sách người dùng phân trang thành công!
2025-08-20 22:01:18 INFO  [http-nio-8888-exec-2] c.D.B.service.impl.UserServiceImpl - Hiển thị danh sách người dùng phân trang thành công!
2025-08-20 22:01:19 INFO  [http-nio-8888-exec-4] c.D.B.service.impl.UserServiceImpl - Hiển thị danh sách người dùng phân trang thành công!
2025-08-20 22:01:28 INFO  [http-nio-8888-exec-3] c.D.B.service.impl.UserServiceImpl - Hiển thị danh sách người dùng phân trang thành công!
2025-08-20 22:01:30 INFO  [http-nio-8888-exec-9] c.D.B.service.impl.UserServiceImpl - Hiển thị danh sách người dùng phân trang thành công!
2025-08-20 22:02:55 ERROR [http-nio-8888-exec-8] c.D.B.service.impl.AuthorServiceImpl - Không lưu người dùng thành công Tên tác giả đã tồn tại, vui lòng chọn tên khác.
2025-08-20 22:02:55 WARN  [http-nio-8888-exec-8] o.s.w.s.m.m.a.ExceptionHandlerExceptionResolver - Resolved [com.DatLeo.BookShop.exception.ApiException: Tên tác giả đã tồn tại, vui lòng chọn tên khác.]
2025-08-20 22:03:50 INFO  [http-nio-8888-exec-1] c.D.B.service.impl.AuthorServiceImpl - Lưu tác giả thành công với id null
2025-08-20 22:03:56 INFO  [http-nio-8888-exec-2] c.D.B.service.impl.AuthorServiceImpl - Lưu tác giả thành công với id null
2025-08-20 22:05:45 ERROR [http-nio-8888-exec-5] c.D.B.service.impl.AuthorServiceImpl - Tác giả không tồn tại với ID 12
2025-08-20 22:05:45 WARN  [http-nio-8888-exec-5] o.s.w.s.m.m.a.ExceptionHandlerExceptionResolver - Resolved [com.DatLeo.BookShop.exception.ApiException: Tác giả không tồn tại, vui lòng kiểm tra lại.]
2025-08-20 22:08:54 INFO  [http-nio-8888-exec-1] c.D.B.service.impl.AuthorServiceImpl - Xóa tác giả thành công với ID 3
2025-08-20 22:09:21 INFO  [http-nio-8888-exec-2] c.D.B.service.impl.AuthorServiceImpl - Xóa tác giả thành công với ID 1
2025-08-20 22:21:32 INFO  [SpringApplicationShutdownHook] o.s.b.w.e.tomcat.GracefulShutdown - Commencing graceful shutdown. Waiting for active requests to complete
2025-08-20 22:21:32 INFO  [tomcat-shutdown] o.s.b.w.e.tomcat.GracefulShutdown - Graceful shutdown complete
2025-08-20 22:21:32 INFO  [SpringApplicationShutdownHook] o.s.o.j.LocalContainerEntityManagerFactoryBean - Closing JPA EntityManagerFactory for persistence unit 'default'
2025-08-20 22:21:32 INFO  [SpringApplicationShutdownHook] com.zaxxer.hikari.HikariDataSource - HikariPool-1 - Shutdown initiated...
2025-08-20 22:21:32 INFO  [SpringApplicationShutdownHook] com.zaxxer.hikari.HikariDataSource - HikariPool-1 - Shutdown completed.
2025-08-20 23:18:15 INFO  [background-preinit] o.h.validator.internal.util.Version - HV000001: Hibernate Validator 8.0.2.Final
2025-08-20 23:18:15 INFO  [restartedMain] c.D.BookShop.BookShopApplication - Starting BookShopApplication using Java 22 with PID 20308 (D:\Do_An\BACK-END\BookShop\target\classes started by nguye in D:\Do_An\BACK-END\BookShop)
2025-08-20 23:18:15 DEBUG [restartedMain] c.D.BookShop.BookShopApplication - Running with Spring Boot v3.5.0, Spring v6.2.7
2025-08-20 23:18:15 INFO  [restartedMain] c.D.BookShop.BookShopApplication - No active profile set, falling back to 1 default profile: "default"
2025-08-20 23:18:15 INFO  [restartedMain] o.s.b.d.restart.ChangeableUrls - The Class-Path manifest attribute in C:\Users\nguye\.m2\repository\io\github\cdimascio\java-dotenv\5.2.2\java-dotenv-5.2.2.jar referenced one or more files that do not exist: file:/C:/Users/nguye/.m2/repository/io/github/cdimascio/java-dotenv/5.2.2/kotlin-stdlib-1.4.0.jar,file:/C:/Users/nguye/.m2/repository/io/github/cdimascio/java-dotenv/5.2.2/kotlin-stdlib-common-1.4.0.jar,file:/C:/Users/nguye/.m2/repository/io/github/cdimascio/java-dotenv/5.2.2/annotations-13.0.jar
2025-08-20 23:18:15 INFO  [restartedMain] o.s.b.d.e.DevToolsPropertyDefaultsPostProcessor - Devtools property defaults active! Set 'spring.devtools.add-properties' to 'false' to disable
2025-08-20 23:18:15 INFO  [restartedMain] o.s.b.d.e.DevToolsPropertyDefaultsPostProcessor - For additional web related logging consider setting the 'logging.level.web' property to 'DEBUG'
2025-08-20 23:18:16 INFO  [restartedMain] o.s.d.r.c.RepositoryConfigurationDelegate - Bootstrapping Spring Data JPA repositories in DEFAULT mode.
2025-08-20 23:18:16 INFO  [restartedMain] o.s.d.r.c.RepositoryConfigurationDelegate - Finished Spring Data repository scanning in 76 ms. Found 3 JPA repository interfaces.
2025-08-20 23:18:17 INFO  [restartedMain] o.s.b.w.e.tomcat.TomcatWebServer - Tomcat initialized with port 8888 (http)
2025-08-20 23:18:17 INFO  [restartedMain] o.a.coyote.http11.Http11NioProtocol - Initializing ProtocolHandler ["http-nio-8888"]
2025-08-20 23:18:17 INFO  [restartedMain] o.a.catalina.core.StandardService - Starting service [Tomcat]
2025-08-20 23:18:17 INFO  [restartedMain] o.a.catalina.core.StandardEngine - Starting Servlet engine: [Apache Tomcat/10.1.41]
2025-08-20 23:18:17 INFO  [restartedMain] o.a.c.c.C.[Tomcat].[localhost].[/] - Initializing Spring embedded WebApplicationContext
2025-08-20 23:18:17 INFO  [restartedMain] o.s.b.w.s.c.ServletWebServerApplicationContext - Root WebApplicationContext: initialization completed in 2012 ms
2025-08-20 23:18:18 INFO  [restartedMain] o.h.jpa.internal.util.LogHelper - HHH000204: Processing PersistenceUnitInfo [name: default]
2025-08-20 23:18:18 INFO  [restartedMain] org.hibernate.Version - HHH000412: Hibernate ORM core version 6.6.15.Final
2025-08-20 23:18:18 INFO  [restartedMain] o.h.c.i.RegionFactoryInitiator - HHH000026: Second-level cache disabled
2025-08-20 23:18:18 INFO  [restartedMain] o.s.o.j.p.SpringPersistenceUnitInfo - No LoadTimeWeaver setup: ignoring JPA class transformer
2025-08-20 23:18:18 INFO  [restartedMain] com.zaxxer.hikari.HikariDataSource - HikariPool-1 - Starting...
2025-08-20 23:18:18 INFO  [restartedMain] com.zaxxer.hikari.pool.HikariPool - HikariPool-1 - Added connection com.mysql.cj.jdbc.ConnectionImpl@3c2fe6e9
2025-08-20 23:18:18 INFO  [restartedMain] com.zaxxer.hikari.HikariDataSource - HikariPool-1 - Start completed.
2025-08-20 23:18:18 INFO  [restartedMain] o.hibernate.orm.connections.pooling - HHH10001005: Database info:
	Database JDBC URL [Connecting through datasource 'HikariDataSource (HikariPool-1)']
	Database driver: undefined/unknown
	Database version: 9.1
	Autocommit mode: undefined/unknown
	Isolation level: undefined/unknown
	Minimum pool size: undefined/unknown
	Maximum pool size: undefined/unknown
2025-08-20 23:18:20 INFO  [restartedMain] o.h.e.t.j.p.i.JtaPlatformInitiator - HHH000489: No JTA platform available (set 'hibernate.transaction.jta.platform' to enable JTA platform integration)
2025-08-20 23:18:20 INFO  [restartedMain] o.s.o.j.LocalContainerEntityManagerFactoryBean - Initialized JPA EntityManagerFactory for persistence unit 'default'
2025-08-20 23:18:20 INFO  [restartedMain] o.s.d.j.r.query.QueryEnhancerFactory - Hibernate is in classpath; If applicable, HQL parser will be used.
2025-08-20 23:18:21 WARN  [restartedMain] o.s.b.a.o.j.JpaBaseConfiguration$JpaWebConfiguration - spring.jpa.open-in-view is enabled by default. Therefore, database queries may be performed during view rendering. Explicitly configure spring.jpa.open-in-view to disable this warning
2025-08-20 23:18:21 WARN  [restartedMain] o.s.b.a.s.s.UserDetailsServiceAutoConfiguration - 

Using generated security password: b1d2af2b-395a-4d53-9e78-d23fea9e63e0

This generated password is for development use only. Your security configuration must be updated before running your application in production.

2025-08-20 23:18:21 INFO  [restartedMain] o.s.s.c.a.a.c.InitializeUserDetailsBeanManagerConfigurer$InitializeUserDetailsManagerConfigurer - Global AuthenticationManager configured with UserDetailsService bean with name inMemoryUserDetailsManager
2025-08-20 23:18:22 INFO  [restartedMain] o.s.b.d.a.OptionalLiveReloadServer - LiveReload server is running on port 35729
2025-08-20 23:18:22 INFO  [restartedMain] o.a.coyote.http11.Http11NioProtocol - Starting ProtocolHandler ["http-nio-8888"]
2025-08-20 23:18:22 INFO  [restartedMain] o.s.b.w.e.tomcat.TomcatWebServer - Tomcat started on port 8888 (http) with context path '/'
2025-08-20 23:18:22 INFO  [restartedMain] c.D.BookShop.BookShopApplication - Started BookShopApplication in 7.162 seconds (process running for 7.974)
2025-08-20 23:18:54 INFO  [http-nio-8888-exec-2] o.a.c.c.C.[Tomcat].[localhost].[/] - Initializing Spring DispatcherServlet 'dispatcherServlet'
2025-08-20 23:18:54 INFO  [http-nio-8888-exec-2] o.s.web.servlet.DispatcherServlet - Initializing Servlet 'dispatcherServlet'
2025-08-20 23:18:54 INFO  [http-nio-8888-exec-2] o.s.web.servlet.DispatcherServlet - Completed initialization in 2 ms
2025-08-20 23:18:54 INFO  [http-nio-8888-exec-2] c.D.B.service.impl.UserServiceImpl - Thông tin người dùng với ID User(id=20, name=testtttttttt, email=testtttttttt@gmail.com, password=$2a$10$dg43UNOMZyhw6VfzKEHZPeOF8Ent8I6H3eLO.yyFrHwi.Wvug7kzG, address=Thái Bình, phone=0987567373, imageUrl=null, imagePublicId=null, ssoID=null, gender=null, ssoType=null, active=true, refreshToken=null, orders=[], role=null, cart=null, reviews=[], createdAt=2025-07-23T17:54:51.146750Z, updatedAt=2025-07-27T16:16:12.342396Z)
2025-08-20 23:18:54 INFO  [http-nio-8888-exec-2] c.D.B.service.impl.UserServiceImpl - Xóa người dùng thành công với ID 20
2025-08-20 23:19:36 INFO  [http-nio-8888-exec-3] c.D.B.service.impl.UserServiceImpl - Thông tin người dùng với ID User(id=21, name=test người dùng, email=testnew@gmail.com, password=$2a$10$jqJTEY6bKLW6AwknAcnXlur.pvaPOqnDnSRztfxcuyv0.3vjT1oh., address=Thái Bình, phone=0895795984, imageUrl=null, imagePublicId=null, ssoID=null, gender=null, ssoType=null, active=true, refreshToken=null, orders=[], role=null, cart=null, reviews=[], createdAt=2025-07-25T07:45:10.456198Z, updatedAt=2025-07-27T16:12:34.881249Z)
2025-08-20 23:19:36 INFO  [http-nio-8888-exec-3] c.D.B.service.impl.UserServiceImpl - Xóa người dùng thành công với ID 21
2025-08-20 23:21:02 INFO  [http-nio-8888-exec-5] c.D.B.service.impl.UserServiceImpl - Lưu người dùng thành công!
2025-08-20 23:23:06 INFO  [SpringApplicationShutdownHook] o.s.b.w.e.tomcat.GracefulShutdown - Commencing graceful shutdown. Waiting for active requests to complete
2025-08-20 23:23:06 INFO  [tomcat-shutdown] o.s.b.w.e.tomcat.GracefulShutdown - Graceful shutdown complete
2025-08-20 23:23:06 INFO  [SpringApplicationShutdownHook] o.s.o.j.LocalContainerEntityManagerFactoryBean - Closing JPA EntityManagerFactory for persistence unit 'default'
2025-08-20 23:23:06 INFO  [SpringApplicationShutdownHook] com.zaxxer.hikari.HikariDataSource - HikariPool-1 - Shutdown initiated...
2025-08-20 23:23:06 INFO  [SpringApplicationShutdownHook] com.zaxxer.hikari.HikariDataSource - HikariPool-1 - Shutdown completed.
2025-08-20 23:23:11 INFO  [background-preinit] o.h.validator.internal.util.Version - HV000001: Hibernate Validator 8.0.2.Final
2025-08-20 23:23:11 INFO  [restartedMain] c.D.BookShop.BookShopApplication - Starting BookShopApplication using Java 22 with PID 9228 (D:\Do_An\BACK-END\BookShop\target\classes started by nguye in D:\Do_An\BACK-END\BookShop)
2025-08-20 23:23:11 DEBUG [restartedMain] c.D.BookShop.BookShopApplication - Running with Spring Boot v3.5.0, Spring v6.2.7
2025-08-20 23:23:11 INFO  [restartedMain] c.D.BookShop.BookShopApplication - No active profile set, falling back to 1 default profile: "default"
2025-08-20 23:23:11 INFO  [restartedMain] o.s.b.d.restart.ChangeableUrls - The Class-Path manifest attribute in C:\Users\nguye\.m2\repository\io\github\cdimascio\java-dotenv\5.2.2\java-dotenv-5.2.2.jar referenced one or more files that do not exist: file:/C:/Users/nguye/.m2/repository/io/github/cdimascio/java-dotenv/5.2.2/kotlin-stdlib-1.4.0.jar,file:/C:/Users/nguye/.m2/repository/io/github/cdimascio/java-dotenv/5.2.2/kotlin-stdlib-common-1.4.0.jar,file:/C:/Users/nguye/.m2/repository/io/github/cdimascio/java-dotenv/5.2.2/annotations-13.0.jar
2025-08-20 23:23:11 INFO  [restartedMain] o.s.b.d.e.DevToolsPropertyDefaultsPostProcessor - Devtools property defaults active! Set 'spring.devtools.add-properties' to 'false' to disable
2025-08-20 23:23:11 INFO  [restartedMain] o.s.b.d.e.DevToolsPropertyDefaultsPostProcessor - For additional web related logging consider setting the 'logging.level.web' property to 'DEBUG'
2025-08-20 23:23:12 INFO  [restartedMain] o.s.d.r.c.RepositoryConfigurationDelegate - Bootstrapping Spring Data JPA repositories in DEFAULT mode.
2025-08-20 23:23:12 INFO  [restartedMain] o.s.d.r.c.RepositoryConfigurationDelegate - Finished Spring Data repository scanning in 62 ms. Found 3 JPA repository interfaces.
2025-08-20 23:23:13 INFO  [restartedMain] o.s.b.w.e.tomcat.TomcatWebServer - Tomcat initialized with port 8888 (http)
2025-08-20 23:23:13 INFO  [restartedMain] o.a.coyote.http11.Http11NioProtocol - Initializing ProtocolHandler ["http-nio-8888"]
2025-08-20 23:23:13 INFO  [restartedMain] o.a.catalina.core.StandardService - Starting service [Tomcat]
2025-08-20 23:23:13 INFO  [restartedMain] o.a.catalina.core.StandardEngine - Starting Servlet engine: [Apache Tomcat/10.1.41]
2025-08-20 23:23:13 INFO  [restartedMain] o.a.c.c.C.[Tomcat].[localhost].[/] - Initializing Spring embedded WebApplicationContext
2025-08-20 23:23:13 INFO  [restartedMain] o.s.b.w.s.c.ServletWebServerApplicationContext - Root WebApplicationContext: initialization completed in 1962 ms
2025-08-20 23:23:13 INFO  [restartedMain] o.h.jpa.internal.util.LogHelper - HHH000204: Processing PersistenceUnitInfo [name: default]
2025-08-20 23:23:13 INFO  [restartedMain] org.hibernate.Version - HHH000412: Hibernate ORM core version 6.6.15.Final
2025-08-20 23:23:13 INFO  [restartedMain] o.h.c.i.RegionFactoryInitiator - HHH000026: Second-level cache disabled
2025-08-20 23:23:14 INFO  [restartedMain] o.s.o.j.p.SpringPersistenceUnitInfo - No LoadTimeWeaver setup: ignoring JPA class transformer
2025-08-20 23:23:14 INFO  [restartedMain] com.zaxxer.hikari.HikariDataSource - HikariPool-1 - Starting...
2025-08-20 23:23:14 INFO  [restartedMain] com.zaxxer.hikari.pool.HikariPool - HikariPool-1 - Added connection com.mysql.cj.jdbc.ConnectionImpl@2bbdbf9f
2025-08-20 23:23:14 INFO  [restartedMain] com.zaxxer.hikari.HikariDataSource - HikariPool-1 - Start completed.
2025-08-20 23:23:14 INFO  [restartedMain] o.hibernate.orm.connections.pooling - HHH10001005: Database info:
	Database JDBC URL [Connecting through datasource 'HikariDataSource (HikariPool-1)']
	Database driver: undefined/unknown
	Database version: 9.1
	Autocommit mode: undefined/unknown
	Isolation level: undefined/unknown
	Minimum pool size: undefined/unknown
	Maximum pool size: undefined/unknown
2025-08-20 23:23:15 INFO  [restartedMain] o.h.e.t.j.p.i.JtaPlatformInitiator - HHH000489: No JTA platform available (set 'hibernate.transaction.jta.platform' to enable JTA platform integration)
2025-08-20 23:23:15 INFO  [restartedMain] o.s.o.j.LocalContainerEntityManagerFactoryBean - Initialized JPA EntityManagerFactory for persistence unit 'default'
2025-08-20 23:23:16 INFO  [restartedMain] o.s.d.j.r.query.QueryEnhancerFactory - Hibernate is in classpath; If applicable, HQL parser will be used.
2025-08-20 23:23:16 WARN  [restartedMain] o.s.b.a.o.j.JpaBaseConfiguration$JpaWebConfiguration - spring.jpa.open-in-view is enabled by default. Therefore, database queries may be performed during view rendering. Explicitly configure spring.jpa.open-in-view to disable this warning
2025-08-20 23:23:16 WARN  [restartedMain] o.s.b.a.s.s.UserDetailsServiceAutoConfiguration - 

Using generated security password: 03fe1ead-8a95-41f4-a4f6-8e250ba01509

This generated password is for development use only. Your security configuration must be updated before running your application in production.

2025-08-20 23:23:16 INFO  [restartedMain] o.s.s.c.a.a.c.InitializeUserDetailsBeanManagerConfigurer$InitializeUserDetailsManagerConfigurer - Global AuthenticationManager configured with UserDetailsService bean with name inMemoryUserDetailsManager
2025-08-20 23:23:17 INFO  [restartedMain] o.s.b.d.a.OptionalLiveReloadServer - LiveReload server is running on port 35729
2025-08-20 23:23:17 INFO  [restartedMain] o.a.coyote.http11.Http11NioProtocol - Starting ProtocolHandler ["http-nio-8888"]
2025-08-20 23:23:17 INFO  [restartedMain] o.s.b.w.e.tomcat.TomcatWebServer - Tomcat started on port 8888 (http) with context path '/'
2025-08-20 23:23:17 INFO  [restartedMain] c.D.BookShop.BookShopApplication - Started BookShopApplication in 6.894 seconds (process running for 7.461)
2025-08-20 23:23:53 INFO  [http-nio-8888-exec-2] o.a.c.c.C.[Tomcat].[localhost].[/] - Initializing Spring DispatcherServlet 'dispatcherServlet'
2025-08-20 23:23:53 INFO  [http-nio-8888-exec-2] o.s.web.servlet.DispatcherServlet - Initializing Servlet 'dispatcherServlet'
2025-08-20 23:23:53 INFO  [http-nio-8888-exec-2] o.s.web.servlet.DispatcherServlet - Completed initialization in 2 ms
2025-08-20 23:23:54 INFO  [http-nio-8888-exec-2] c.D.B.service.impl.UserServiceImpl - Lưu người dùng thành công!
2025-08-20 23:24:53 INFO  [SpringApplicationShutdownHook] o.s.b.w.e.tomcat.GracefulShutdown - Commencing graceful shutdown. Waiting for active requests to complete
2025-08-20 23:24:53 INFO  [tomcat-shutdown] o.s.b.w.e.tomcat.GracefulShutdown - Graceful shutdown complete
2025-08-20 23:24:53 INFO  [SpringApplicationShutdownHook] o.s.o.j.LocalContainerEntityManagerFactoryBean - Closing JPA EntityManagerFactory for persistence unit 'default'
2025-08-20 23:24:53 INFO  [SpringApplicationShutdownHook] com.zaxxer.hikari.HikariDataSource - HikariPool-1 - Shutdown initiated...
2025-08-20 23:24:53 INFO  [SpringApplicationShutdownHook] com.zaxxer.hikari.HikariDataSource - HikariPool-1 - Shutdown completed.
2025-08-20 23:24:57 INFO  [background-preinit] o.h.validator.internal.util.Version - HV000001: Hibernate Validator 8.0.2.Final
2025-08-20 23:24:57 INFO  [restartedMain] c.D.BookShop.BookShopApplication - Starting BookShopApplication using Java 22 with PID 22268 (D:\Do_An\BACK-END\BookShop\target\classes started by nguye in D:\Do_An\BACK-END\BookShop)
2025-08-20 23:24:57 DEBUG [restartedMain] c.D.BookShop.BookShopApplication - Running with Spring Boot v3.5.0, Spring v6.2.7
2025-08-20 23:24:57 INFO  [restartedMain] c.D.BookShop.BookShopApplication - No active profile set, falling back to 1 default profile: "default"
2025-08-20 23:24:57 INFO  [restartedMain] o.s.b.d.restart.ChangeableUrls - The Class-Path manifest attribute in C:\Users\nguye\.m2\repository\io\github\cdimascio\java-dotenv\5.2.2\java-dotenv-5.2.2.jar referenced one or more files that do not exist: file:/C:/Users/nguye/.m2/repository/io/github/cdimascio/java-dotenv/5.2.2/kotlin-stdlib-1.4.0.jar,file:/C:/Users/nguye/.m2/repository/io/github/cdimascio/java-dotenv/5.2.2/kotlin-stdlib-common-1.4.0.jar,file:/C:/Users/nguye/.m2/repository/io/github/cdimascio/java-dotenv/5.2.2/annotations-13.0.jar
2025-08-20 23:24:57 INFO  [restartedMain] o.s.b.d.e.DevToolsPropertyDefaultsPostProcessor - Devtools property defaults active! Set 'spring.devtools.add-properties' to 'false' to disable
2025-08-20 23:24:57 INFO  [restartedMain] o.s.b.d.e.DevToolsPropertyDefaultsPostProcessor - For additional web related logging consider setting the 'logging.level.web' property to 'DEBUG'
2025-08-20 23:24:58 INFO  [restartedMain] o.s.d.r.c.RepositoryConfigurationDelegate - Bootstrapping Spring Data JPA repositories in DEFAULT mode.
2025-08-20 23:24:59 INFO  [restartedMain] o.s.d.r.c.RepositoryConfigurationDelegate - Finished Spring Data repository scanning in 75 ms. Found 3 JPA repository interfaces.
2025-08-20 23:24:59 INFO  [restartedMain] o.s.b.w.e.tomcat.TomcatWebServer - Tomcat initialized with port 8888 (http)
2025-08-20 23:24:59 INFO  [restartedMain] o.a.coyote.http11.Http11NioProtocol - Initializing ProtocolHandler ["http-nio-8888"]
2025-08-20 23:24:59 INFO  [restartedMain] o.a.catalina.core.StandardService - Starting service [Tomcat]
2025-08-20 23:24:59 INFO  [restartedMain] o.a.catalina.core.StandardEngine - Starting Servlet engine: [Apache Tomcat/10.1.41]
2025-08-20 23:24:59 INFO  [restartedMain] o.a.c.c.C.[Tomcat].[localhost].[/] - Initializing Spring embedded WebApplicationContext
2025-08-20 23:24:59 INFO  [restartedMain] o.s.b.w.s.c.ServletWebServerApplicationContext - Root WebApplicationContext: initialization completed in 2192 ms
2025-08-20 23:25:00 INFO  [restartedMain] o.h.jpa.internal.util.LogHelper - HHH000204: Processing PersistenceUnitInfo [name: default]
2025-08-20 23:25:00 INFO  [restartedMain] org.hibernate.Version - HHH000412: Hibernate ORM core version 6.6.15.Final
2025-08-20 23:25:00 INFO  [restartedMain] o.h.c.i.RegionFactoryInitiator - HHH000026: Second-level cache disabled
2025-08-20 23:25:00 INFO  [restartedMain] o.s.o.j.p.SpringPersistenceUnitInfo - No LoadTimeWeaver setup: ignoring JPA class transformer
2025-08-20 23:25:00 INFO  [restartedMain] com.zaxxer.hikari.HikariDataSource - HikariPool-1 - Starting...
2025-08-20 23:25:00 INFO  [restartedMain] com.zaxxer.hikari.pool.HikariPool - HikariPool-1 - Added connection com.mysql.cj.jdbc.ConnectionImpl@7023a77c
2025-08-20 23:25:00 INFO  [restartedMain] com.zaxxer.hikari.HikariDataSource - HikariPool-1 - Start completed.
2025-08-20 23:25:01 INFO  [restartedMain] o.hibernate.orm.connections.pooling - HHH10001005: Database info:
	Database JDBC URL [Connecting through datasource 'HikariDataSource (HikariPool-1)']
	Database driver: undefined/unknown
	Database version: 9.1
	Autocommit mode: undefined/unknown
	Isolation level: undefined/unknown
	Minimum pool size: undefined/unknown
	Maximum pool size: undefined/unknown
2025-08-20 23:25:02 INFO  [restartedMain] o.h.e.t.j.p.i.JtaPlatformInitiator - HHH000489: No JTA platform available (set 'hibernate.transaction.jta.platform' to enable JTA platform integration)
2025-08-20 23:25:02 INFO  [restartedMain] o.s.o.j.LocalContainerEntityManagerFactoryBean - Initialized JPA EntityManagerFactory for persistence unit 'default'
2025-08-20 23:25:02 INFO  [restartedMain] o.s.d.j.r.query.QueryEnhancerFactory - Hibernate is in classpath; If applicable, HQL parser will be used.
2025-08-20 23:25:03 WARN  [restartedMain] o.s.b.a.o.j.JpaBaseConfiguration$JpaWebConfiguration - spring.jpa.open-in-view is enabled by default. Therefore, database queries may be performed during view rendering. Explicitly configure spring.jpa.open-in-view to disable this warning
2025-08-20 23:25:03 WARN  [restartedMain] o.s.b.a.s.s.UserDetailsServiceAutoConfiguration - 

Using generated security password: 11e201e8-de78-41cc-9a31-ace4f1879213

This generated password is for development use only. Your security configuration must be updated before running your application in production.

2025-08-20 23:25:03 INFO  [restartedMain] o.s.s.c.a.a.c.InitializeUserDetailsBeanManagerConfigurer$InitializeUserDetailsManagerConfigurer - Global AuthenticationManager configured with UserDetailsService bean with name inMemoryUserDetailsManager
2025-08-20 23:25:04 INFO  [restartedMain] o.s.b.d.a.OptionalLiveReloadServer - LiveReload server is running on port 35729
2025-08-20 23:25:04 INFO  [restartedMain] o.a.coyote.http11.Http11NioProtocol - Starting ProtocolHandler ["http-nio-8888"]
2025-08-20 23:25:04 INFO  [restartedMain] o.s.b.w.e.tomcat.TomcatWebServer - Tomcat started on port 8888 (http) with context path '/'
2025-08-20 23:25:04 INFO  [restartedMain] c.D.BookShop.BookShopApplication - Started BookShopApplication in 8.022 seconds (process running for 9.199)
2025-08-20 23:25:54 INFO  [http-nio-8888-exec-2] o.a.c.c.C.[Tomcat].[localhost].[/] - Initializing Spring DispatcherServlet 'dispatcherServlet'
2025-08-20 23:25:54 INFO  [http-nio-8888-exec-2] o.s.web.servlet.DispatcherServlet - Initializing Servlet 'dispatcherServlet'
2025-08-20 23:25:54 INFO  [http-nio-8888-exec-2] o.s.web.servlet.DispatcherServlet - Completed initialization in 1 ms
2025-08-20 23:27:09 WARN  [HikariPool-1:housekeeper] com.zaxxer.hikari.pool.HikariPool - HikariPool-1 - Thread starvation or clock leap detected (housekeeper delta=1m38s72ms771µs500ns).
2025-08-20 23:27:09 INFO  [http-nio-8888-exec-2] c.D.B.service.impl.UserServiceImpl - Lưu người dùng thành công!
2025-08-20 23:32:08 INFO  [http-nio-8888-exec-7] c.D.B.service.impl.UserServiceImpl - Lưu người dùng thành công!
2025-08-20 23:32:08 ERROR [http-nio-8888-exec-7] c.D.B.service.impl.UserServiceImpl - Không lưu người dùng thành công! Email người dùng đã tồn tại vui lòng chọn email khác.
2025-08-20 23:32:08 WARN  [http-nio-8888-exec-7] o.s.w.s.m.m.a.ExceptionHandlerExceptionResolver - Resolved [com.DatLeo.BookShop.exception.ApiException: Email người dùng đã tồn tại vui lòng chọn email khác.]
2025-08-20 23:32:14 INFO  [http-nio-8888-exec-5] c.D.B.service.impl.UserServiceImpl - Lưu người dùng thành công!
2025-08-20 23:32:14 INFO  [http-nio-8888-exec-5] c.D.B.service.impl.FileServiceImpl - Thông tin file upload: c97b90b4-d7fa-4907-be9a-d47504313c86-datnh17jpg
2025-08-20 23:32:16 INFO  [http-nio-8888-exec-5] c.D.B.service.impl.FileServiceImpl - Thông tin file path: c97b90b4-d7fa-4907-be9a-d47504313c86-datnh17jpg
2025-08-20 23:33:50 INFO  [http-nio-8888-exec-10] c.D.B.service.impl.UserServiceImpl - Thông tin người dùng với ID User(id=47, name=Người dùng mới, email=user4@gmail.com, password=$2a$10$R3fsQTvEiEvq0Un8Ai35qe0xq5j0HdN.jE7wPUbdGkEvcPOAPxPvy, address=Thái Bình, phone=0987567373, imageUrl=http://res.cloudinary.com/dnwzqsthm/image/upload/5d6a68b3-4f81-4400-adc9-191dcb7832c3-datnh17.jpg, imagePublicId=5d6a68b3-4f81-4400-adc9-191dcb7832c3-datnh17, ssoID=null, gender=null, ssoType=null, active=false, refreshToken=null, orders=[], role=null, cart=null, reviews=[], createdAt=2025-08-20T16:32:16.815644Z, updatedAt=null)
2025-08-20 23:33:51 INFO  [http-nio-8888-exec-10] c.D.B.service.impl.FileServiceImpl - Đã xóa ảnh Cloudinary với publicId 5d6a68b3-4f81-4400-adc9-191dcb7832c3-datnh17 - Kết quả: {result=ok}
2025-08-20 23:33:51 INFO  [http-nio-8888-exec-10] c.D.B.service.impl.UserServiceImpl - Xóa người dùng thành công với ID 47
2025-08-20 23:34:24 INFO  [SpringApplicationShutdownHook] o.s.b.w.e.tomcat.GracefulShutdown - Commencing graceful shutdown. Waiting for active requests to complete
2025-08-20 23:34:24 INFO  [tomcat-shutdown] o.s.b.w.e.tomcat.GracefulShutdown - Graceful shutdown complete
2025-08-20 23:34:24 INFO  [SpringApplicationShutdownHook] o.s.o.j.LocalContainerEntityManagerFactoryBean - Closing JPA EntityManagerFactory for persistence unit 'default'
2025-08-20 23:34:24 INFO  [SpringApplicationShutdownHook] com.zaxxer.hikari.HikariDataSource - HikariPool-1 - Shutdown initiated...
2025-08-20 23:34:24 INFO  [SpringApplicationShutdownHook] com.zaxxer.hikari.HikariDataSource - HikariPool-1 - Shutdown completed.
2025-08-20 23:34:29 INFO  [background-preinit] o.h.validator.internal.util.Version - HV000001: Hibernate Validator 8.0.2.Final
2025-08-20 23:34:29 INFO  [restartedMain] c.D.BookShop.BookShopApplication - Starting BookShopApplication using Java 22 with PID 5876 (D:\Do_An\BACK-END\BookShop\target\classes started by nguye in D:\Do_An\BACK-END\BookShop)
2025-08-20 23:34:29 DEBUG [restartedMain] c.D.BookShop.BookShopApplication - Running with Spring Boot v3.5.0, Spring v6.2.7
2025-08-20 23:34:29 INFO  [restartedMain] c.D.BookShop.BookShopApplication - No active profile set, falling back to 1 default profile: "default"
2025-08-20 23:34:29 INFO  [restartedMain] o.s.b.d.restart.ChangeableUrls - The Class-Path manifest attribute in C:\Users\nguye\.m2\repository\io\github\cdimascio\java-dotenv\5.2.2\java-dotenv-5.2.2.jar referenced one or more files that do not exist: file:/C:/Users/nguye/.m2/repository/io/github/cdimascio/java-dotenv/5.2.2/kotlin-stdlib-1.4.0.jar,file:/C:/Users/nguye/.m2/repository/io/github/cdimascio/java-dotenv/5.2.2/kotlin-stdlib-common-1.4.0.jar,file:/C:/Users/nguye/.m2/repository/io/github/cdimascio/java-dotenv/5.2.2/annotations-13.0.jar
2025-08-20 23:34:29 INFO  [restartedMain] o.s.b.d.e.DevToolsPropertyDefaultsPostProcessor - Devtools property defaults active! Set 'spring.devtools.add-properties' to 'false' to disable
2025-08-20 23:34:29 INFO  [restartedMain] o.s.b.d.e.DevToolsPropertyDefaultsPostProcessor - For additional web related logging consider setting the 'logging.level.web' property to 'DEBUG'
2025-08-20 23:34:31 INFO  [restartedMain] o.s.d.r.c.RepositoryConfigurationDelegate - Bootstrapping Spring Data JPA repositories in DEFAULT mode.
2025-08-20 23:34:31 INFO  [restartedMain] o.s.d.r.c.RepositoryConfigurationDelegate - Finished Spring Data repository scanning in 68 ms. Found 3 JPA repository interfaces.
2025-08-20 23:34:31 INFO  [restartedMain] o.s.b.w.e.tomcat.TomcatWebServer - Tomcat initialized with port 8888 (http)
2025-08-20 23:34:32 INFO  [restartedMain] o.a.coyote.http11.Http11NioProtocol - Initializing ProtocolHandler ["http-nio-8888"]
2025-08-20 23:34:32 INFO  [restartedMain] o.a.catalina.core.StandardService - Starting service [Tomcat]
2025-08-20 23:34:32 INFO  [restartedMain] o.a.catalina.core.StandardEngine - Starting Servlet engine: [Apache Tomcat/10.1.41]
2025-08-20 23:34:32 INFO  [restartedMain] o.a.c.c.C.[Tomcat].[localhost].[/] - Initializing Spring embedded WebApplicationContext
2025-08-20 23:34:32 INFO  [restartedMain] o.s.b.w.s.c.ServletWebServerApplicationContext - Root WebApplicationContext: initialization completed in 2141 ms
2025-08-20 23:34:32 INFO  [restartedMain] o.h.jpa.internal.util.LogHelper - HHH000204: Processing PersistenceUnitInfo [name: default]
2025-08-20 23:34:32 INFO  [restartedMain] org.hibernate.Version - HHH000412: Hibernate ORM core version 6.6.15.Final
2025-08-20 23:34:32 INFO  [restartedMain] o.h.c.i.RegionFactoryInitiator - HHH000026: Second-level cache disabled
2025-08-20 23:34:32 INFO  [restartedMain] o.s.o.j.p.SpringPersistenceUnitInfo - No LoadTimeWeaver setup: ignoring JPA class transformer
2025-08-20 23:34:32 INFO  [restartedMain] com.zaxxer.hikari.HikariDataSource - HikariPool-1 - Starting...
2025-08-20 23:34:32 INFO  [restartedMain] com.zaxxer.hikari.pool.HikariPool - HikariPool-1 - Added connection com.mysql.cj.jdbc.ConnectionImpl@56f6b506
2025-08-20 23:34:32 INFO  [restartedMain] com.zaxxer.hikari.HikariDataSource - HikariPool-1 - Start completed.
2025-08-20 23:34:32 INFO  [restartedMain] o.hibernate.orm.connections.pooling - HHH10001005: Database info:
	Database JDBC URL [Connecting through datasource 'HikariDataSource (HikariPool-1)']
	Database driver: undefined/unknown
	Database version: 9.1
	Autocommit mode: undefined/unknown
	Isolation level: undefined/unknown
	Minimum pool size: undefined/unknown
	Maximum pool size: undefined/unknown
2025-08-20 23:34:34 INFO  [restartedMain] o.h.e.t.j.p.i.JtaPlatformInitiator - HHH000489: No JTA platform available (set 'hibernate.transaction.jta.platform' to enable JTA platform integration)
2025-08-20 23:34:35 INFO  [restartedMain] o.s.o.j.LocalContainerEntityManagerFactoryBean - Initialized JPA EntityManagerFactory for persistence unit 'default'
2025-08-20 23:34:35 INFO  [restartedMain] o.s.d.j.r.query.QueryEnhancerFactory - Hibernate is in classpath; If applicable, HQL parser will be used.
2025-08-20 23:34:36 WARN  [restartedMain] o.s.b.a.o.j.JpaBaseConfiguration$JpaWebConfiguration - spring.jpa.open-in-view is enabled by default. Therefore, database queries may be performed during view rendering. Explicitly configure spring.jpa.open-in-view to disable this warning
2025-08-20 23:34:36 WARN  [restartedMain] o.s.b.a.s.s.UserDetailsServiceAutoConfiguration - 

Using generated security password: 73b72fa6-c181-49ec-b2f0-9c5936173c47

This generated password is for development use only. Your security configuration must be updated before running your application in production.

2025-08-20 23:34:36 INFO  [restartedMain] o.s.s.c.a.a.c.InitializeUserDetailsBeanManagerConfigurer$InitializeUserDetailsManagerConfigurer - Global AuthenticationManager configured with UserDetailsService bean with name inMemoryUserDetailsManager
2025-08-20 23:34:37 INFO  [restartedMain] o.s.b.d.a.OptionalLiveReloadServer - LiveReload server is running on port 35729
2025-08-20 23:34:37 INFO  [restartedMain] o.a.coyote.http11.Http11NioProtocol - Starting ProtocolHandler ["http-nio-8888"]
2025-08-20 23:34:37 INFO  [restartedMain] o.s.b.w.e.tomcat.TomcatWebServer - Tomcat started on port 8888 (http) with context path '/'
2025-08-20 23:34:37 INFO  [restartedMain] c.D.BookShop.BookShopApplication - Started BookShopApplication in 8.158 seconds (process running for 8.783)
2025-08-20 23:35:04 INFO  [http-nio-8888-exec-1] o.a.c.c.C.[Tomcat].[localhost].[/] - Initializing Spring DispatcherServlet 'dispatcherServlet'
2025-08-20 23:35:04 INFO  [http-nio-8888-exec-1] o.s.web.servlet.DispatcherServlet - Initializing Servlet 'dispatcherServlet'
2025-08-20 23:35:04 INFO  [http-nio-8888-exec-1] o.s.web.servlet.DispatcherServlet - Completed initialization in 1 ms
2025-08-20 23:35:05 INFO  [http-nio-8888-exec-1] c.D.B.service.impl.UserServiceImpl - Hiển thị danh sách người dùng phân trang thành công!
2025-08-20 23:35:05 INFO  [http-nio-8888-exec-2] c.D.B.service.impl.UserServiceImpl - Hiển thị danh sách người dùng phân trang thành công!
2025-08-20 23:36:08 INFO  [http-nio-8888-exec-5] c.D.B.service.impl.UserServiceImpl - Hiển thị danh sách người dùng phân trang thành công!
2025-08-20 23:36:08 INFO  [http-nio-8888-exec-6] c.D.B.service.impl.UserServiceImpl - Hiển thị danh sách người dùng phân trang thành công!
2025-08-20 23:38:49 INFO  [http-nio-8888-exec-9] c.D.B.service.impl.UserServiceImpl - Lưu người dùng thành công!
2025-08-20 23:38:49 INFO  [http-nio-8888-exec-9] c.D.B.service.impl.FileServiceImpl - Thông tin file upload: 856f9210-aa4f-4ca5-b56d-156f8f0804ca-Picture_testpng
2025-08-20 23:38:51 INFO  [http-nio-8888-exec-9] c.D.B.service.impl.FileServiceImpl - Thông tin file path: 856f9210-aa4f-4ca5-b56d-156f8f0804ca-Picture_testpng
2025-08-20 23:38:51 INFO  [http-nio-8888-exec-10] c.D.B.service.impl.UserServiceImpl - Hiển thị danh sách người dùng phân trang thành công!
2025-08-20 23:39:01 INFO  [http-nio-8888-exec-1] c.D.B.service.impl.UserServiceImpl - Hiển thị danh sách người dùng phân trang thành công!
2025-08-20 23:39:01 INFO  [http-nio-8888-exec-2] c.D.B.service.impl.UserServiceImpl - Hiển thị danh sách người dùng phân trang thành công!
2025-08-20 23:39:22 INFO  [http-nio-8888-exec-4] c.D.B.service.impl.UserServiceImpl - Hiển thị danh sách người dùng phân trang thành công!
2025-08-20 23:39:22 INFO  [http-nio-8888-exec-3] c.D.B.service.impl.UserServiceImpl - Hiển thị danh sách người dùng phân trang thành công!
2025-08-20 23:39:57 INFO  [http-nio-8888-exec-6] c.D.B.service.impl.UserServiceImpl - Thông tin người dùng với ID User(id=1, name=Người dùng 1, email=user1@gmail.com, password=$2a$10$VmiKtWGZ1NtC.x2KGThsgeRMYtHEWqzyLi/CuPTK24r2QT2T3itQu, address=Thái Bình, phone=0981319648, imageUrl=http://res.cloudinary.com/dnwzqsthm/image/upload/7b741dab-f760-4012-8fc1-e558bcb43ef8-Picture_test.png, imagePublicId=7b741dab-f760-4012-8fc1-e558bcb43ef8-Picture_test, ssoID=null, gender=null, ssoType=null, active=true, refreshToken=null, orders=[], role=null, cart=null, reviews=[], createdAt=2025-08-20T16:38:51.763573Z, updatedAt=null)
2025-08-20 23:39:58 INFO  [http-nio-8888-exec-6] c.D.B.service.impl.FileServiceImpl - Đã xóa ảnh Cloudinary với publicId 7b741dab-f760-4012-8fc1-e558bcb43ef8-Picture_test - Kết quả: {result=ok}
2025-08-20 23:39:58 INFO  [http-nio-8888-exec-6] c.D.B.service.impl.UserServiceImpl - Xóa người dùng thành công với ID 1
2025-08-20 23:39:58 INFO  [http-nio-8888-exec-7] c.D.B.service.impl.UserServiceImpl - Hiển thị danh sách người dùng phân trang thành công!
2025-08-20 23:41:24 INFO  [http-nio-8888-exec-10] c.D.B.service.impl.UserServiceImpl - Lưu người dùng thành công!
2025-08-20 23:41:24 INFO  [http-nio-8888-exec-10] c.D.B.service.impl.FileServiceImpl - Thông tin file upload: e986aa33-0c78-4638-ab8c-eecc92f01f76-anh-testjpg
2025-08-20 23:41:26 INFO  [http-nio-8888-exec-10] c.D.B.service.impl.FileServiceImpl - Thông tin file path: e986aa33-0c78-4638-ab8c-eecc92f01f76-anh-testjpg
2025-08-20 23:41:26 INFO  [http-nio-8888-exec-1] c.D.B.service.impl.UserServiceImpl - Hiển thị danh sách người dùng phân trang thành công!
2025-08-20 23:41:30 INFO  [http-nio-8888-exec-2] c.D.B.service.impl.UserServiceImpl - Hiển thị danh sách người dùng phân trang thành công!
2025-08-20 23:41:30 INFO  [http-nio-8888-exec-4] c.D.B.service.impl.UserServiceImpl - Hiển thị danh sách người dùng phân trang thành công!
2025-08-20 23:43:11 INFO  [http-nio-8888-exec-6] c.D.B.service.impl.UserServiceImpl - Hiển thị danh sách người dùng phân trang thành công!
2025-08-20 23:43:11 INFO  [http-nio-8888-exec-7] c.D.B.service.impl.UserServiceImpl - Hiển thị danh sách người dùng phân trang thành công!
2025-08-20 23:43:49 INFO  [http-nio-8888-exec-8] c.D.B.service.impl.UserServiceImpl - Thông tin người dùng với ID User(id=2, name=Người dùng 1, email=user1@gmail.com, password=$2a$10$J2bepHobuhpibX7o.doQY.o5BhK4kaFfJSP1HMg9QUS7kqhfWjlLq, address=Thái Bình, phone=0981319648, imageUrl=http://res.cloudinary.com/dnwzqsthm/image/upload/9d906d11-d247-486b-a634-f6ef5a83cea5-anh-test.jpg, imagePublicId=9d906d11-d247-486b-a634-f6ef5a83cea5-anh-test, ssoID=null, gender=null, ssoType=null, active=true, refreshToken=null, orders=[], role=null, cart=null, reviews=[], createdAt=2025-08-20T16:41:26.624454Z, updatedAt=null)
2025-08-20 23:43:54 INFO  [http-nio-8888-exec-9] c.D.B.service.impl.UserServiceImpl - Thông tin người dùng với ID User(id=2, name=Người dùng 1, email=user1@gmail.com, password=$2a$10$J2bepHobuhpibX7o.doQY.o5BhK4kaFfJSP1HMg9QUS7kqhfWjlLq, address=Thái Bình, phone=0981319648, imageUrl=http://res.cloudinary.com/dnwzqsthm/image/upload/9d906d11-d247-486b-a634-f6ef5a83cea5-anh-test.jpg, imagePublicId=9d906d11-d247-486b-a634-f6ef5a83cea5-anh-test, ssoID=null, gender=null, ssoType=null, active=true, refreshToken=null, orders=[], role=null, cart=null, reviews=[], createdAt=2025-08-20T16:41:26.624454Z, updatedAt=null)
2025-08-20 23:44:28 INFO  [http-nio-8888-exec-10] c.D.B.service.impl.UserServiceImpl - Thông tin người dùng với ID User(id=2, name=Người dùng 1, email=user1@gmail.com, password=$2a$10$J2bepHobuhpibX7o.doQY.o5BhK4kaFfJSP1HMg9QUS7kqhfWjlLq, address=Thái Bình, phone=0981319648, imageUrl=http://res.cloudinary.com/dnwzqsthm/image/upload/9d906d11-d247-486b-a634-f6ef5a83cea5-anh-test.jpg, imagePublicId=9d906d11-d247-486b-a634-f6ef5a83cea5-anh-test, ssoID=null, gender=null, ssoType=null, active=true, refreshToken=null, orders=[], role=null, cart=null, reviews=[], createdAt=2025-08-20T16:41:26.624454Z, updatedAt=null)
2025-08-20 23:44:33 INFO  [http-nio-8888-exec-1] c.D.B.service.impl.UserServiceImpl - Thông tin người dùng với ID User(id=2, name=Người dùng 1, email=user1@gmail.com, password=$2a$10$J2bepHobuhpibX7o.doQY.o5BhK4kaFfJSP1HMg9QUS7kqhfWjlLq, address=Thái Bình, phone=0981319648, imageUrl=http://res.cloudinary.com/dnwzqsthm/image/upload/9d906d11-d247-486b-a634-f6ef5a83cea5-anh-test.jpg, imagePublicId=9d906d11-d247-486b-a634-f6ef5a83cea5-anh-test, ssoID=null, gender=null, ssoType=null, active=true, refreshToken=null, orders=[], role=null, cart=null, reviews=[], createdAt=2025-08-20T16:41:26.624454Z, updatedAt=null)
2025-08-20 23:45:36 INFO  [http-nio-8888-exec-4] c.D.B.service.impl.UserServiceImpl - Thông tin người dùng với ID User(id=2, name=Người dùng 1, email=user1@gmail.com, password=$2a$10$J2bepHobuhpibX7o.doQY.o5BhK4kaFfJSP1HMg9QUS7kqhfWjlLq, address=Thái Bình, phone=0981319648, imageUrl=http://res.cloudinary.com/dnwzqsthm/image/upload/9d906d11-d247-486b-a634-f6ef5a83cea5-anh-test.jpg, imagePublicId=9d906d11-d247-486b-a634-f6ef5a83cea5-anh-test, ssoID=null, gender=null, ssoType=null, active=true, refreshToken=null, orders=[], role=null, cart=null, reviews=[], createdAt=2025-08-20T16:41:26.624454Z, updatedAt=null)
2025-08-20 23:49:40 INFO  [http-nio-8888-exec-5] c.D.B.service.impl.UserServiceImpl - Thông tin người dùng với ID User(id=2, name=Người dùng 1, email=user1@gmail.com, password=$2a$10$J2bepHobuhpibX7o.doQY.o5BhK4kaFfJSP1HMg9QUS7kqhfWjlLq, address=Thái Bình, phone=0981319648, imageUrl=http://res.cloudinary.com/dnwzqsthm/image/upload/9d906d11-d247-486b-a634-f6ef5a83cea5-anh-test.jpg, imagePublicId=9d906d11-d247-486b-a634-f6ef5a83cea5-anh-test, ssoID=null, gender=null, ssoType=null, active=true, refreshToken=null, orders=[], role=null, cart=null, reviews=[], createdAt=2025-08-20T16:41:26.624454Z, updatedAt=null)
2025-08-20 23:58:37 INFO  [SpringApplicationShutdownHook] o.s.b.w.e.tomcat.GracefulShutdown - Commencing graceful shutdown. Waiting for active requests to complete
2025-08-20 23:58:37 INFO  [tomcat-shutdown] o.s.b.w.e.tomcat.GracefulShutdown - Graceful shutdown complete
2025-08-20 23:58:37 INFO  [SpringApplicationShutdownHook] o.s.o.j.LocalContainerEntityManagerFactoryBean - Closing JPA EntityManagerFactory for persistence unit 'default'
2025-08-20 23:58:37 INFO  [SpringApplicationShutdownHook] com.zaxxer.hikari.HikariDataSource - HikariPool-1 - Shutdown initiated...
2025-08-20 23:58:37 INFO  [SpringApplicationShutdownHook] com.zaxxer.hikari.HikariDataSource - HikariPool-1 - Shutdown completed.
2025-08-20 23:58:41 INFO  [background-preinit] o.h.validator.internal.util.Version - HV000001: Hibernate Validator 8.0.2.Final
2025-08-20 23:58:41 INFO  [restartedMain] c.D.BookShop.BookShopApplication - Starting BookShopApplication using Java 22 with PID 23676 (D:\Do_An\BACK-END\BookShop\target\classes started by nguye in D:\Do_An\BACK-END\BookShop)
2025-08-20 23:58:41 DEBUG [restartedMain] c.D.BookShop.BookShopApplication - Running with Spring Boot v3.5.0, Spring v6.2.7
2025-08-20 23:58:41 INFO  [restartedMain] c.D.BookShop.BookShopApplication - No active profile set, falling back to 1 default profile: "default"
2025-08-20 23:58:41 INFO  [restartedMain] o.s.b.d.restart.ChangeableUrls - The Class-Path manifest attribute in C:\Users\nguye\.m2\repository\io\github\cdimascio\java-dotenv\5.2.2\java-dotenv-5.2.2.jar referenced one or more files that do not exist: file:/C:/Users/nguye/.m2/repository/io/github/cdimascio/java-dotenv/5.2.2/kotlin-stdlib-1.4.0.jar,file:/C:/Users/nguye/.m2/repository/io/github/cdimascio/java-dotenv/5.2.2/kotlin-stdlib-common-1.4.0.jar,file:/C:/Users/nguye/.m2/repository/io/github/cdimascio/java-dotenv/5.2.2/annotations-13.0.jar
2025-08-20 23:58:41 INFO  [restartedMain] o.s.b.d.e.DevToolsPropertyDefaultsPostProcessor - Devtools property defaults active! Set 'spring.devtools.add-properties' to 'false' to disable
2025-08-20 23:58:41 INFO  [restartedMain] o.s.b.d.e.DevToolsPropertyDefaultsPostProcessor - For additional web related logging consider setting the 'logging.level.web' property to 'DEBUG'
2025-08-20 23:58:42 INFO  [restartedMain] o.s.d.r.c.RepositoryConfigurationDelegate - Bootstrapping Spring Data JPA repositories in DEFAULT mode.
2025-08-20 23:58:43 INFO  [restartedMain] o.s.d.r.c.RepositoryConfigurationDelegate - Finished Spring Data repository scanning in 73 ms. Found 3 JPA repository interfaces.
2025-08-20 23:58:43 INFO  [restartedMain] o.s.b.w.e.tomcat.TomcatWebServer - Tomcat initialized with port 8888 (http)
2025-08-20 23:58:43 INFO  [restartedMain] o.a.coyote.http11.Http11NioProtocol - Initializing ProtocolHandler ["http-nio-8888"]
2025-08-20 23:58:43 INFO  [restartedMain] o.a.catalina.core.StandardService - Starting service [Tomcat]
2025-08-20 23:58:43 INFO  [restartedMain] o.a.catalina.core.StandardEngine - Starting Servlet engine: [Apache Tomcat/10.1.41]
2025-08-20 23:58:43 INFO  [restartedMain] o.a.c.c.C.[Tomcat].[localhost].[/] - Initializing Spring embedded WebApplicationContext
2025-08-20 23:58:43 INFO  [restartedMain] o.s.b.w.s.c.ServletWebServerApplicationContext - Root WebApplicationContext: initialization completed in 1928 ms
2025-08-20 23:58:44 INFO  [restartedMain] o.h.jpa.internal.util.LogHelper - HHH000204: Processing PersistenceUnitInfo [name: default]
2025-08-20 23:58:44 INFO  [restartedMain] org.hibernate.Version - HHH000412: Hibernate ORM core version 6.6.15.Final
2025-08-20 23:58:44 INFO  [restartedMain] o.h.c.i.RegionFactoryInitiator - HHH000026: Second-level cache disabled
2025-08-20 23:58:44 INFO  [restartedMain] o.s.o.j.p.SpringPersistenceUnitInfo - No LoadTimeWeaver setup: ignoring JPA class transformer
2025-08-20 23:58:44 INFO  [restartedMain] com.zaxxer.hikari.HikariDataSource - HikariPool-1 - Starting...
2025-08-20 23:58:44 INFO  [restartedMain] com.zaxxer.hikari.pool.HikariPool - HikariPool-1 - Added connection com.mysql.cj.jdbc.ConnectionImpl@6d8773ee
2025-08-20 23:58:44 INFO  [restartedMain] com.zaxxer.hikari.HikariDataSource - HikariPool-1 - Start completed.
2025-08-20 23:58:44 INFO  [restartedMain] o.hibernate.orm.connections.pooling - HHH10001005: Database info:
	Database JDBC URL [Connecting through datasource 'HikariDataSource (HikariPool-1)']
	Database driver: undefined/unknown
	Database version: 9.1
	Autocommit mode: undefined/unknown
	Isolation level: undefined/unknown
	Minimum pool size: undefined/unknown
	Maximum pool size: undefined/unknown
2025-08-20 23:58:46 INFO  [restartedMain] o.h.e.t.j.p.i.JtaPlatformInitiator - HHH000489: No JTA platform available (set 'hibernate.transaction.jta.platform' to enable JTA platform integration)
2025-08-20 23:58:46 INFO  [restartedMain] o.s.o.j.LocalContainerEntityManagerFactoryBean - Initialized JPA EntityManagerFactory for persistence unit 'default'
2025-08-20 23:58:46 INFO  [restartedMain] o.s.d.j.r.query.QueryEnhancerFactory - Hibernate is in classpath; If applicable, HQL parser will be used.
2025-08-20 23:58:47 WARN  [restartedMain] o.s.b.a.o.j.JpaBaseConfiguration$JpaWebConfiguration - spring.jpa.open-in-view is enabled by default. Therefore, database queries may be performed during view rendering. Explicitly configure spring.jpa.open-in-view to disable this warning
2025-08-20 23:58:47 WARN  [restartedMain] o.s.b.a.s.s.UserDetailsServiceAutoConfiguration - 

Using generated security password: 828064a9-54d0-495e-b857-b595b33174ef

This generated password is for development use only. Your security configuration must be updated before running your application in production.

2025-08-20 23:58:47 INFO  [restartedMain] o.s.s.c.a.a.c.InitializeUserDetailsBeanManagerConfigurer$InitializeUserDetailsManagerConfigurer - Global AuthenticationManager configured with UserDetailsService bean with name inMemoryUserDetailsManager
2025-08-20 23:58:47 INFO  [restartedMain] o.s.b.d.a.OptionalLiveReloadServer - LiveReload server is running on port 35729
2025-08-20 23:58:47 INFO  [restartedMain] o.a.coyote.http11.Http11NioProtocol - Starting ProtocolHandler ["http-nio-8888"]
2025-08-20 23:58:47 INFO  [restartedMain] o.s.b.w.e.tomcat.TomcatWebServer - Tomcat started on port 8888 (http) with context path '/'
2025-08-20 23:58:47 INFO  [restartedMain] c.D.BookShop.BookShopApplication - Started BookShopApplication in 6.773 seconds (process running for 7.358)
2025-08-20 23:59:57 INFO  [http-nio-8888-exec-1] o.a.c.c.C.[Tomcat].[localhost].[/] - Initializing Spring DispatcherServlet 'dispatcherServlet'
2025-08-20 23:59:57 INFO  [http-nio-8888-exec-1] o.s.web.servlet.DispatcherServlet - Initializing Servlet 'dispatcherServlet'
2025-08-20 23:59:57 INFO  [http-nio-8888-exec-1] o.s.web.servlet.DispatcherServlet - Completed initialization in 1 ms
2025-08-20 23:59:58 INFO  [http-nio-8888-exec-1] c.D.B.service.impl.FileServiceImpl - Thông tin file upload: e55ae3db-dd14-419e-86bc-c311670a1b3a-Picture_testpng
