2025-10-01 14:19:42 INFO  [background-preinit] o.h.validator.internal.util.Version - HV000001: Hibernate Validator 8.0.2.Final
2025-10-01 14:19:42 INFO  [restartedMain] c.D.BookShop.BookShopApplication - Starting BookShopApplication using Java 22 with PID 23616 (D:\Do_An\BACK-END\BookShop\target\classes started by nguye in D:\Do_An\BACK-END\BookShop)
2025-10-01 14:19:42 DEBUG [restartedMain] c.D.BookShop.BookShopApplication - Running with Spring Boot v3.5.0, Spring v6.2.7
2025-10-01 14:19:42 INFO  [restartedMain] c.D.BookShop.BookShopApplication - No active profile set, falling back to 1 default profile: "default"
2025-10-01 14:19:42 INFO  [restartedMain] o.s.b.d.restart.ChangeableUrls - The Class-Path manifest attribute in C:\Users\nguye\.m2\repository\io\github\cdimascio\java-dotenv\5.2.2\java-dotenv-5.2.2.jar referenced one or more files that do not exist: file:/C:/Users/nguye/.m2/repository/io/github/cdimascio/java-dotenv/5.2.2/kotlin-stdlib-1.4.0.jar,file:/C:/Users/nguye/.m2/repository/io/github/cdimascio/java-dotenv/5.2.2/kotlin-stdlib-common-1.4.0.jar,file:/C:/Users/nguye/.m2/repository/io/github/cdimascio/java-dotenv/5.2.2/annotations-13.0.jar
2025-10-01 14:19:42 INFO  [restartedMain] o.s.b.d.e.DevToolsPropertyDefaultsPostProcessor - Devtools property defaults active! Set 'spring.devtools.add-properties' to 'false' to disable
2025-10-01 14:19:42 INFO  [restartedMain] o.s.b.d.e.DevToolsPropertyDefaultsPostProcessor - For additional web related logging consider setting the 'logging.level.web' property to 'DEBUG'
2025-10-01 14:19:44 INFO  [restartedMain] o.s.d.r.c.RepositoryConfigurationDelegate - Bootstrapping Spring Data JPA repositories in DEFAULT mode.
2025-10-01 14:19:44 INFO  [restartedMain] o.s.d.r.c.RepositoryConfigurationDelegate - Finished Spring Data repository scanning in 90 ms. Found 5 JPA repository interfaces.
2025-10-01 14:19:45 INFO  [restartedMain] o.s.b.w.e.tomcat.TomcatWebServer - Tomcat initialized with port 8888 (http)
2025-10-01 14:19:45 INFO  [restartedMain] o.a.coyote.http11.Http11NioProtocol - Initializing ProtocolHandler ["http-nio-8888"]
2025-10-01 14:19:45 INFO  [restartedMain] o.a.catalina.core.StandardService - Starting service [Tomcat]
2025-10-01 14:19:45 INFO  [restartedMain] o.a.catalina.core.StandardEngine - Starting Servlet engine: [Apache Tomcat/10.1.41]
2025-10-01 14:19:45 INFO  [restartedMain] o.a.c.c.C.[Tomcat].[localhost].[/] - Initializing Spring embedded WebApplicationContext
2025-10-01 14:19:45 INFO  [restartedMain] o.s.b.w.s.c.ServletWebServerApplicationContext - Root WebApplicationContext: initialization completed in 2375 ms
2025-10-01 14:19:45 INFO  [restartedMain] o.h.jpa.internal.util.LogHelper - HHH000204: Processing PersistenceUnitInfo [name: default]
2025-10-01 14:19:45 INFO  [restartedMain] org.hibernate.Version - HHH000412: Hibernate ORM core version 6.6.15.Final
2025-10-01 14:19:45 INFO  [restartedMain] o.h.c.i.RegionFactoryInitiator - HHH000026: Second-level cache disabled
2025-10-01 14:19:45 INFO  [restartedMain] o.s.o.j.p.SpringPersistenceUnitInfo - No LoadTimeWeaver setup: ignoring JPA class transformer
2025-10-01 14:19:45 INFO  [restartedMain] com.zaxxer.hikari.HikariDataSource - HikariPool-1 - Starting...
2025-10-01 14:19:46 INFO  [restartedMain] com.zaxxer.hikari.pool.HikariPool - HikariPool-1 - Added connection com.mysql.cj.jdbc.ConnectionImpl@2472c4e
2025-10-01 14:19:46 INFO  [restartedMain] com.zaxxer.hikari.HikariDataSource - HikariPool-1 - Start completed.
2025-10-01 14:19:46 INFO  [restartedMain] o.hibernate.orm.connections.pooling - HHH10001005: Database info:
	Database JDBC URL [Connecting through datasource 'HikariDataSource (HikariPool-1)']
	Database driver: undefined/unknown
	Database version: 9.1
	Autocommit mode: undefined/unknown
	Isolation level: undefined/unknown
	Minimum pool size: undefined/unknown
	Maximum pool size: undefined/unknown
2025-10-01 14:19:47 INFO  [restartedMain] o.h.e.t.j.p.i.JtaPlatformInitiator - HHH000489: No JTA platform available (set 'hibernate.transaction.jta.platform' to enable JTA platform integration)
2025-10-01 14:19:47 INFO  [restartedMain] o.s.o.j.LocalContainerEntityManagerFactoryBean - Initialized JPA EntityManagerFactory for persistence unit 'default'
2025-10-01 14:19:48 INFO  [restartedMain] o.s.d.j.r.query.QueryEnhancerFactory - Hibernate is in classpath; If applicable, HQL parser will be used.
2025-10-01 14:19:49 WARN  [restartedMain] o.s.b.a.o.j.JpaBaseConfiguration$JpaWebConfiguration - spring.jpa.open-in-view is enabled by default. Therefore, database queries may be performed during view rendering. Explicitly configure spring.jpa.open-in-view to disable this warning
2025-10-01 14:19:49 WARN  [restartedMain] o.s.b.a.s.s.UserDetailsServiceAutoConfiguration - 

Using generated security password: a62fac70-2ef9-4edc-9abd-bef21aeb4485

This generated password is for development use only. Your security configuration must be updated before running your application in production.

2025-10-01 14:19:49 INFO  [restartedMain] o.s.s.c.a.a.c.InitializeUserDetailsBeanManagerConfigurer$InitializeUserDetailsManagerConfigurer - Global AuthenticationManager configured with UserDetailsService bean with name inMemoryUserDetailsManager
2025-10-01 14:19:50 INFO  [restartedMain] o.s.b.d.a.OptionalLiveReloadServer - LiveReload server is running on port 35729
2025-10-01 14:19:50 INFO  [restartedMain] o.a.coyote.http11.Http11NioProtocol - Starting ProtocolHandler ["http-nio-8888"]
2025-10-01 14:19:50 INFO  [restartedMain] o.s.b.w.e.tomcat.TomcatWebServer - Tomcat started on port 8888 (http) with context path '/'
2025-10-01 14:19:50 INFO  [restartedMain] c.D.BookShop.BookShopApplication - Started BookShopApplication in 8.468 seconds (process running for 9.459)
2025-10-01 14:24:25 INFO  [http-nio-8888-exec-2] o.a.c.c.C.[Tomcat].[localhost].[/] - Initializing Spring DispatcherServlet 'dispatcherServlet'
2025-10-01 14:24:25 INFO  [http-nio-8888-exec-2] o.s.web.servlet.DispatcherServlet - Initializing Servlet 'dispatcherServlet'
2025-10-01 14:24:25 INFO  [http-nio-8888-exec-2] o.s.web.servlet.DispatcherServlet - Completed initialization in 11 ms
2025-10-01 14:24:25 INFO  [http-nio-8888-exec-2] c.D.B.service.impl.UserServiceImpl - Hiển thị danh sách người dùng phân trang thành công!
2025-10-01 14:24:25 INFO  [http-nio-8888-exec-1] c.D.B.service.impl.UserServiceImpl - Hiển thị danh sách người dùng phân trang thành công!
2025-10-01 14:24:25 INFO  [http-nio-8888-exec-3] c.D.B.service.impl.UserServiceImpl - Hiển thị danh sách người dùng phân trang thành công!
2025-10-01 14:24:29 INFO  [http-nio-8888-exec-6] c.D.B.service.impl.UserServiceImpl - Hiển thị danh sách người dùng phân trang thành công!
2025-10-01 14:24:29 INFO  [http-nio-8888-exec-4] c.D.B.service.impl.UserServiceImpl - Hiển thị danh sách người dùng phân trang thành công!
2025-10-01 14:24:29 INFO  [http-nio-8888-exec-5] c.D.B.service.impl.UserServiceImpl - Hiển thị danh sách người dùng phân trang thành công!
2025-10-01 14:24:35 INFO  [http-nio-8888-exec-8] c.D.B.s.impl.CategoryServiceImpl - Hiển thị danh sách danh mục phân trang thành công!
2025-10-01 14:24:35 INFO  [http-nio-8888-exec-9] c.D.B.s.impl.CategoryServiceImpl - Hiển thị danh sách danh mục phân trang thành công!
2025-10-01 14:24:49 INFO  [http-nio-8888-exec-2] c.D.B.s.impl.CategoryServiceImpl - Hiển thị danh sách danh mục phân trang thành công!
2025-10-01 14:25:01 INFO  [http-nio-8888-exec-6] c.D.B.s.impl.CategoryServiceImpl - Hiển thị danh sách danh mục phân trang thành công!
2025-10-01 14:25:07 INFO  [http-nio-8888-exec-4] c.D.B.service.impl.AuthorServiceImpl - Hiển thị danh sách tác giả phân trang thành công!
2025-10-01 14:25:07 INFO  [http-nio-8888-exec-5] c.D.B.service.impl.AuthorServiceImpl - Hiển thị danh sách tác giả phân trang thành công!
2025-10-01 14:25:08 INFO  [http-nio-8888-exec-8] c.D.B.service.impl.AuthorServiceImpl - Hiển thị danh sách tác giả phân trang thành công!
2025-10-01 14:25:12 INFO  [http-nio-8888-exec-9] c.D.B.service.impl.AuthorServiceImpl - Hiển thị danh sách tác giả phân trang thành công!
2025-10-01 14:25:12 INFO  [http-nio-8888-exec-7] c.D.B.service.impl.AuthorServiceImpl - Hiển thị danh sách tác giả phân trang thành công!
2025-10-01 14:25:12 INFO  [http-nio-8888-exec-10] c.D.B.service.impl.AuthorServiceImpl - Hiển thị danh sách tác giả phân trang thành công!
2025-10-01 14:28:00 INFO  [http-nio-8888-exec-3] c.D.B.s.impl.CategoryServiceImpl - Hiển thị danh sách danh mục phân trang thành công!
2025-10-01 14:28:00 INFO  [http-nio-8888-exec-6] c.D.B.s.impl.CategoryServiceImpl - Hiển thị danh sách danh mục phân trang thành công!
2025-10-01 14:28:03 INFO  [http-nio-8888-exec-4] c.D.B.service.impl.UserServiceImpl - Hiển thị danh sách người dùng phân trang thành công!
2025-10-01 14:28:03 INFO  [http-nio-8888-exec-5] c.D.B.service.impl.UserServiceImpl - Hiển thị danh sách người dùng phân trang thành công!
2025-10-01 14:28:04 INFO  [http-nio-8888-exec-8] c.D.B.service.impl.UserServiceImpl - Hiển thị danh sách người dùng phân trang thành công!
2025-10-01 14:30:14 INFO  [http-nio-8888-exec-10] c.D.B.service.impl.AuthorServiceImpl - Hiển thị danh sách tác giả phân trang thành công!
2025-10-01 14:30:14 INFO  [http-nio-8888-exec-1] c.D.B.service.impl.AuthorServiceImpl - Hiển thị danh sách tác giả phân trang thành công!
2025-10-01 14:30:14 INFO  [http-nio-8888-exec-2] c.D.B.service.impl.AuthorServiceImpl - Hiển thị danh sách tác giả phân trang thành công!
2025-10-01 14:42:07 INFO  [http-nio-8888-exec-6] c.D.B.service.impl.UserServiceImpl - Hiển thị danh sách người dùng phân trang thành công!
2025-10-01 14:42:07 INFO  [http-nio-8888-exec-4] c.D.B.service.impl.UserServiceImpl - Hiển thị danh sách người dùng phân trang thành công!
2025-10-01 14:42:07 INFO  [http-nio-8888-exec-5] c.D.B.service.impl.UserServiceImpl - Hiển thị danh sách người dùng phân trang thành công!
2025-10-01 14:42:38 INFO  [http-nio-8888-exec-8] c.D.B.service.impl.AuthorServiceImpl - Hiển thị danh sách tác giả phân trang thành công!
2025-10-01 14:42:38 INFO  [http-nio-8888-exec-8] c.D.B.service.impl.AuthorServiceImpl - Hiển thị danh sách tác giả phân trang thành công!
2025-10-01 14:42:39 INFO  [http-nio-8888-exec-7] c.D.B.service.impl.AuthorServiceImpl - Hiển thị danh sách tác giả phân trang thành công!
2025-10-01 14:49:00 WARN  [http-nio-8888-exec-2] o.s.w.s.m.m.a.ExceptionHandlerExceptionResolver - Resolved [com.DatLeo.BookShop.exception.FieldException: Validation failed]
2025-10-01 14:50:56 WARN  [http-nio-8888-exec-3] o.s.w.s.m.m.a.ExceptionHandlerExceptionResolver - Resolved [com.DatLeo.BookShop.exception.FieldException: Validation failed]
2025-10-01 14:52:07 INFO  [http-nio-8888-exec-6] c.D.B.service.impl.FileServiceImpl - Thông tin file upload: 843f7c89-e54e-4c86-88df-e11acc634da6-anh-testjpg
2025-10-01 14:52:10 INFO  [http-nio-8888-exec-6] c.D.B.service.impl.FileServiceImpl - Thông tin file path: 843f7c89-e54e-4c86-88df-e11acc634da6-anh-testjpg
2025-10-01 14:52:10 INFO  [http-nio-8888-exec-6] c.D.B.service.impl.AuthorServiceImpl - Lưu tác giả thành công với tên Tố Hữu
2025-10-01 14:52:10 INFO  [http-nio-8888-exec-4] c.D.B.service.impl.AuthorServiceImpl - Hiển thị danh sách tác giả phân trang thành công!
2025-10-01 14:58:24 INFO  [http-nio-8888-exec-9] c.D.B.service.impl.AuthorServiceImpl - Lưu tác giả thành công với tên Test tác giả mới
2025-10-01 14:58:24 INFO  [http-nio-8888-exec-8] c.D.B.service.impl.AuthorServiceImpl - Hiển thị danh sách tác giả phân trang thành công!
2025-10-01 14:58:35 INFO  [http-nio-8888-exec-7] c.D.B.service.impl.AuthorServiceImpl - Hiển thị danh sách tác giả phân trang thành công!
2025-10-01 14:58:35 INFO  [http-nio-8888-exec-1] c.D.B.service.impl.AuthorServiceImpl - Hiển thị danh sách tác giả phân trang thành công!
2025-10-01 14:58:36 INFO  [http-nio-8888-exec-10] c.D.B.service.impl.AuthorServiceImpl - Hiển thị danh sách tác giả phân trang thành công!
2025-10-01 14:58:43 INFO  [http-nio-8888-exec-2] c.D.B.service.impl.AuthorServiceImpl - Hiển thị danh sách tác giả phân trang thành công!
2025-10-01 14:58:43 INFO  [http-nio-8888-exec-3] c.D.B.service.impl.AuthorServiceImpl - Hiển thị danh sách tác giả phân trang thành công!
2025-10-01 14:58:44 INFO  [http-nio-8888-exec-6] c.D.B.service.impl.AuthorServiceImpl - Hiển thị danh sách tác giả phân trang thành công!
2025-10-01 14:58:45 INFO  [http-nio-8888-exec-4] c.D.B.service.impl.AuthorServiceImpl - Hiển thị danh sách tác giả phân trang thành công!
2025-10-01 14:58:45 INFO  [http-nio-8888-exec-5] c.D.B.service.impl.AuthorServiceImpl - Hiển thị danh sách tác giả phân trang thành công!
2025-10-01 14:58:45 INFO  [http-nio-8888-exec-9] c.D.B.service.impl.AuthorServiceImpl - Hiển thị danh sách tác giả phân trang thành công!
2025-10-01 14:59:22 INFO  [http-nio-8888-exec-8] c.D.B.service.impl.AuthorServiceImpl - Hiển thị danh sách tác giả phân trang thành công!
2025-10-01 14:59:22 INFO  [http-nio-8888-exec-8] c.D.B.service.impl.AuthorServiceImpl - Hiển thị danh sách tác giả phân trang thành công!
2025-10-01 14:59:22 INFO  [http-nio-8888-exec-1] c.D.B.service.impl.AuthorServiceImpl - Hiển thị danh sách tác giả phân trang thành công!
2025-10-01 14:59:38 INFO  [http-nio-8888-exec-10] c.D.B.s.impl.CategoryServiceImpl - Hiển thị danh sách danh mục phân trang thành công!
2025-10-01 14:59:38 INFO  [http-nio-8888-exec-10] c.D.B.s.impl.CategoryServiceImpl - Hiển thị danh sách danh mục phân trang thành công!
2025-10-01 14:59:42 INFO  [http-nio-8888-exec-3] c.D.B.service.impl.UserServiceImpl - Hiển thị danh sách người dùng phân trang thành công!
2025-10-01 14:59:42 INFO  [http-nio-8888-exec-6] c.D.B.service.impl.UserServiceImpl - Hiển thị danh sách người dùng phân trang thành công!
2025-10-01 14:59:42 INFO  [http-nio-8888-exec-4] c.D.B.service.impl.UserServiceImpl - Hiển thị danh sách người dùng phân trang thành công!
2025-10-01 15:01:22 INFO  [http-nio-8888-exec-7] c.D.B.service.impl.AuthorServiceImpl - Hiển thị danh sách tác giả phân trang thành công!
2025-10-01 15:01:22 INFO  [http-nio-8888-exec-8] c.D.B.service.impl.AuthorServiceImpl - Hiển thị danh sách tác giả phân trang thành công!
2025-10-01 15:01:22 INFO  [http-nio-8888-exec-1] c.D.B.service.impl.AuthorServiceImpl - Hiển thị danh sách tác giả phân trang thành công!
2025-10-01 15:01:51 INFO  [http-nio-8888-exec-2] c.D.B.service.impl.AuthorServiceImpl - Hiển thị danh sách tác giả phân trang thành công!
2025-10-01 15:01:51 INFO  [http-nio-8888-exec-10] c.D.B.service.impl.AuthorServiceImpl - Hiển thị danh sách tác giả phân trang thành công!
2025-10-01 15:01:51 INFO  [http-nio-8888-exec-3] c.D.B.service.impl.AuthorServiceImpl - Hiển thị danh sách tác giả phân trang thành công!
2025-10-01 15:01:54 INFO  [http-nio-8888-exec-6] c.D.B.service.impl.AuthorServiceImpl - Hiển thị danh sách tác giả phân trang thành công!
2025-10-01 15:01:54 INFO  [http-nio-8888-exec-6] c.D.B.service.impl.AuthorServiceImpl - Hiển thị danh sách tác giả phân trang thành công!
2025-10-01 15:01:54 INFO  [http-nio-8888-exec-5] c.D.B.service.impl.AuthorServiceImpl - Hiển thị danh sách tác giả phân trang thành công!
2025-10-01 15:01:54 INFO  [http-nio-8888-exec-9] c.D.B.service.impl.AuthorServiceImpl - Hiển thị danh sách tác giả phân trang thành công!
2025-10-01 15:01:55 INFO  [http-nio-8888-exec-7] c.D.B.service.impl.AuthorServiceImpl - Hiển thị danh sách tác giả phân trang thành công!
2025-10-01 15:01:55 INFO  [http-nio-8888-exec-8] c.D.B.service.impl.AuthorServiceImpl - Hiển thị danh sách tác giả phân trang thành công!
2025-10-01 15:01:56 INFO  [http-nio-8888-exec-1] c.D.B.service.impl.AuthorServiceImpl - Hiển thị danh sách tác giả phân trang thành công!
2025-10-01 15:01:56 INFO  [http-nio-8888-exec-2] c.D.B.service.impl.AuthorServiceImpl - Hiển thị danh sách tác giả phân trang thành công!
2025-10-01 15:01:56 INFO  [http-nio-8888-exec-10] c.D.B.service.impl.AuthorServiceImpl - Hiển thị danh sách tác giả phân trang thành công!
2025-10-01 15:05:48 INFO  [http-nio-8888-exec-6] c.D.B.service.impl.AuthorServiceImpl - Hiển thị danh sách tác giả phân trang thành công!
2025-10-01 15:05:48 INFO  [http-nio-8888-exec-5] c.D.B.service.impl.AuthorServiceImpl - Hiển thị danh sách tác giả phân trang thành công!
2025-10-01 15:05:48 INFO  [http-nio-8888-exec-9] c.D.B.service.impl.AuthorServiceImpl - Hiển thị danh sách tác giả phân trang thành công!
2025-10-01 15:05:51 INFO  [http-nio-8888-exec-7] c.D.B.service.impl.AuthorServiceImpl - Hiển thị danh sách tác giả phân trang thành công!
2025-10-01 15:05:51 INFO  [http-nio-8888-exec-8] c.D.B.service.impl.AuthorServiceImpl - Hiển thị danh sách tác giả phân trang thành công!
2025-10-01 15:05:51 INFO  [http-nio-8888-exec-1] c.D.B.service.impl.AuthorServiceImpl - Hiển thị danh sách tác giả phân trang thành công!
2025-10-01 15:05:56 INFO  [http-nio-8888-exec-2] c.D.B.service.impl.UserServiceImpl - Hiển thị danh sách người dùng phân trang thành công!
2025-10-01 15:05:56 INFO  [http-nio-8888-exec-10] c.D.B.service.impl.UserServiceImpl - Hiển thị danh sách người dùng phân trang thành công!
2025-10-01 15:05:56 INFO  [http-nio-8888-exec-3] c.D.B.service.impl.UserServiceImpl - Hiển thị danh sách người dùng phân trang thành công!
2025-10-01 15:05:58 INFO  [http-nio-8888-exec-4] c.D.B.service.impl.AuthorServiceImpl - Hiển thị danh sách tác giả phân trang thành công!
2025-10-01 15:05:58 INFO  [http-nio-8888-exec-6] c.D.B.service.impl.AuthorServiceImpl - Hiển thị danh sách tác giả phân trang thành công!
2025-10-01 15:05:58 INFO  [http-nio-8888-exec-5] c.D.B.service.impl.AuthorServiceImpl - Hiển thị danh sách tác giả phân trang thành công!
2025-10-01 15:09:21 INFO  [http-nio-8888-exec-8] c.D.B.service.impl.AuthorServiceImpl - Hiển thị danh sách tác giả phân trang thành công!
2025-10-01 15:09:21 INFO  [http-nio-8888-exec-1] c.D.B.service.impl.AuthorServiceImpl - Hiển thị danh sách tác giả phân trang thành công!
2025-10-01 15:09:22 INFO  [http-nio-8888-exec-2] c.D.B.service.impl.AuthorServiceImpl - Hiển thị danh sách tác giả phân trang thành công!
2025-10-01 15:19:50 INFO  [http-nio-8888-exec-4] c.D.B.service.impl.AuthorServiceImpl - Lưu tác giả thành công với tên cdcsdc
2025-10-01 15:19:50 INFO  [http-nio-8888-exec-6] c.D.B.service.impl.AuthorServiceImpl - Hiển thị danh sách tác giả phân trang thành công!
2025-10-01 15:19:58 INFO  [http-nio-8888-exec-5] c.D.B.service.impl.AuthorServiceImpl - Hiển thị danh sách tác giả phân trang thành công!
2025-10-01 15:19:58 INFO  [http-nio-8888-exec-9] c.D.B.service.impl.AuthorServiceImpl - Hiển thị danh sách tác giả phân trang thành công!
2025-10-01 15:19:59 INFO  [http-nio-8888-exec-7] c.D.B.service.impl.AuthorServiceImpl - Hiển thị danh sách tác giả phân trang thành công!
2025-10-01 15:25:43 INFO  [http-nio-8888-exec-2] c.D.B.service.impl.AuthorServiceImpl - Hiển thị danh sách tác giả phân trang thành công!
2025-10-01 15:25:48 INFO  [http-nio-8888-exec-10] c.D.B.service.impl.AuthorServiceImpl - Hiển thị danh sách tác giả phân trang thành công!
2025-10-01 15:25:49 INFO  [http-nio-8888-exec-3] c.D.B.service.impl.AuthorServiceImpl - Hiển thị danh sách tác giả phân trang thành công!
2025-10-01 15:25:51 INFO  [http-nio-8888-exec-4] c.D.B.service.impl.AuthorServiceImpl - Hiển thị danh sách tác giả phân trang thành công!
2025-10-01 15:25:51 INFO  [http-nio-8888-exec-6] c.D.B.service.impl.AuthorServiceImpl - Hiển thị danh sách tác giả phân trang thành công!
2025-10-01 15:25:54 INFO  [http-nio-8888-exec-5] c.D.B.service.impl.AuthorServiceImpl - Hiển thị danh sách tác giả phân trang thành công!
2025-10-01 15:25:56 INFO  [http-nio-8888-exec-9] c.D.B.service.impl.AuthorServiceImpl - Hiển thị danh sách tác giả phân trang thành công!
2025-10-01 15:25:59 INFO  [http-nio-8888-exec-7] c.D.B.service.impl.AuthorServiceImpl - Hiển thị danh sách tác giả phân trang thành công!
2025-10-01 15:26:00 INFO  [http-nio-8888-exec-8] c.D.B.service.impl.AuthorServiceImpl - Hiển thị danh sách tác giả phân trang thành công!
2025-10-01 15:30:35 INFO  [http-nio-8888-exec-2] c.D.B.service.impl.AuthorServiceImpl - Hiển thị danh sách tác giả phân trang thành công!
2025-10-01 15:30:35 INFO  [http-nio-8888-exec-10] c.D.B.service.impl.AuthorServiceImpl - Hiển thị danh sách tác giả phân trang thành công!
2025-10-01 15:30:35 INFO  [http-nio-8888-exec-3] c.D.B.service.impl.AuthorServiceImpl - Hiển thị danh sách tác giả phân trang thành công!
2025-10-01 15:34:51 INFO  [http-nio-8888-exec-5] c.D.B.service.impl.AuthorServiceImpl - Hiển thị danh sách tác giả phân trang thành công!
2025-10-01 15:34:51 INFO  [http-nio-8888-exec-9] c.D.B.service.impl.AuthorServiceImpl - Hiển thị danh sách tác giả phân trang thành công!
2025-10-01 15:34:51 INFO  [http-nio-8888-exec-7] c.D.B.service.impl.AuthorServiceImpl - Hiển thị danh sách tác giả phân trang thành công!
2025-10-01 15:46:04 INFO  [http-nio-8888-exec-2] c.D.B.service.impl.AuthorServiceImpl - Hiển thị danh sách tác giả phân trang thành công!
2025-10-01 15:46:04 INFO  [http-nio-8888-exec-10] c.D.B.service.impl.AuthorServiceImpl - Hiển thị danh sách tác giả phân trang thành công!
2025-10-01 15:46:05 INFO  [http-nio-8888-exec-3] c.D.B.service.impl.AuthorServiceImpl - Hiển thị danh sách tác giả phân trang thành công!
2025-10-01 16:03:00 ERROR [http-nio-8888-exec-5] c.D.B.service.impl.UserServiceImpl - Người dùng với ID 1 không tồn tại!
2025-10-01 16:03:00 WARN  [http-nio-8888-exec-5] o.s.w.s.m.m.a.ExceptionHandlerExceptionResolver - Resolved [com.DatLeo.BookShop.exception.ApiException: Người dùng không tồn tại, vui lòng kiểm tra lại.]
2025-10-01 16:03:05 INFO  [http-nio-8888-exec-9] c.D.B.service.impl.AuthorServiceImpl - Hiển thị danh sách tác giả phân trang thành công!
2025-10-01 16:03:05 INFO  [http-nio-8888-exec-7] c.D.B.service.impl.AuthorServiceImpl - Hiển thị danh sách tác giả phân trang thành công!
2025-10-01 16:03:05 INFO  [http-nio-8888-exec-8] c.D.B.service.impl.AuthorServiceImpl - Hiển thị danh sách tác giả phân trang thành công!
2025-10-01 16:03:09 ERROR [http-nio-8888-exec-1] c.D.B.service.impl.UserServiceImpl - Người dùng với ID 1 không tồn tại!
2025-10-01 16:03:09 WARN  [http-nio-8888-exec-1] o.s.w.s.m.m.a.ExceptionHandlerExceptionResolver - Resolved [com.DatLeo.BookShop.exception.ApiException: Người dùng không tồn tại, vui lòng kiểm tra lại.]
2025-10-01 16:03:13 INFO  [http-nio-8888-exec-2] c.D.B.service.impl.UserServiceImpl - Thông tin người dùng với ID User(id=2, name=Người dùng 1, email=user1@gmail.com, password=$2a$10$J2bepHobuhpibX7o.doQY.o5BhK4kaFfJSP1HMg9QUS7kqhfWjlLq, address=Thái Bình, phone=0981319648, imageUrl=http://res.cloudinary.com/dnwzqsthm/image/upload/9d906d11-d247-486b-a634-f6ef5a83cea5-anh-test.jpg, imagePublicId=9d906d11-d247-486b-a634-f6ef5a83cea5-anh-test, ssoID=null, gender=null, ssoType=null, active=true, refreshToken=null, orders=[], role=null, cart=null, reviews=[], createdAt=2025-08-20T16:41:26.624454Z, updatedAt=null)
2025-10-01 16:03:15 ERROR [http-nio-8888-exec-10] c.D.B.service.impl.UserServiceImpl - Người dùng với ID 1 không tồn tại!
2025-10-01 16:03:15 WARN  [http-nio-8888-exec-10] o.s.w.s.m.m.a.ExceptionHandlerExceptionResolver - Resolved [com.DatLeo.BookShop.exception.ApiException: Người dùng không tồn tại, vui lòng kiểm tra lại.]
2025-10-01 16:03:22 ERROR [http-nio-8888-exec-3] c.D.B.service.impl.UserServiceImpl - Người dùng với ID 1 không tồn tại!
2025-10-01 16:03:22 WARN  [http-nio-8888-exec-3] o.s.w.s.m.m.a.ExceptionHandlerExceptionResolver - Resolved [com.DatLeo.BookShop.exception.ApiException: Người dùng không tồn tại, vui lòng kiểm tra lại.]
2025-10-01 16:03:30 INFO  [http-nio-8888-exec-4] c.D.B.service.impl.UserServiceImpl - Thông tin người dùng với ID User(id=4, name=ĐẠT TEST, email=dat@gmail.com, password=$2a$10$F4uUwSOavztPfFS8ZKNgHu6Ua.ESqb3iB45pKSnbbcD68dvIVLIG2, address=Thái Bình, phone=0987654321, imageUrl=http://res.cloudinary.com/dnwzqsthm/image/upload/5ee9d573-d086-4847-977a-38a9211f6323-anh-test.jpg, imagePublicId=5ee9d573-d086-4847-977a-38a9211f6323-anh-test, ssoID=null, gender=null, ssoType=null, active=true, refreshToken=null, orders=[], role=null, cart=null, reviews=[], createdAt=2025-09-23T16:00:59.746685Z, updatedAt=null)
2025-10-01 16:04:41 ERROR [http-nio-8888-exec-5] c.D.B.service.impl.UserServiceImpl - Người dùng với ID 1 không tồn tại!
2025-10-01 16:04:41 WARN  [http-nio-8888-exec-5] o.s.w.s.m.m.a.ExceptionHandlerExceptionResolver - Resolved [com.DatLeo.BookShop.exception.ApiException: Người dùng không tồn tại, vui lòng kiểm tra lại.]
2025-10-01 16:04:59 ERROR [http-nio-8888-exec-9] c.D.B.service.impl.UserServiceImpl - Người dùng với ID 1 không tồn tại!
2025-10-01 16:04:59 WARN  [http-nio-8888-exec-9] o.s.w.s.m.m.a.ExceptionHandlerExceptionResolver - Resolved [com.DatLeo.BookShop.exception.ApiException: Người dùng không tồn tại, vui lòng kiểm tra lại.]
2025-10-01 16:07:20 INFO  [http-nio-8888-exec-3] c.D.B.service.impl.UserServiceImpl - Hiển thị danh sách người dùng phân trang thành công!
2025-10-01 16:07:20 INFO  [http-nio-8888-exec-4] c.D.B.service.impl.UserServiceImpl - Hiển thị danh sách người dùng phân trang thành công!
2025-10-01 16:07:20 INFO  [http-nio-8888-exec-6] c.D.B.service.impl.UserServiceImpl - Hiển thị danh sách người dùng phân trang thành công!
2025-10-01 16:07:22 INFO  [http-nio-8888-exec-5] c.D.B.service.impl.UserServiceImpl - Thông tin người dùng với ID User(id=6, name=314fds, email=vsdvsd@gmail.com, password=$2a$10$O07UdfT14QIl3p0lpb6Hr.LlWGJY82qRXQGSGoRXo1vznRLp2GBrS, address=bdfbdbd, phone=0987654321, imageUrl=null, imagePublicId=null, ssoID=null, gender=null, ssoType=null, active=false, refreshToken=null, orders=[], role=null, cart=null, reviews=[], createdAt=2025-09-23T16:03:02.947859Z, updatedAt=null)
2025-10-01 16:08:22 INFO  [http-nio-8888-exec-8] c.D.B.service.impl.AuthorServiceImpl - Hiển thị danh sách tác giả phân trang thành công!
2025-10-01 16:08:22 INFO  [http-nio-8888-exec-1] c.D.B.service.impl.AuthorServiceImpl - Hiển thị danh sách tác giả phân trang thành công!
2025-10-01 16:08:23 INFO  [http-nio-8888-exec-2] c.D.B.service.impl.AuthorServiceImpl - Hiển thị danh sách tác giả phân trang thành công!
2025-10-01 16:10:14 INFO  [http-nio-8888-exec-4] c.D.B.service.impl.AuthorServiceImpl - Hiển thị danh sách tác giả phân trang thành công!
2025-10-01 16:10:14 INFO  [http-nio-8888-exec-6] c.D.B.service.impl.AuthorServiceImpl - Hiển thị danh sách tác giả phân trang thành công!
2025-10-01 16:10:14 INFO  [http-nio-8888-exec-5] c.D.B.service.impl.AuthorServiceImpl - Hiển thị danh sách tác giả phân trang thành công!
2025-10-01 16:10:42 INFO  [http-nio-8888-exec-9] c.D.B.service.impl.AuthorServiceImpl - Hiển thị danh sách tác giả phân trang thành công!
2025-10-01 16:10:42 INFO  [http-nio-8888-exec-7] c.D.B.service.impl.AuthorServiceImpl - Hiển thị danh sách tác giả phân trang thành công!
2025-10-01 16:10:42 INFO  [http-nio-8888-exec-8] c.D.B.service.impl.AuthorServiceImpl - Hiển thị danh sách tác giả phân trang thành công!
2025-10-01 16:11:44 INFO  [http-nio-8888-exec-6] c.D.B.service.impl.AuthorServiceImpl - Hiển thị danh sách tác giả phân trang thành công!
2025-10-01 16:11:44 INFO  [http-nio-8888-exec-5] c.D.B.service.impl.AuthorServiceImpl - Hiển thị danh sách tác giả phân trang thành công!
2025-10-01 16:11:45 INFO  [http-nio-8888-exec-9] c.D.B.service.impl.AuthorServiceImpl - Hiển thị danh sách tác giả phân trang thành công!
2025-10-01 16:11:47 INFO  [http-nio-8888-exec-7] c.D.B.s.impl.CategoryServiceImpl - Hiển thị danh sách danh mục phân trang thành công!
2025-10-01 16:11:47 INFO  [http-nio-8888-exec-8] c.D.B.s.impl.CategoryServiceImpl - Hiển thị danh sách danh mục phân trang thành công!
2025-10-01 16:11:48 INFO  [http-nio-8888-exec-1] c.D.B.service.impl.UserServiceImpl - Hiển thị danh sách người dùng phân trang thành công!
2025-10-01 16:11:48 INFO  [http-nio-8888-exec-2] c.D.B.service.impl.UserServiceImpl - Hiển thị danh sách người dùng phân trang thành công!
2025-10-01 16:11:49 INFO  [http-nio-8888-exec-3] c.D.B.service.impl.UserServiceImpl - Hiển thị danh sách người dùng phân trang thành công!
2025-10-01 16:11:54 INFO  [http-nio-8888-exec-10] c.D.B.service.impl.UserServiceImpl - Hiển thị danh sách người dùng phân trang thành công!
2025-10-01 16:11:56 INFO  [http-nio-8888-exec-4] c.D.B.service.impl.UserServiceImpl - Hiển thị danh sách người dùng phân trang thành công!
2025-10-01 16:12:33 INFO  [http-nio-8888-exec-6] c.D.B.service.impl.UserServiceImpl - Thông tin người dùng với ID User(id=2, name=Người dùng 1, email=user1@gmail.com, password=$2a$10$J2bepHobuhpibX7o.doQY.o5BhK4kaFfJSP1HMg9QUS7kqhfWjlLq, address=Thái Bình, phone=0981319648, imageUrl=http://res.cloudinary.com/dnwzqsthm/image/upload/9d906d11-d247-486b-a634-f6ef5a83cea5-anh-test.jpg, imagePublicId=9d906d11-d247-486b-a634-f6ef5a83cea5-anh-test, ssoID=null, gender=null, ssoType=null, active=true, refreshToken=null, orders=[], role=null, cart=null, reviews=[], createdAt=2025-08-20T16:41:26.624454Z, updatedAt=null)
2025-10-01 16:12:37 INFO  [http-nio-8888-exec-5] c.D.B.service.impl.AuthorServiceImpl - Hiển thị danh sách tác giả phân trang thành công!
2025-10-01 16:12:37 INFO  [http-nio-8888-exec-9] c.D.B.service.impl.AuthorServiceImpl - Hiển thị danh sách tác giả phân trang thành công!
2025-10-01 16:12:38 INFO  [http-nio-8888-exec-7] c.D.B.service.impl.AuthorServiceImpl - Hiển thị danh sách tác giả phân trang thành công!
2025-10-01 16:12:52 INFO  [http-nio-8888-exec-3] c.D.B.service.impl.AuthorServiceImpl - Hiển thị danh sách tác giả phân trang thành công!
2025-10-01 16:12:52 INFO  [http-nio-8888-exec-10] c.D.B.service.impl.AuthorServiceImpl - Hiển thị danh sách tác giả phân trang thành công!
2025-10-01 16:12:52 INFO  [http-nio-8888-exec-4] c.D.B.service.impl.AuthorServiceImpl - Hiển thị danh sách tác giả phân trang thành công!
2025-10-01 16:25:33 INFO  [http-nio-8888-exec-8] c.D.B.service.impl.AuthorServiceImpl - Hiển thị danh sách tác giả phân trang thành công!
2025-10-01 16:25:33 INFO  [http-nio-8888-exec-1] c.D.B.service.impl.AuthorServiceImpl - Hiển thị danh sách tác giả phân trang thành công!
2025-10-01 16:25:34 INFO  [http-nio-8888-exec-2] c.D.B.service.impl.AuthorServiceImpl - Hiển thị danh sách tác giả phân trang thành công!
2025-10-01 16:27:18 INFO  [http-nio-8888-exec-4] c.D.B.service.impl.UserServiceImpl - Hiển thị danh sách người dùng phân trang thành công!
2025-10-01 16:27:18 INFO  [http-nio-8888-exec-6] c.D.B.service.impl.UserServiceImpl - Hiển thị danh sách người dùng phân trang thành công!
2025-10-01 16:27:19 INFO  [http-nio-8888-exec-5] c.D.B.service.impl.UserServiceImpl - Hiển thị danh sách người dùng phân trang thành công!
2025-10-01 16:27:21 INFO  [http-nio-8888-exec-9] c.D.B.service.impl.AuthorServiceImpl - Hiển thị danh sách tác giả phân trang thành công!
2025-10-01 16:27:21 INFO  [http-nio-8888-exec-7] c.D.B.service.impl.AuthorServiceImpl - Hiển thị danh sách tác giả phân trang thành công!
2025-10-01 16:27:22 INFO  [http-nio-8888-exec-8] c.D.B.service.impl.AuthorServiceImpl - Hiển thị danh sách tác giả phân trang thành công!
2025-10-01 16:27:26 INFO  [http-nio-8888-exec-1] c.D.B.s.impl.CategoryServiceImpl - Hiển thị danh sách danh mục phân trang thành công!
2025-10-01 16:27:26 INFO  [http-nio-8888-exec-2] c.D.B.s.impl.CategoryServiceImpl - Hiển thị danh sách danh mục phân trang thành công!
2025-10-01 16:27:33 INFO  [http-nio-8888-exec-3] c.D.B.service.impl.UserServiceImpl - Hiển thị danh sách người dùng phân trang thành công!
2025-10-01 16:27:33 INFO  [http-nio-8888-exec-10] c.D.B.service.impl.UserServiceImpl - Hiển thị danh sách người dùng phân trang thành công!
2025-10-01 16:27:33 INFO  [http-nio-8888-exec-4] c.D.B.service.impl.UserServiceImpl - Hiển thị danh sách người dùng phân trang thành công!
2025-10-01 16:27:34 INFO  [http-nio-8888-exec-6] c.D.B.service.impl.UserServiceImpl - Thông tin người dùng với ID User(id=2, name=Người dùng 1, email=user1@gmail.com, password=$2a$10$J2bepHobuhpibX7o.doQY.o5BhK4kaFfJSP1HMg9QUS7kqhfWjlLq, address=Thái Bình, phone=0981319648, imageUrl=http://res.cloudinary.com/dnwzqsthm/image/upload/9d906d11-d247-486b-a634-f6ef5a83cea5-anh-test.jpg, imagePublicId=9d906d11-d247-486b-a634-f6ef5a83cea5-anh-test, ssoID=null, gender=null, ssoType=null, active=true, refreshToken=null, orders=[], role=null, cart=null, reviews=[], createdAt=2025-08-20T16:41:26.624454Z, updatedAt=null)
2025-10-01 16:29:46 INFO  [http-nio-8888-exec-7] c.D.B.service.impl.AuthorServiceImpl - Hiển thị danh sách tác giả phân trang thành công!
2025-10-01 16:29:46 INFO  [http-nio-8888-exec-8] c.D.B.service.impl.AuthorServiceImpl - Hiển thị danh sách tác giả phân trang thành công!
2025-10-01 16:29:46 INFO  [http-nio-8888-exec-1] c.D.B.service.impl.AuthorServiceImpl - Hiển thị danh sách tác giả phân trang thành công!
2025-10-01 16:33:09 INFO  [http-nio-8888-exec-6] c.D.B.service.impl.FileServiceImpl - Thông tin file upload: a06ed333-f98b-400e-896d-bb51feca4bbf-testjpg
2025-10-01 16:33:12 INFO  [http-nio-8888-exec-6] c.D.B.service.impl.FileServiceImpl - Thông tin file path: a06ed333-f98b-400e-896d-bb51feca4bbf-testjpg
2025-10-01 16:33:12 INFO  [http-nio-8888-exec-6] c.D.B.service.impl.AuthorServiceImpl - Cập nhật tác giả thành công Author(id=5, name=Test tác giả mới update, description=dvsvewv, address=ABC, type=, imageUrl=http://res.cloudinary.com/dnwzqsthm/image/upload/bda19cc8-fea2-43e5-a9f1-6ec5ab8acc3e-test.jpg, imagePublicId=bda19cc8-fea2-43e5-a9f1-6ec5ab8acc3e-test, books=[], createdAt=2025-10-01T07:58:24.082674Z, updatedAt=2025-10-01T09:33:12.076301300Z)
2025-10-01 16:33:12 INFO  [http-nio-8888-exec-5] c.D.B.service.impl.AuthorServiceImpl - Hiển thị danh sách tác giả phân trang thành công!
2025-10-01 16:33:22 INFO  [http-nio-8888-exec-9] c.D.B.service.impl.AuthorServiceImpl - Cập nhật tác giả thành công Author(id=5, name=Test tác giả mới update, description=dvsvewv, address=ABC, type=, imageUrl=http://res.cloudinary.com/dnwzqsthm/image/upload/bda19cc8-fea2-43e5-a9f1-6ec5ab8acc3e-test.jpg, imagePublicId=bda19cc8-fea2-43e5-a9f1-6ec5ab8acc3e-test, books=[], createdAt=2025-10-01T07:58:24.082674Z, updatedAt=2025-10-01T09:33:12.076301Z)
2025-10-01 16:33:22 INFO  [http-nio-8888-exec-7] c.D.B.service.impl.AuthorServiceImpl - Hiển thị danh sách tác giả phân trang thành công!
2025-10-01 16:33:33 INFO  [http-nio-8888-exec-8] c.D.B.service.impl.FileServiceImpl - Đã xóa ảnh Cloudinary với publicId bda19cc8-fea2-43e5-a9f1-6ec5ab8acc3e-test - Kết quả: {result=ok}
2025-10-01 16:33:33 INFO  [http-nio-8888-exec-8] c.D.B.service.impl.FileServiceImpl - Thông tin file upload: dcc9feb8-904a-4c8a-991b-827ee4dff688-anh-testjpg
2025-10-01 16:33:35 INFO  [http-nio-8888-exec-8] c.D.B.service.impl.FileServiceImpl - Thông tin file path: dcc9feb8-904a-4c8a-991b-827ee4dff688-anh-testjpg
2025-10-01 16:33:35 INFO  [http-nio-8888-exec-8] c.D.B.service.impl.AuthorServiceImpl - Cập nhật tác giả thành công Author(id=5, name=Test tác giả mới update, description=dvsvewv, address=ABC, type=, imageUrl=http://res.cloudinary.com/dnwzqsthm/image/upload/b5fd6c21-4adf-47d3-bbfa-fcda76a5ddb2-anh-test.jpg, imagePublicId=b5fd6c21-4adf-47d3-bbfa-fcda76a5ddb2-anh-test, books=[], createdAt=2025-10-01T07:58:24.082674Z, updatedAt=2025-10-01T09:33:35.664985700Z)
2025-10-01 16:33:35 INFO  [http-nio-8888-exec-1] c.D.B.service.impl.AuthorServiceImpl - Hiển thị danh sách tác giả phân trang thành công!
2025-10-01 16:34:05 INFO  [http-nio-8888-exec-2] c.D.B.service.impl.AuthorServiceImpl - Cập nhật tác giả thành công Author(id=5, name=Test tác giả mới update, description=dvsvewv, address=ABC, type=, imageUrl=http://res.cloudinary.com/dnwzqsthm/image/upload/b5fd6c21-4adf-47d3-bbfa-fcda76a5ddb2-anh-test.jpg, imagePublicId=b5fd6c21-4adf-47d3-bbfa-fcda76a5ddb2-anh-test, books=[], createdAt=2025-10-01T07:58:24.082674Z, updatedAt=2025-10-01T09:33:35.664986Z)
2025-10-01 16:34:05 INFO  [http-nio-8888-exec-3] c.D.B.service.impl.AuthorServiceImpl - Hiển thị danh sách tác giả phân trang thành công!
2025-10-01 16:37:46 INFO  [http-nio-8888-exec-4] c.D.B.service.impl.AuthorServiceImpl - Cập nhật tác giả thành công Author(id=5, name=Test tác giả mới update, description=dvsvewv, address=ABC, type=, imageUrl=http://res.cloudinary.com/dnwzqsthm/image/upload/b5fd6c21-4adf-47d3-bbfa-fcda76a5ddb2-anh-test.jpg, imagePublicId=b5fd6c21-4adf-47d3-bbfa-fcda76a5ddb2-anh-test, books=[], createdAt=2025-10-01T07:58:24.082674Z, updatedAt=2025-10-01T09:33:35.664986Z)
2025-10-01 16:37:46 INFO  [http-nio-8888-exec-6] c.D.B.service.impl.AuthorServiceImpl - Hiển thị danh sách tác giả phân trang thành công!
2025-10-01 16:37:51 INFO  [http-nio-8888-exec-5] c.D.B.service.impl.AuthorServiceImpl - Cập nhật tác giả thành công Author(id=5, name=Test tác giả mới update, description=dvsvewv, address=ABC, type=, imageUrl=http://res.cloudinary.com/dnwzqsthm/image/upload/b5fd6c21-4adf-47d3-bbfa-fcda76a5ddb2-anh-test.jpg, imagePublicId=b5fd6c21-4adf-47d3-bbfa-fcda76a5ddb2-anh-test, books=[], createdAt=2025-10-01T07:58:24.082674Z, updatedAt=2025-10-01T09:33:35.664986Z)
2025-10-01 16:37:51 INFO  [http-nio-8888-exec-9] c.D.B.service.impl.AuthorServiceImpl - Hiển thị danh sách tác giả phân trang thành công!
2025-10-01 16:41:50 INFO  [http-nio-8888-exec-8] c.D.B.service.impl.UserServiceImpl - Hiển thị danh sách người dùng phân trang thành công!
2025-10-01 16:41:50 INFO  [http-nio-8888-exec-1] c.D.B.service.impl.UserServiceImpl - Hiển thị danh sách người dùng phân trang thành công!
2025-10-01 16:41:50 INFO  [http-nio-8888-exec-2] c.D.B.service.impl.UserServiceImpl - Hiển thị danh sách người dùng phân trang thành công!
2025-10-01 16:42:09 INFO  [http-nio-8888-exec-3] c.D.B.service.impl.UserServiceImpl - Lưu người dùng thành công!
2025-10-01 16:42:09 INFO  [http-nio-8888-exec-10] c.D.B.service.impl.UserServiceImpl - Hiển thị danh sách người dùng phân trang thành công!
2025-10-01 16:42:13 INFO  [http-nio-8888-exec-4] c.D.B.service.impl.UserServiceImpl - Hiển thị danh sách người dùng phân trang thành công!
2025-10-01 16:42:15 INFO  [http-nio-8888-exec-6] c.D.B.service.impl.UserServiceImpl - Hiển thị danh sách người dùng phân trang thành công!
2025-10-01 16:48:05 INFO  [http-nio-8888-exec-7] c.D.B.service.impl.AuthorServiceImpl - Hiển thị danh sách tác giả phân trang thành công!
2025-10-01 16:48:05 INFO  [http-nio-8888-exec-8] c.D.B.service.impl.AuthorServiceImpl - Hiển thị danh sách tác giả phân trang thành công!
2025-10-01 16:48:06 INFO  [http-nio-8888-exec-1] c.D.B.service.impl.AuthorServiceImpl - Hiển thị danh sách tác giả phân trang thành công!
2025-10-01 16:48:50 INFO  [http-nio-8888-exec-2] c.D.B.service.impl.AuthorServiceImpl - Cập nhật tác giả thành công Author(id=5, name=Test tác giả mới update, description=dvsvewv, address=ABC, type=, imageUrl=http://res.cloudinary.com/dnwzqsthm/image/upload/b5fd6c21-4adf-47d3-bbfa-fcda76a5ddb2-anh-test.jpg, imagePublicId=b5fd6c21-4adf-47d3-bbfa-fcda76a5ddb2-anh-test, books=[], createdAt=2025-10-01T07:58:24.082674Z, updatedAt=2025-10-01T09:33:35.664986Z)
2025-10-01 16:48:50 INFO  [http-nio-8888-exec-3] c.D.B.service.impl.AuthorServiceImpl - Hiển thị danh sách tác giả phân trang thành công!
2025-10-01 16:52:29 INFO  [http-nio-8888-exec-6] c.D.B.service.impl.UserServiceImpl - Hiển thị danh sách người dùng phân trang thành công!
2025-10-01 16:52:29 INFO  [http-nio-8888-exec-5] c.D.B.service.impl.UserServiceImpl - Hiển thị danh sách người dùng phân trang thành công!
2025-10-01 16:52:30 INFO  [http-nio-8888-exec-9] c.D.B.service.impl.UserServiceImpl - Hiển thị danh sách người dùng phân trang thành công!
2025-10-01 16:52:32 INFO  [http-nio-8888-exec-7] c.D.B.service.impl.UserServiceImpl - Hiển thị danh sách người dùng phân trang thành công!
2025-10-01 16:53:04 INFO  [http-nio-8888-exec-8] c.D.B.service.impl.UserServiceImpl - Lưu người dùng thành công!
2025-10-01 16:53:04 INFO  [http-nio-8888-exec-1] c.D.B.service.impl.UserServiceImpl - Hiển thị danh sách người dùng phân trang thành công!
2025-10-01 16:53:10 INFO  [http-nio-8888-exec-2] c.D.B.service.impl.UserServiceImpl - Hiển thị danh sách người dùng phân trang thành công!
2025-10-01 16:53:11 INFO  [http-nio-8888-exec-3] c.D.B.service.impl.UserServiceImpl - Hiển thị danh sách người dùng phân trang thành công!
2025-10-01 16:53:13 INFO  [http-nio-8888-exec-10] c.D.B.service.impl.UserServiceImpl - Hiển thị danh sách người dùng phân trang thành công!
2025-10-01 16:53:15 INFO  [http-nio-8888-exec-4] c.D.B.service.impl.UserServiceImpl - Hiển thị danh sách người dùng phân trang thành công!
2025-10-01 16:53:20 INFO  [http-nio-8888-exec-6] c.D.B.service.impl.AuthorServiceImpl - Hiển thị danh sách tác giả phân trang thành công!
2025-10-01 16:53:20 INFO  [http-nio-8888-exec-5] c.D.B.service.impl.AuthorServiceImpl - Hiển thị danh sách tác giả phân trang thành công!
2025-10-01 16:53:21 INFO  [http-nio-8888-exec-9] c.D.B.service.impl.AuthorServiceImpl - Hiển thị danh sách tác giả phân trang thành công!
2025-10-01 17:00:40 INFO  [SpringApplicationShutdownHook] o.s.b.w.e.tomcat.GracefulShutdown - Commencing graceful shutdown. Waiting for active requests to complete
2025-10-01 17:00:40 INFO  [tomcat-shutdown] o.s.b.w.e.tomcat.GracefulShutdown - Graceful shutdown complete
2025-10-01 17:00:40 INFO  [SpringApplicationShutdownHook] o.s.o.j.LocalContainerEntityManagerFactoryBean - Closing JPA EntityManagerFactory for persistence unit 'default'
2025-10-01 17:00:40 INFO  [SpringApplicationShutdownHook] com.zaxxer.hikari.HikariDataSource - HikariPool-1 - Shutdown initiated...
2025-10-01 17:00:40 INFO  [SpringApplicationShutdownHook] com.zaxxer.hikari.HikariDataSource - HikariPool-1 - Shutdown completed.
2025-10-01 23:47:01 INFO  [background-preinit] o.h.validator.internal.util.Version - HV000001: Hibernate Validator 8.0.2.Final
2025-10-01 23:47:01 INFO  [restartedMain] c.D.BookShop.BookShopApplication - Starting BookShopApplication using Java 22 with PID 10244 (D:\Do_An\BACK-END\BookShop\target\classes started by nguye in D:\Do_An\BACK-END\BookShop)
2025-10-01 23:47:01 DEBUG [restartedMain] c.D.BookShop.BookShopApplication - Running with Spring Boot v3.5.0, Spring v6.2.7
2025-10-01 23:47:01 INFO  [restartedMain] c.D.BookShop.BookShopApplication - No active profile set, falling back to 1 default profile: "default"
2025-10-01 23:47:02 INFO  [restartedMain] o.s.b.d.restart.ChangeableUrls - The Class-Path manifest attribute in C:\Users\nguye\.m2\repository\io\github\cdimascio\java-dotenv\5.2.2\java-dotenv-5.2.2.jar referenced one or more files that do not exist: file:/C:/Users/nguye/.m2/repository/io/github/cdimascio/java-dotenv/5.2.2/kotlin-stdlib-1.4.0.jar,file:/C:/Users/nguye/.m2/repository/io/github/cdimascio/java-dotenv/5.2.2/kotlin-stdlib-common-1.4.0.jar,file:/C:/Users/nguye/.m2/repository/io/github/cdimascio/java-dotenv/5.2.2/annotations-13.0.jar
2025-10-01 23:47:02 INFO  [restartedMain] o.s.b.d.e.DevToolsPropertyDefaultsPostProcessor - Devtools property defaults active! Set 'spring.devtools.add-properties' to 'false' to disable
2025-10-01 23:47:02 INFO  [restartedMain] o.s.b.d.e.DevToolsPropertyDefaultsPostProcessor - For additional web related logging consider setting the 'logging.level.web' property to 'DEBUG'
2025-10-01 23:47:04 INFO  [restartedMain] o.s.d.r.c.RepositoryConfigurationDelegate - Bootstrapping Spring Data JPA repositories in DEFAULT mode.
2025-10-01 23:47:04 INFO  [restartedMain] o.s.d.r.c.RepositoryConfigurationDelegate - Finished Spring Data repository scanning in 151 ms. Found 5 JPA repository interfaces.
2025-10-01 23:47:05 INFO  [restartedMain] o.s.b.w.e.tomcat.TomcatWebServer - Tomcat initialized with port 8888 (http)
2025-10-01 23:47:05 INFO  [restartedMain] o.a.coyote.http11.Http11NioProtocol - Initializing ProtocolHandler ["http-nio-8888"]
2025-10-01 23:47:05 INFO  [restartedMain] o.a.catalina.core.StandardService - Starting service [Tomcat]
2025-10-01 23:47:05 INFO  [restartedMain] o.a.catalina.core.StandardEngine - Starting Servlet engine: [Apache Tomcat/10.1.41]
2025-10-01 23:47:05 INFO  [restartedMain] o.a.c.c.C.[Tomcat].[localhost].[/] - Initializing Spring embedded WebApplicationContext
2025-10-01 23:47:05 INFO  [restartedMain] o.s.b.w.s.c.ServletWebServerApplicationContext - Root WebApplicationContext: initialization completed in 3790 ms
2025-10-01 23:47:06 INFO  [restartedMain] o.h.jpa.internal.util.LogHelper - HHH000204: Processing PersistenceUnitInfo [name: default]
2025-10-01 23:47:06 INFO  [restartedMain] org.hibernate.Version - HHH000412: Hibernate ORM core version 6.6.15.Final
2025-10-01 23:47:06 INFO  [restartedMain] o.h.c.i.RegionFactoryInitiator - HHH000026: Second-level cache disabled
2025-10-01 23:47:06 INFO  [restartedMain] o.s.o.j.p.SpringPersistenceUnitInfo - No LoadTimeWeaver setup: ignoring JPA class transformer
2025-10-01 23:47:06 INFO  [restartedMain] com.zaxxer.hikari.HikariDataSource - HikariPool-1 - Starting...
2025-10-01 23:47:07 INFO  [restartedMain] com.zaxxer.hikari.pool.HikariPool - HikariPool-1 - Added connection com.mysql.cj.jdbc.ConnectionImpl@69ddf17e
2025-10-01 23:47:07 INFO  [restartedMain] com.zaxxer.hikari.HikariDataSource - HikariPool-1 - Start completed.
2025-10-01 23:47:07 INFO  [restartedMain] o.hibernate.orm.connections.pooling - HHH10001005: Database info:
	Database JDBC URL [Connecting through datasource 'HikariDataSource (HikariPool-1)']
	Database driver: undefined/unknown
	Database version: 9.1
	Autocommit mode: undefined/unknown
	Isolation level: undefined/unknown
	Minimum pool size: undefined/unknown
	Maximum pool size: undefined/unknown
2025-10-01 23:47:08 INFO  [restartedMain] o.h.e.t.j.p.i.JtaPlatformInitiator - HHH000489: No JTA platform available (set 'hibernate.transaction.jta.platform' to enable JTA platform integration)
2025-10-01 23:47:08 INFO  [restartedMain] o.s.o.j.LocalContainerEntityManagerFactoryBean - Initialized JPA EntityManagerFactory for persistence unit 'default'
2025-10-01 23:47:09 INFO  [restartedMain] o.s.d.j.r.query.QueryEnhancerFactory - Hibernate is in classpath; If applicable, HQL parser will be used.
2025-10-01 23:47:10 WARN  [restartedMain] o.s.b.a.o.j.JpaBaseConfiguration$JpaWebConfiguration - spring.jpa.open-in-view is enabled by default. Therefore, database queries may be performed during view rendering. Explicitly configure spring.jpa.open-in-view to disable this warning
2025-10-01 23:47:10 WARN  [restartedMain] o.s.b.a.s.s.UserDetailsServiceAutoConfiguration - 

Using generated security password: ed49ae65-d907-4278-be52-441d60131462

This generated password is for development use only. Your security configuration must be updated before running your application in production.

2025-10-01 23:47:10 INFO  [restartedMain] o.s.s.c.a.a.c.InitializeUserDetailsBeanManagerConfigurer$InitializeUserDetailsManagerConfigurer - Global AuthenticationManager configured with UserDetailsService bean with name inMemoryUserDetailsManager
2025-10-01 23:47:11 INFO  [restartedMain] o.s.b.d.a.OptionalLiveReloadServer - LiveReload server is running on port 35729
2025-10-01 23:47:11 INFO  [restartedMain] o.a.coyote.http11.Http11NioProtocol - Starting ProtocolHandler ["http-nio-8888"]
2025-10-01 23:47:11 INFO  [restartedMain] o.s.b.w.e.tomcat.TomcatWebServer - Tomcat started on port 8888 (http) with context path '/'
2025-10-01 23:47:11 INFO  [restartedMain] c.D.BookShop.BookShopApplication - Started BookShopApplication in 10.422 seconds (process running for 12.636)
2025-10-01 23:47:49 INFO  [http-nio-8888-exec-1] o.a.c.c.C.[Tomcat].[localhost].[/] - Initializing Spring DispatcherServlet 'dispatcherServlet'
2025-10-01 23:47:49 INFO  [http-nio-8888-exec-1] o.s.web.servlet.DispatcherServlet - Initializing Servlet 'dispatcherServlet'
2025-10-01 23:47:49 INFO  [http-nio-8888-exec-1] o.s.web.servlet.DispatcherServlet - Completed initialization in 7 ms
2025-10-01 23:47:49 INFO  [http-nio-8888-exec-1] c.D.B.service.impl.AuthorServiceImpl - Hiển thị danh sách tác giả phân trang thành công!
2025-10-01 23:47:49 INFO  [http-nio-8888-exec-2] c.D.B.service.impl.AuthorServiceImpl - Hiển thị danh sách tác giả phân trang thành công!
2025-10-01 23:47:49 INFO  [http-nio-8888-exec-3] c.D.B.service.impl.AuthorServiceImpl - Hiển thị danh sách tác giả phân trang thành công!
2025-10-01 23:48:37 INFO  [http-nio-8888-exec-6] c.D.B.service.impl.FileServiceImpl - Thông tin file upload: bf34e98d-a05a-4aa9-8844-5619501f24f1-anh-testjpg
2025-10-01 23:48:38 INFO  [http-nio-8888-exec-5] c.D.B.service.impl.FileServiceImpl - Thông tin file upload: fe594aa1-52a9-45a8-87c6-69e165587eb6-anh-testjpg
2025-10-01 23:48:40 INFO  [http-nio-8888-exec-5] c.D.B.service.impl.FileServiceImpl - Thông tin file path: fe594aa1-52a9-45a8-87c6-69e165587eb6-anh-testjpg
2025-10-01 23:48:40 INFO  [http-nio-8888-exec-5] c.D.B.service.impl.AuthorServiceImpl - Lưu tác giả thành công với tên Test mới
2025-10-01 23:48:40 INFO  [http-nio-8888-exec-8] c.D.B.service.impl.AuthorServiceImpl - Hiển thị danh sách tác giả phân trang thành công!
2025-10-01 23:48:40 INFO  [http-nio-8888-exec-6] c.D.B.service.impl.FileServiceImpl - Thông tin file path: bf34e98d-a05a-4aa9-8844-5619501f24f1-anh-testjpg
2025-10-01 23:48:40 INFO  [http-nio-8888-exec-6] c.D.B.service.impl.AuthorServiceImpl - Lưu tác giả thành công với tên Test mới
2025-10-01 23:48:40 INFO  [http-nio-8888-exec-7] c.D.B.service.impl.AuthorServiceImpl - Hiển thị danh sách tác giả phân trang thành công!
2025-10-01 23:48:51 INFO  [http-nio-8888-exec-10] c.D.B.service.impl.AuthorServiceImpl - Cập nhật tác giả thành công Author(id=8, name=Test mới, description=Mô tả tác giả này rất vip, address=Hà Nội, type=Kịch, imageUrl=http://res.cloudinary.com/dnwzqsthm/image/upload/92fd9cdb-0039-468a-86af-619aab109475-anh-test.jpg, imagePublicId=92fd9cdb-0039-468a-86af-619aab109475-anh-test, books=[], createdAt=2025-10-01T16:48:40.529132Z, updatedAt=null)
2025-10-01 23:48:51 INFO  [http-nio-8888-exec-1] c.D.B.service.impl.AuthorServiceImpl - Hiển thị danh sách tác giả phân trang thành công!
2025-10-01 23:49:19 INFO  [http-nio-8888-exec-2] c.D.B.service.impl.AuthorServiceImpl - Lưu tác giả thành công với tên dvsd
2025-10-01 23:49:19 INFO  [http-nio-8888-exec-3] c.D.B.service.impl.AuthorServiceImpl - Hiển thị danh sách tác giả phân trang thành công!
2025-10-01 23:49:20 INFO  [http-nio-8888-exec-4] c.D.B.service.impl.AuthorServiceImpl - Hiển thị danh sách tác giả phân trang thành công!
2025-10-01 23:49:21 INFO  [http-nio-8888-exec-5] c.D.B.service.impl.AuthorServiceImpl - Hiển thị danh sách tác giả phân trang thành công!
2025-10-01 23:49:23 INFO  [http-nio-8888-exec-8] c.D.B.service.impl.AuthorServiceImpl - Hiển thị danh sách tác giả phân trang thành công!
2025-10-01 23:49:24 INFO  [http-nio-8888-exec-6] c.D.B.service.impl.AuthorServiceImpl - Hiển thị danh sách tác giả phân trang thành công!
2025-10-01 23:49:34 INFO  [http-nio-8888-exec-7] c.D.B.service.impl.AuthorServiceImpl - Hiển thị danh sách tác giả phân trang thành công!
2025-10-01 23:49:35 INFO  [http-nio-8888-exec-9] c.D.B.service.impl.AuthorServiceImpl - Hiển thị danh sách tác giả phân trang thành công!
2025-10-01 23:49:37 INFO  [http-nio-8888-exec-10] c.D.B.service.impl.AuthorServiceImpl - Hiển thị danh sách tác giả phân trang thành công!
2025-10-01 23:49:38 INFO  [http-nio-8888-exec-1] c.D.B.service.impl.AuthorServiceImpl - Hiển thị danh sách tác giả phân trang thành công!
2025-10-01 23:49:39 INFO  [http-nio-8888-exec-2] c.D.B.service.impl.AuthorServiceImpl - Hiển thị danh sách tác giả phân trang thành công!
2025-10-01 23:49:40 INFO  [http-nio-8888-exec-4] c.D.B.service.impl.AuthorServiceImpl - Hiển thị danh sách tác giả phân trang thành công!
2025-10-01 23:49:42 INFO  [http-nio-8888-exec-5] c.D.B.service.impl.UserServiceImpl - Hiển thị danh sách người dùng phân trang thành công!
2025-10-01 23:49:42 INFO  [http-nio-8888-exec-8] c.D.B.service.impl.UserServiceImpl - Hiển thị danh sách người dùng phân trang thành công!
2025-10-01 23:49:42 INFO  [http-nio-8888-exec-6] c.D.B.service.impl.UserServiceImpl - Hiển thị danh sách người dùng phân trang thành công!
2025-10-01 23:49:43 INFO  [http-nio-8888-exec-7] c.D.B.service.impl.UserServiceImpl - Hiển thị danh sách người dùng phân trang thành công!
2025-10-01 23:49:45 INFO  [http-nio-8888-exec-9] c.D.B.service.impl.UserServiceImpl - Hiển thị danh sách người dùng phân trang thành công!
2025-10-01 23:49:46 INFO  [http-nio-8888-exec-10] c.D.B.service.impl.UserServiceImpl - Hiển thị danh sách người dùng phân trang thành công!
2025-10-01 23:49:47 INFO  [http-nio-8888-exec-1] c.D.B.service.impl.UserServiceImpl - Hiển thị danh sách người dùng phân trang thành công!
2025-10-01 23:49:49 INFO  [http-nio-8888-exec-2] c.D.B.service.impl.AuthorServiceImpl - Hiển thị danh sách tác giả phân trang thành công!
2025-10-01 23:49:49 INFO  [http-nio-8888-exec-2] c.D.B.service.impl.AuthorServiceImpl - Hiển thị danh sách tác giả phân trang thành công!
2025-10-01 23:49:50 INFO  [http-nio-8888-exec-4] c.D.B.service.impl.AuthorServiceImpl - Hiển thị danh sách tác giả phân trang thành công!
2025-10-01 23:49:52 INFO  [http-nio-8888-exec-5] c.D.B.service.impl.AuthorServiceImpl - Hiển thị danh sách tác giả phân trang thành công!
2025-10-01 23:49:53 INFO  [http-nio-8888-exec-8] c.D.B.service.impl.AuthorServiceImpl - Hiển thị danh sách tác giả phân trang thành công!
2025-10-01 23:50:57 INFO  [http-nio-8888-exec-9] c.D.B.service.impl.AuthorServiceImpl - Cập nhật tác giả thành công Author(id=8, name=Test mới, description=Mô tả tác giả này rất vip, address=Hà Nội, type=Kịch, imageUrl=http://res.cloudinary.com/dnwzqsthm/image/upload/92fd9cdb-0039-468a-86af-619aab109475-anh-test.jpg, imagePublicId=92fd9cdb-0039-468a-86af-619aab109475-anh-test, books=[], createdAt=2025-10-01T16:48:40.529132Z, updatedAt=null)
2025-10-01 23:50:57 INFO  [http-nio-8888-exec-10] c.D.B.service.impl.AuthorServiceImpl - Hiển thị danh sách tác giả phân trang thành công!
2025-10-01 23:51:01 INFO  [http-nio-8888-exec-1] c.D.B.service.impl.AuthorServiceImpl - Cập nhật tác giả thành công Author(id=6, name=cdcsdc, description=csdcsdcsd, address=csdcsd, type=sdcsdc, imageUrl=null, imagePublicId=null, books=[], createdAt=2025-10-01T08:19:50.107854Z, updatedAt=null)
2025-10-01 23:51:02 INFO  [http-nio-8888-exec-3] c.D.B.service.impl.AuthorServiceImpl - Hiển thị danh sách tác giả phân trang thành công!
2025-10-01 23:51:06 INFO  [http-nio-8888-exec-2] c.D.B.service.impl.AuthorServiceImpl - Cập nhật tác giả thành công Author(id=5, name=Test tác giả mới update, description=dvsvewv, address=ABC, type=, imageUrl=http://res.cloudinary.com/dnwzqsthm/image/upload/b5fd6c21-4adf-47d3-bbfa-fcda76a5ddb2-anh-test.jpg, imagePublicId=b5fd6c21-4adf-47d3-bbfa-fcda76a5ddb2-anh-test, books=[], createdAt=2025-10-01T07:58:24.082674Z, updatedAt=2025-10-01T09:33:35.664986Z)
2025-10-01 23:51:06 INFO  [http-nio-8888-exec-4] c.D.B.service.impl.AuthorServiceImpl - Hiển thị danh sách tác giả phân trang thành công!
